****                   ADMIXTURE Version 1.3.0                  ****
****                    Copyright 2008-2015                     ****
****           David Alexander, Suyash Shringarpure,            ****
****                John  Novembre, Ken Lange                   ****
****                                                            ****
****                 Please cite our paper!                     ****
****   Information at www.genetics.ucla.edu/software/admixture  ****

Cross-validation will be performed.  Folds=5.
Random seed: 1544466602
Point estimation method: Block relaxation algorithm
Convergence acceleration algorithm: QuasiNewton, 3 secant conditions
Point estimation will terminate when objective function delta < 0.0001
Estimation of standard errors disabled; will compute point estimates only.
Size of G: 28x2289
Performing five EM steps to prime main algorithm
1 (EM) 	Elapsed: 0.002	Loglikelihood: -48803.3	(delta): 24461.7
2 (EM) 	Elapsed: 0.002	Loglikelihood: -46264.6	(delta): 2538.69
3 (EM) 	Elapsed: 0.001	Loglikelihood: -44391.1	(delta): 1873.45
4 (EM) 	Elapsed: 0.002	Loglikelihood: -42411.7	(delta): 1979.39
5 (EM) 	Elapsed: 0.001	Loglikelihood: -40337	(delta): 2074.72
Initial loglikelihood: -40337
Starting main algorithm
1 (QN/Block) 	Elapsed: 0.026	Loglikelihood: -34010.6	(delta): 6326.42
2 (QN/Block) 	Elapsed: 0.021	Loglikelihood: -33055.9	(delta): 954.683
3 (QN/Block) 	Elapsed: 0.033	Loglikelihood: -32654	(delta): 401.947
4 (QN/Block) 	Elapsed: 0.032	Loglikelihood: -32404.7	(delta): 249.301
5 (QN/Block) 	Elapsed: 0.022	Loglikelihood: -32255	(delta): 149.673
6 (QN/Block) 	Elapsed: 0.019	Loglikelihood: -32207	(delta): 47.934
7 (QN/Block) 	Elapsed: 0.021	Loglikelihood: -32197.3	(delta): 9.72159
8 (QN/Block) 	Elapsed: 0.024	Loglikelihood: -32194.5	(delta): 2.86625
9 (QN/Block) 	Elapsed: 0.025	Loglikelihood: -32194.5	(delta): 0.000936798
10 (QN/Block) 	Elapsed: 0.022	Loglikelihood: -32194.5	(delta): -7.27596e-12
11 (QN/Block) 	Elapsed: 0.02	Loglikelihood: -32194.5	(delta): 0
Summary: 
Converged in 11 iterations (0.295 sec)
Loglikelihood: -32194.456374
Fst divergences between estimated populations: 
	Pop0	
Pop0	
Pop1	0.519	
CV error (K=2): 0.97926
Writing output files.
