****                   ADMIXTURE Version 1.3.0                  ****
****                    Copyright 2008-2015                     ****
****           David Alexander, Suyash Shringarpure,            ****
****                John  Novembre, Ken Lange                   ****
****                                                            ****
****                 Please cite our paper!                     ****
****   Information at www.genetics.ucla.edu/software/admixture  ****

Cross-validation will be performed.  Folds=5.
Random seed: 1544466603
Point estimation method: Block relaxation algorithm
Convergence acceleration algorithm: QuasiNewton, 3 secant conditions
Point estimation will terminate when objective function delta < 0.0001
Estimation of standard errors disabled; will compute point estimates only.
Size of G: 28x2289
Performing five EM steps to prime main algorithm
1 (EM) 	Elapsed: 0.004	Loglikelihood: -49433.7	(delta): 19126.7
2 (EM) 	Elapsed: 0.004	Loglikelihood: -47424.2	(delta): 2009.5
3 (EM) 	Elapsed: 0.003	Loglikelihood: -46090.2	(delta): 1334
4 (EM) 	Elapsed: 0.003	Loglikelihood: -44677.7	(delta): 1412.51
5 (EM) 	Elapsed: 0.004	Loglikelihood: -42997.1	(delta): 1680.6
Initial loglikelihood: -42997.1
Starting main algorithm
1 (QN/Block) 	Elapsed: 0.026	Loglikelihood: -31553.2	(delta): 11443.9
2 (QN/Block) 	Elapsed: 0.026	Loglikelihood: -26475.5	(delta): 5077.66
3 (QN/Block) 	Elapsed: 0.031	Loglikelihood: -24550.2	(delta): 1925.35
4 (QN/Block) 	Elapsed: 0.026	Loglikelihood: -23485.6	(delta): 1064.6
5 (QN/Block) 	Elapsed: 0.029	Loglikelihood: -22962.1	(delta): 523.475
6 (QN/Block) 	Elapsed: 0.026	Loglikelihood: -22736.4	(delta): 225.701
7 (QN/Block) 	Elapsed: 0.027	Loglikelihood: -22701.2	(delta): 35.2057
8 (QN/Block) 	Elapsed: 0.027	Loglikelihood: -22692.8	(delta): 8.42286
9 (QN/Block) 	Elapsed: 0.029	Loglikelihood: -22691.1	(delta): 1.73172
10 (QN/Block) 	Elapsed: 0.029	Loglikelihood: -22689.8	(delta): 1.28763
11 (QN/Block) 	Elapsed: 0.027	Loglikelihood: -22688.7	(delta): 1.01821
12 (QN/Block) 	Elapsed: 0.028	Loglikelihood: -22688.3	(delta): 0.412834
13 (QN/Block) 	Elapsed: 0.026	Loglikelihood: -22688.3	(delta): 0.0192698
14 (QN/Block) 	Elapsed: 0.022	Loglikelihood: -22688.3	(delta): 3.45375e-07
Summary: 
Converged in 14 iterations (0.422 sec)
Loglikelihood: -22688.316362
Fst divergences between estimated populations: 
	Pop0	Pop1	
Pop0	
Pop1	0.684	
Pop2	0.567	0.572	
CV error (K=3): 0.89415
Writing output files.
