****                   ADMIXTURE Version 1.3.0                  ****
****                    Copyright 2008-2015                     ****
****           David Alexander, Suyash Shringarpure,            ****
****                John  Novembre, Ken Lange                   ****
****                                                            ****
****                 Please cite our paper!                     ****
****   Information at www.genetics.ucla.edu/software/admixture  ****

Cross-validation will be performed.  Folds=5.
Random seed: 1544466604
Point estimation method: Block relaxation algorithm
Convergence acceleration algorithm: QuasiNewton, 3 secant conditions
Point estimation will terminate when objective function delta < 0.0001
Estimation of standard errors disabled; will compute point estimates only.
Size of G: 28x2289
Performing five EM steps to prime main algorithm
1 (EM) 	Elapsed: 0.003	Loglikelihood: -49095.4	(delta): 17424.8
2 (EM) 	Elapsed: 0.004	Loglikelihood: -46221.3	(delta): 2874.03
3 (EM) 	Elapsed: 0.003	Loglikelihood: -43634.2	(delta): 2587.13
4 (EM) 	Elapsed: 0.003	Loglikelihood: -40669.3	(delta): 2964.91
5 (EM) 	Elapsed: 0.003	Loglikelihood: -37695.6	(delta): 2973.64
Initial loglikelihood: -37695.6
Starting main algorithm
1 (QN/Block) 	Elapsed: 0.026	Loglikelihood: -26152.5	(delta): 11543.1
2 (QN/Block) 	Elapsed: 0.024	Loglikelihood: -22903.5	(delta): 3249
3 (QN/Block) 	Elapsed: 0.032	Loglikelihood: -21688.8	(delta): 1214.73
4 (QN/Block) 	Elapsed: 0.029	Loglikelihood: -20961.3	(delta): 727.497
5 (QN/Block) 	Elapsed: 0.034	Loglikelihood: -20607.6	(delta): 353.681
6 (QN/Block) 	Elapsed: 0.03	Loglikelihood: -20516.1	(delta): 91.4985
7 (QN/Block) 	Elapsed: 0.031	Loglikelihood: -20503	(delta): 13.1567
8 (QN/Block) 	Elapsed: 0.037	Loglikelihood: -20501.1	(delta): 1.92868
9 (QN/Block) 	Elapsed: 0.031	Loglikelihood: -20499.7	(delta): 1.37717
10 (QN/Block) 	Elapsed: 0.031	Loglikelihood: -20499.3	(delta): 0.372495
11 (QN/Block) 	Elapsed: 0.028	Loglikelihood: -20499.2	(delta): 0.0719966
12 (QN/Block) 	Elapsed: 0.026	Loglikelihood: -20499.2	(delta): 0.000222213
13 (QN/Block) 	Elapsed: 0.028	Loglikelihood: -20499.2	(delta): 1.58749e-06
Summary: 
Converged in 13 iterations (0.427 sec)
Loglikelihood: -20499.231092
Fst divergences between estimated populations: 
	Pop0	Pop1	Pop2	
Pop0	
Pop1	0.679	
Pop2	0.668	0.627	
Pop3	0.632	0.606	0.401	
CV error (K=4): 1.01719
Writing output files.
