****                   ADMIXTURE Version 1.3.0                  ****
****                    Copyright 2008-2015                     ****
****           David Alexander, Suyash Shringarpure,            ****
****                John  Novembre, Ken Lange                   ****
****                                                            ****
****                 Please cite our paper!                     ****
****   Information at www.genetics.ucla.edu/software/admixture  ****

Cross-validation will be performed.  Folds=5.
Random seed: 1544466605
Point estimation method: Block relaxation algorithm
Convergence acceleration algorithm: QuasiNewton, 3 secant conditions
Point estimation will terminate when objective function delta < 0.0001
Estimation of standard errors disabled; will compute point estimates only.
Size of G: 28x2289
Performing five EM steps to prime main algorithm
1 (EM) 	Elapsed: 0.005	Loglikelihood: -48070	(delta): 16224.5
2 (EM) 	Elapsed: 0.005	Loglikelihood: -44725.4	(delta): 3344.64
3 (EM) 	Elapsed: 0.005	Loglikelihood: -41398.6	(delta): 3326.78
4 (EM) 	Elapsed: 0.005	Loglikelihood: -37845.9	(delta): 3552.66
5 (EM) 	Elapsed: 0.005	Loglikelihood: -34565.7	(delta): 3280.29
Initial loglikelihood: -34565.7
Starting main algorithm
1 (QN/Block) 	Elapsed: 0.038	Loglikelihood: -24622.9	(delta): 9942.73
2 (QN/Block) 	Elapsed: 0.038	Loglikelihood: -21597.9	(delta): 3024.97
3 (QN/Block) 	Elapsed: 0.037	Loglikelihood: -20054.2	(delta): 1543.71
4 (QN/Block) 	Elapsed: 0.038	Loglikelihood: -19249.8	(delta): 804.443
5 (QN/Block) 	Elapsed: 0.035	Loglikelihood: -18791.5	(delta): 458.316
6 (QN/Block) 	Elapsed: 0.032	Loglikelihood: -18620	(delta): 171.518
7 (QN/Block) 	Elapsed: 0.03	Loglikelihood: -18597.3	(delta): 22.6399
8 (QN/Block) 	Elapsed: 0.03	Loglikelihood: -18595.9	(delta): 1.40758
9 (QN/Block) 	Elapsed: 0.031	Loglikelihood: -18595.9	(delta): 0.0134421
10 (QN/Block) 	Elapsed: 0.029	Loglikelihood: -18595.9	(delta): 1.27299e-05
Summary: 
Converged in 10 iterations (0.386 sec)
Loglikelihood: -18595.894806
Fst divergences between estimated populations: 
	Pop0	Pop1	Pop2	Pop3	
Pop0	
Pop1	0.639	
Pop2	0.630	0.386	
Pop3	0.710	0.642	0.644	
Pop4	0.750	0.675	0.678	0.396	
CV error (K=5): 1.09608
Writing output files.
