****                   ADMIXTURE Version 1.3.0                  ****
****                    Copyright 2008-2015                     ****
****           David Alexander, Suyash Shringarpure,            ****
****                John  Novembre, Ken Lange                   ****
****                                                            ****
****                 Please cite our paper!                     ****
****   Information at www.genetics.ucla.edu/software/admixture  ****

Cross-validation will be performed.  Folds=5.
Random seed: 1544466809
Point estimation method: Block relaxation algorithm
Convergence acceleration algorithm: QuasiNewton, 3 secant conditions
Point estimation will terminate when objective function delta < 0.0001
Estimation of standard errors disabled; will compute point estimates only.
Size of G: 95x4161
Performing five EM steps to prime main algorithm
1 (EM) 	Elapsed: 0.012	Loglikelihood: -283095	(delta): 220771
2 (EM) 	Elapsed: 0.011	Loglikelihood: -271770	(delta): 11325.5
3 (EM) 	Elapsed: 0.014	Loglikelihood: -266881	(delta): 4888.82
4 (EM) 	Elapsed: 0.011	Loglikelihood: -262139	(delta): 4741.77
5 (EM) 	Elapsed: 0.012	Loglikelihood: -256517	(delta): 5622.19
Initial loglikelihood: -256517
Starting main algorithm
1 (QN/Block) 	Elapsed: 0.049	Loglikelihood: -209241	(delta): 47276.2
2 (QN/Block) 	Elapsed: 0.061	Loglikelihood: -199026	(delta): 10215
3 (QN/Block) 	Elapsed: 0.057	Loglikelihood: -195233	(delta): 3792.17
4 (QN/Block) 	Elapsed: 0.058	Loglikelihood: -192804	(delta): 2429.76
5 (QN/Block) 	Elapsed: 0.061	Loglikelihood: -192210	(delta): 593.714
6 (QN/Block) 	Elapsed: 0.056	Loglikelihood: -192067	(delta): 142.466
7 (QN/Block) 	Elapsed: 0.064	Loglikelihood: -192019	(delta): 48.2569
8 (QN/Block) 	Elapsed: 0.082	Loglikelihood: -192010	(delta): 9.57062
9 (QN/Block) 	Elapsed: 0.065	Loglikelihood: -192009	(delta): 0.218358
10 (QN/Block) 	Elapsed: 0.058	Loglikelihood: -192009	(delta): 0.0727165
11 (QN/Block) 	Elapsed: 0.06	Loglikelihood: -192009	(delta): 0.000849433
12 (QN/Block) 	Elapsed: 0.059	Loglikelihood: -192009	(delta): 8.80131e-05
Summary: 
Converged in 12 iterations (0.861 sec)
Loglikelihood: -192009.376662
Fst divergences between estimated populations: 
	Pop0	
Pop0	
Pop1	0.473	
CV error (K=2): 0.54630
Writing output files.
