****                   ADMIXTURE Version 1.3.0                  ****
****                    Copyright 2008-2015                     ****
****           David Alexander, Suyash Shringarpure,            ****
****                John  Novembre, Ken Lange                   ****
****                                                            ****
****                 Please cite our paper!                     ****
****   Information at www.genetics.ucla.edu/software/admixture  ****

Cross-validation will be performed.  Folds=5.
Random seed: 1544466810
Point estimation method: Block relaxation algorithm
Convergence acceleration algorithm: QuasiNewton, 3 secant conditions
Point estimation will terminate when objective function delta < 0.0001
Estimation of standard errors disabled; will compute point estimates only.
Size of G: 95x4161
Performing five EM steps to prime main algorithm
1 (EM) 	Elapsed: 0.018	Loglikelihood: -285593	(delta): 190036
2 (EM) 	Elapsed: 0.019	Loglikelihood: -274690	(delta): 10903.1
3 (EM) 	Elapsed: 0.018	Loglikelihood: -270815	(delta): 3875.01
4 (EM) 	Elapsed: 0.018	Loglikelihood: -267494	(delta): 3320.4
5 (EM) 	Elapsed: 0.017	Loglikelihood: -263444	(delta): 4050.69
Initial loglikelihood: -263444
Starting main algorithm
1 (QN/Block) 	Elapsed: 0.061	Loglikelihood: -202836	(delta): 60607.6
2 (QN/Block) 	Elapsed: 0.067	Loglikelihood: -190000	(delta): 12836.2
3 (QN/Block) 	Elapsed: 0.072	Loglikelihood: -185028	(delta): 4971.9
4 (QN/Block) 	Elapsed: 0.084	Loglikelihood: -182796	(delta): 2232.05
5 (QN/Block) 	Elapsed: 0.08	Loglikelihood: -181700	(delta): 1096.57
6 (QN/Block) 	Elapsed: 0.069	Loglikelihood: -181255	(delta): 444.379
7 (QN/Block) 	Elapsed: 0.082	Loglikelihood: -181143	(delta): 112.307
8 (QN/Block) 	Elapsed: 0.091	Loglikelihood: -181121	(delta): 21.6722
9 (QN/Block) 	Elapsed: 0.073	Loglikelihood: -181118	(delta): 3.4705
10 (QN/Block) 	Elapsed: 0.071	Loglikelihood: -181117	(delta): 0.815188
11 (QN/Block) 	Elapsed: 0.071	Loglikelihood: -181117	(delta): 0.0307127
12 (QN/Block) 	Elapsed: 0.079	Loglikelihood: -181117	(delta): 0.00509783
13 (QN/Block) 	Elapsed: 0.073	Loglikelihood: -181117	(delta): 0.000179917
14 (QN/Block) 	Elapsed: 0.07	Loglikelihood: -181117	(delta): 1.5894e-05
Summary: 
Converged in 14 iterations (1.218 sec)
Loglikelihood: -181116.862256
Fst divergences between estimated populations: 
	Pop0	Pop1	
Pop0	
Pop1	0.497	
Pop2	0.154	0.473	
CV error (K=3): 0.54041
Writing output files.
