****                   ADMIXTURE Version 1.3.0                  ****
****                    Copyright 2008-2015                     ****
****           David Alexander, Suyash Shringarpure,            ****
****                John  Novembre, Ken Lange                   ****
****                                                            ****
****                 Please cite our paper!                     ****
****   Information at www.genetics.ucla.edu/software/admixture  ****

Cross-validation will be performed.  Folds=5.
Random seed: 1544466813
Point estimation method: Block relaxation algorithm
Convergence acceleration algorithm: QuasiNewton, 3 secant conditions
Point estimation will terminate when objective function delta < 0.0001
Estimation of standard errors disabled; will compute point estimates only.
Size of G: 95x4161
Performing five EM steps to prime main algorithm
1 (EM) 	Elapsed: 0.032	Loglikelihood: -284605	(delta): 178245
2 (EM) 	Elapsed: 0.027	Loglikelihood: -273112	(delta): 11492.6
3 (EM) 	Elapsed: 0.029	Loglikelihood: -268094	(delta): 5018.37
4 (EM) 	Elapsed: 0.025	Loglikelihood: -263134	(delta): 4959.16
5 (EM) 	Elapsed: 0.027	Loglikelihood: -256839	(delta): 6295.75
Initial loglikelihood: -256839
Starting main algorithm
1 (QN/Block) 	Elapsed: 0.083	Loglikelihood: -199056	(delta): 57782.6
2 (QN/Block) 	Elapsed: 0.081	Loglikelihood: -187766	(delta): 11290.2
3 (QN/Block) 	Elapsed: 0.099	Loglikelihood: -182495	(delta): 5270.51
4 (QN/Block) 	Elapsed: 0.096	Loglikelihood: -179384	(delta): 3111.4
5 (QN/Block) 	Elapsed: 0.085	Loglikelihood: -177985	(delta): 1398.86
6 (QN/Block) 	Elapsed: 0.098	Loglikelihood: -177433	(delta): 552.408
7 (QN/Block) 	Elapsed: 0.143	Loglikelihood: -177008	(delta): 424.588
8 (QN/Block) 	Elapsed: 0.102	Loglikelihood: -176282	(delta): 726.148
9 (QN/Block) 	Elapsed: 0.105	Loglikelihood: -175672	(delta): 609.718
10 (QN/Block) 	Elapsed: 0.088	Loglikelihood: -175398	(delta): 274.151
11 (QN/Block) 	Elapsed: 0.088	Loglikelihood: -175293	(delta): 105.231
12 (QN/Block) 	Elapsed: 0.083	Loglikelihood: -175264	(delta): 28.6778
13 (QN/Block) 	Elapsed: 0.09	Loglikelihood: -175259	(delta): 5.50691
14 (QN/Block) 	Elapsed: 0.093	Loglikelihood: -175258	(delta): 0.781747
15 (QN/Block) 	Elapsed: 0.087	Loglikelihood: -175258	(delta): 0.0444228
16 (QN/Block) 	Elapsed: 0.082	Loglikelihood: -175258	(delta): 0.00817756
17 (QN/Block) 	Elapsed: 0.1	Loglikelihood: -175258	(delta): 0.00172426
18 (QN/Block) 	Elapsed: 0.086	Loglikelihood: -175258	(delta): 0.000227106
19 (QN/Block) 	Elapsed: 0.088	Loglikelihood: -175258	(delta): 3.17931e-05
Summary: 
Converged in 19 iterations (2.033 sec)
Loglikelihood: -175257.859649
Fst divergences between estimated populations: 
	Pop0	Pop1	Pop2	
Pop0	
Pop1	0.167	
Pop2	0.478	0.501	
Pop3	0.201	0.163	0.520	
CV error (K=4): 0.54974
Writing output files.
