****                   ADMIXTURE Version 1.3.0                  ****
****                    Copyright 2008-2015                     ****
****           David Alexander, Suyash Shringarpure,            ****
****                John  Novembre, Ken Lange                   ****
****                                                            ****
****                 Please cite our paper!                     ****
****   Information at www.genetics.ucla.edu/software/admixture  ****

Cross-validation will be performed.  Folds=5.
Random seed: 1544466630
Point estimation method: Block relaxation algorithm
Convergence acceleration algorithm: QuasiNewton, 3 secant conditions
Point estimation will terminate when objective function delta < 0.0001
Estimation of standard errors disabled; will compute point estimates only.
Size of G: 64x1142
Performing five EM steps to prime main algorithm
1 (EM) 	Elapsed: 0.003	Loglikelihood: -57665.1	(delta): 38591.7
2 (EM) 	Elapsed: 0.003	Loglikelihood: -55562.2	(delta): 2102.9
3 (EM) 	Elapsed: 0.004	Loglikelihood: -54924.9	(delta): 637.263
4 (EM) 	Elapsed: 0.004	Loglikelihood: -54525.6	(delta): 399.355
5 (EM) 	Elapsed: 0.003	Loglikelihood: -54245.9	(delta): 279.712
Initial loglikelihood: -54245.9
Starting main algorithm
1 (QN/Block) 	Elapsed: 0.016	Loglikelihood: -52307.5	(delta): 1938.36
2 (QN/Block) 	Elapsed: 0.016	Loglikelihood: -51529.4	(delta): 778.06
3 (QN/Block) 	Elapsed: 0.025	Loglikelihood: -51108.1	(delta): 421.367
4 (QN/Block) 	Elapsed: 0.019	Loglikelihood: -50812.5	(delta): 295.625
5 (QN/Block) 	Elapsed: 0.019	Loglikelihood: -50705.2	(delta): 107.278
6 (QN/Block) 	Elapsed: 0.02	Loglikelihood: -50657.4	(delta): 47.8122
7 (QN/Block) 	Elapsed: 0.021	Loglikelihood: -50595.5	(delta): 61.8622
8 (QN/Block) 	Elapsed: 0.021	Loglikelihood: -50563.3	(delta): 32.2089
9 (QN/Block) 	Elapsed: 0.017	Loglikelihood: -50556.1	(delta): 7.22909
10 (QN/Block) 	Elapsed: 0.021	Loglikelihood: -50554.1	(delta): 1.94786
11 (QN/Block) 	Elapsed: 0.019	Loglikelihood: -50553.6	(delta): 0.523554
12 (QN/Block) 	Elapsed: 0.02	Loglikelihood: -50553.3	(delta): 0.27306
13 (QN/Block) 	Elapsed: 0.02	Loglikelihood: -50553.2	(delta): 0.11675
14 (QN/Block) 	Elapsed: 0.023	Loglikelihood: -50553.1	(delta): 0.144048
15 (QN/Block) 	Elapsed: 0.019	Loglikelihood: -50552.9	(delta): 0.193535
16 (QN/Block) 	Elapsed: 0.019	Loglikelihood: -50552.7	(delta): 0.132322
17 (QN/Block) 	Elapsed: 0.019	Loglikelihood: -50552.7	(delta): 0.0763842
18 (QN/Block) 	Elapsed: 0.019	Loglikelihood: -50552.6	(delta): 0.0798652
19 (QN/Block) 	Elapsed: 0.018	Loglikelihood: -50552.5	(delta): 0.0976507
20 (QN/Block) 	Elapsed: 0.02	Loglikelihood: -50552.3	(delta): 0.134729
21 (QN/Block) 	Elapsed: 0.018	Loglikelihood: -50552.1	(delta): 0.20927
22 (QN/Block) 	Elapsed: 0.02	Loglikelihood: -50551.7	(delta): 0.452302
23 (QN/Block) 	Elapsed: 0.018	Loglikelihood: -50551.1	(delta): 0.60272
24 (QN/Block) 	Elapsed: 0.018	Loglikelihood: -50550.6	(delta): 0.450783
25 (QN/Block) 	Elapsed: 0.017	Loglikelihood: -50550.2	(delta): 0.435273
26 (QN/Block) 	Elapsed: 0.017	Loglikelihood: -50550	(delta): 0.214145
27 (QN/Block) 	Elapsed: 0.018	Loglikelihood: -50549.9	(delta): 0.0957334
28 (QN/Block) 	Elapsed: 0.016	Loglikelihood: -50549.8	(delta): 0.0402564
29 (QN/Block) 	Elapsed: 0.017	Loglikelihood: -50549.8	(delta): 0.00286708
30 (QN/Block) 	Elapsed: 0.02	Loglikelihood: -50549.8	(delta): 0.000238928
31 (QN/Block) 	Elapsed: 0.016	Loglikelihood: -50549.8	(delta): 1.07531e-05
Summary: 
Converged in 31 iterations (0.65 sec)
Loglikelihood: -50549.840365
Fst divergences between estimated populations: 
	Pop0	Pop1	
Pop0	
Pop1	0.124	
Pop2	0.234	0.209	
CV error (K=3): 0.71803
Writing output files.
