****                   ADMIXTURE Version 1.3.0                  ****
****                    Copyright 2008-2015                     ****
****           David Alexander, Suyash Shringarpure,            ****
****                John  Novembre, Ken Lange                   ****
****                                                            ****
****                 Please cite our paper!                     ****
****   Information at www.genetics.ucla.edu/software/admixture  ****

Cross-validation will be performed.  Folds=5.
Random seed: 1544466631
Point estimation method: Block relaxation algorithm
Convergence acceleration algorithm: QuasiNewton, 3 secant conditions
Point estimation will terminate when objective function delta < 0.0001
Estimation of standard errors disabled; will compute point estimates only.
Size of G: 64x1142
Performing five EM steps to prime main algorithm
1 (EM) 	Elapsed: 0.007	Loglikelihood: -57775.5	(delta): 36670.7
2 (EM) 	Elapsed: 0.005	Loglikelihood: -55455.9	(delta): 2319.54
3 (EM) 	Elapsed: 0.004	Loglikelihood: -54769.5	(delta): 686.45
4 (EM) 	Elapsed: 0.004	Loglikelihood: -54343.5	(delta): 425.945
5 (EM) 	Elapsed: 0.004	Loglikelihood: -54022.8	(delta): 320.747
Initial loglikelihood: -54022.8
Starting main algorithm
1 (QN/Block) 	Elapsed: 0.019	Loglikelihood: -51776.8	(delta): 2245.98
2 (QN/Block) 	Elapsed: 0.017	Loglikelihood: -50489.7	(delta): 1287.15
3 (QN/Block) 	Elapsed: 0.023	Loglikelihood: -49476.6	(delta): 1013.08
4 (QN/Block) 	Elapsed: 0.022	Loglikelihood: -48941.3	(delta): 535.249
5 (QN/Block) 	Elapsed: 0.02	Loglikelihood: -48782.8	(delta): 158.583
6 (QN/Block) 	Elapsed: 0.025	Loglikelihood: -48741.2	(delta): 41.6001
7 (QN/Block) 	Elapsed: 0.023	Loglikelihood: -48735.7	(delta): 5.45122
8 (QN/Block) 	Elapsed: 0.034	Loglikelihood: -48734.4	(delta): 1.32974
9 (QN/Block) 	Elapsed: 0.022	Loglikelihood: -48734	(delta): 0.374445
10 (QN/Block) 	Elapsed: 0.021	Loglikelihood: -48733.7	(delta): 0.28208
11 (QN/Block) 	Elapsed: 0.021	Loglikelihood: -48733.5	(delta): 0.223733
12 (QN/Block) 	Elapsed: 0.022	Loglikelihood: -48733.3	(delta): 0.147993
13 (QN/Block) 	Elapsed: 0.019	Loglikelihood: -48733.3	(delta): 0.0561875
14 (QN/Block) 	Elapsed: 0.021	Loglikelihood: -48733.3	(delta): 0.0156921
15 (QN/Block) 	Elapsed: 0.019	Loglikelihood: -48733.3	(delta): 0.00377776
16 (QN/Block) 	Elapsed: 0.02	Loglikelihood: -48733.3	(delta): 0.00171263
17 (QN/Block) 	Elapsed: 0.019	Loglikelihood: -48733.3	(delta): 0.000151935
18 (QN/Block) 	Elapsed: 0.021	Loglikelihood: -48733.3	(delta): 0.000150084
19 (QN/Block) 	Elapsed: 0.02	Loglikelihood: -48733.3	(delta): 0.000349754
20 (QN/Block) 	Elapsed: 0.021	Loglikelihood: -48733.3	(delta): 0.000165703
21 (QN/Block) 	Elapsed: 0.02	Loglikelihood: -48733.3	(delta): 3.11882e-06
Summary: 
Converged in 21 iterations (0.513 sec)
Loglikelihood: -48733.266282
Fst divergences between estimated populations: 
	Pop0	Pop1	Pop2	
Pop0	
Pop1	0.245	
Pop2	0.222	0.155	
Pop3	0.236	0.151	0.147	
CV error (K=4): 0.74739
Writing output files.
