****                   ADMIXTURE Version 1.3.0                  ****
****                    Copyright 2008-2015                     ****
****           David Alexander, Suyash Shringarpure,            ****
****                John  Novembre, Ken Lange                   ****
****                                                            ****
****                 Please cite our paper!                     ****
****   Information at www.genetics.ucla.edu/software/admixture  ****

Cross-validation will be performed.  Folds=5.
Random seed: 1544466631
Point estimation method: Block relaxation algorithm
Convergence acceleration algorithm: QuasiNewton, 3 secant conditions
Point estimation will terminate when objective function delta < 0.0001
Estimation of standard errors disabled; will compute point estimates only.
Size of G: 64x1142
Performing five EM steps to prime main algorithm
1 (EM) 	Elapsed: 0.007	Loglikelihood: -57737.6	(delta): 34835.6
2 (EM) 	Elapsed: 0.009	Loglikelihood: -55259.4	(delta): 2478.19
3 (EM) 	Elapsed: 0.006	Loglikelihood: -54415	(delta): 844.354
4 (EM) 	Elapsed: 0.006	Loglikelihood: -53866.3	(delta): 548.674
5 (EM) 	Elapsed: 0.007	Loglikelihood: -53448.3	(delta): 418.039
Initial loglikelihood: -53448.3
Starting main algorithm
1 (QN/Block) 	Elapsed: 0.024	Loglikelihood: -50220	(delta): 3228.32
2 (QN/Block) 	Elapsed: 0.023	Loglikelihood: -48824.5	(delta): 1395.44
3 (QN/Block) 	Elapsed: 0.028	Loglikelihood: -48014.7	(delta): 809.798
4 (QN/Block) 	Elapsed: 0.024	Loglikelihood: -47583.5	(delta): 431.221
5 (QN/Block) 	Elapsed: 0.025	Loglikelihood: -47458.5	(delta): 125.041
6 (QN/Block) 	Elapsed: 0.023	Loglikelihood: -47427.2	(delta): 31.2889
7 (QN/Block) 	Elapsed: 0.024	Loglikelihood: -47407.1	(delta): 20.0767
8 (QN/Block) 	Elapsed: 0.023	Loglikelihood: -47404.4	(delta): 2.67157
9 (QN/Block) 	Elapsed: 0.023	Loglikelihood: -47402.5	(delta): 1.97017
10 (QN/Block) 	Elapsed: 0.03	Loglikelihood: -47401.8	(delta): 0.687368
11 (QN/Block) 	Elapsed: 0.028	Loglikelihood: -47401.1	(delta): 0.711232
12 (QN/Block) 	Elapsed: 0.025	Loglikelihood: -47400.4	(delta): 0.614114
13 (QN/Block) 	Elapsed: 0.026	Loglikelihood: -47399.9	(delta): 0.546425
14 (QN/Block) 	Elapsed: 0.023	Loglikelihood: -47399.6	(delta): 0.268955
15 (QN/Block) 	Elapsed: 0.023	Loglikelihood: -47399.4	(delta): 0.276704
16 (QN/Block) 	Elapsed: 0.022	Loglikelihood: -47399.2	(delta): 0.201507
17 (QN/Block) 	Elapsed: 0.027	Loglikelihood: -47399.1	(delta): 0.0861584
18 (QN/Block) 	Elapsed: 0.023	Loglikelihood: -47399	(delta): 0.0234019
19 (QN/Block) 	Elapsed: 0.023	Loglikelihood: -47399	(delta): 0.00984097
20 (QN/Block) 	Elapsed: 0.023	Loglikelihood: -47399	(delta): 0.00653323
21 (QN/Block) 	Elapsed: 0.027	Loglikelihood: -47399	(delta): 0.00376319
22 (QN/Block) 	Elapsed: 0.022	Loglikelihood: -47399	(delta): 0.00120681
23 (QN/Block) 	Elapsed: 0.031	Loglikelihood: -47399	(delta): 0.000356561
24 (QN/Block) 	Elapsed: 0.022	Loglikelihood: -47399	(delta): 2.40187e-05
Summary: 
Converged in 24 iterations (0.665 sec)
Loglikelihood: -47399.023517
Fst divergences between estimated populations: 
	Pop0	Pop1	Pop2	Pop3	
Pop0	
Pop1	0.154	
Pop2	0.249	0.253	
Pop3	0.149	0.155	0.235	
Pop4	0.338	0.354	0.424	0.348	
CV error (K=5): 0.79859
Writing output files.
