****                   ADMIXTURE Version 1.3.0                  ****
****                    Copyright 2008-2015                     ****
****           David Alexander, Suyash Shringarpure,            ****
****                John  Novembre, Ken Lange                   ****
****                                                            ****
****                 Please cite our paper!                     ****
****   Information at www.genetics.ucla.edu/software/admixture  ****

Cross-validation will be performed.  Folds=5.
Random seed: 1544466634
Point estimation method: Block relaxation algorithm
Convergence acceleration algorithm: QuasiNewton, 3 secant conditions
Point estimation will terminate when objective function delta < 0.0001
Estimation of standard errors disabled; will compute point estimates only.
Size of G: 31x462
Performing five EM steps to prime main algorithm
1 (EM) 	Elapsed: 0	Loglikelihood: -10606.5	(delta): 5284.34
2 (EM) 	Elapsed: 0	Loglikelihood: -10047.3	(delta): 559.23
3 (EM) 	Elapsed: 0	Loglikelihood: -9594.09	(delta): 453.185
4 (EM) 	Elapsed: 0	Loglikelihood: -9006.02	(delta): 588.065
5 (EM) 	Elapsed: 0	Loglikelihood: -8206.72	(delta): 799.301
Initial loglikelihood: -8206.72
Starting main algorithm
1 (QN/Block) 	Elapsed: 0.004	Loglikelihood: -5338.09	(delta): 2868.63
2 (QN/Block) 	Elapsed: 0.004	Loglikelihood: -4648.95	(delta): 689.134
3 (QN/Block) 	Elapsed: 0.005	Loglikelihood: -4349.69	(delta): 299.262
4 (QN/Block) 	Elapsed: 0.006	Loglikelihood: -4180.56	(delta): 169.137
5 (QN/Block) 	Elapsed: 0.005	Loglikelihood: -4108.32	(delta): 72.2303
6 (QN/Block) 	Elapsed: 0.005	Loglikelihood: -4094.61	(delta): 13.719
7 (QN/Block) 	Elapsed: 0.005	Loglikelihood: -4089.96	(delta): 4.64972
8 (QN/Block) 	Elapsed: 0.005	Loglikelihood: -4089.78	(delta): 0.174283
9 (QN/Block) 	Elapsed: 0.005	Loglikelihood: -4089.78	(delta): 4.95358e-06
Summary: 
Converged in 9 iterations (0.055 sec)
Loglikelihood: -4089.781780
Fst divergences between estimated populations: 
	Pop0	Pop1	
Pop0	
Pop1	0.808	
Pop2	0.618	0.811	
CV error (K=3): 0.63031
Writing output files.
