****                   ADMIXTURE Version 1.3.0                  ****
****                    Copyright 2008-2015                     ****
****           David Alexander, Suyash Shringarpure,            ****
****                John  Novembre, Ken Lange                   ****
****                                                            ****
****                 Please cite our paper!                     ****
****   Information at www.genetics.ucla.edu/software/admixture  ****

Cross-validation will be performed.  Folds=5.
Random seed: 1544466635
Point estimation method: Block relaxation algorithm
Convergence acceleration algorithm: QuasiNewton, 3 secant conditions
Point estimation will terminate when objective function delta < 0.0001
Estimation of standard errors disabled; will compute point estimates only.
Size of G: 31x462
Performing five EM steps to prime main algorithm
1 (EM) 	Elapsed: 0.001	Loglikelihood: -10474.4	(delta): 4019.63
2 (EM) 	Elapsed: 0.001	Loglikelihood: -9740.02	(delta): 734.397
3 (EM) 	Elapsed: 0.001	Loglikelihood: -9051.2	(delta): 688.822
4 (EM) 	Elapsed: 0.001	Loglikelihood: -8280.25	(delta): 770.953
5 (EM) 	Elapsed: 0.001	Loglikelihood: -7507.74	(delta): 772.508
Initial loglikelihood: -7507.74
Starting main algorithm
1 (QN/Block) 	Elapsed: 0.008	Loglikelihood: -4876.55	(delta): 2631.19
2 (QN/Block) 	Elapsed: 0.007	Loglikelihood: -4246	(delta): 630.548
3 (QN/Block) 	Elapsed: 0.006	Loglikelihood: -3961.77	(delta): 284.235
4 (QN/Block) 	Elapsed: 0.007	Loglikelihood: -3777.16	(delta): 184.602
5 (QN/Block) 	Elapsed: 0.006	Loglikelihood: -3666.48	(delta): 110.681
6 (QN/Block) 	Elapsed: 0.006	Loglikelihood: -3619.97	(delta): 46.5135
7 (QN/Block) 	Elapsed: 0.008	Loglikelihood: -3597.82	(delta): 22.1483
8 (QN/Block) 	Elapsed: 0.006	Loglikelihood: -3595.48	(delta): 2.34409
9 (QN/Block) 	Elapsed: 0.006	Loglikelihood: -3595.37	(delta): 0.107851
10 (QN/Block) 	Elapsed: 0.006	Loglikelihood: -3595.37	(delta): 0.00295332
11 (QN/Block) 	Elapsed: 0.006	Loglikelihood: -3595.37	(delta): 6.73572e-05
Summary: 
Converged in 11 iterations (0.089 sec)
Loglikelihood: -3595.365634
Fst divergences between estimated populations: 
	Pop0	Pop1	Pop2	Pop3	
Pop0	
Pop1	0.687	
Pop2	0.384	0.714	
Pop3	0.857	0.832	0.879	
Pop4	0.672	0.313	0.701	0.817	
CV error (K=5): 0.62060
Writing output files.
