****                   ADMIXTURE Version 1.3.0                  ****
****                    Copyright 2008-2015                     ****
****           David Alexander, Suyash Shringarpure,            ****
****                John  Novembre, Ken Lange                   ****
****                                                            ****
****                 Please cite our paper!                     ****
****   Information at www.genetics.ucla.edu/software/admixture  ****

Cross-validation will be performed.  Folds=5.
Random seed: 43
Point estimation method: Block relaxation algorithm
Convergence acceleration algorithm: QuasiNewton, 3 secant conditions
Point estimation will terminate when objective function delta < 0.0001
Estimation of standard errors disabled; will compute point estimates only.
Size of G: 95x1675
Performing five EM steps to prime main algorithm
1 (EM) 	Elapsed: 0.004	Loglikelihood: -101121	(delta): 88380.1
2 (EM) 	Elapsed: 0.004	Loglikelihood: -97794.6	(delta): 3326.25
3 (EM) 	Elapsed: 0.005	Loglikelihood: -96879.9	(delta): 914.731
4 (EM) 	Elapsed: 0.004	Loglikelihood: -96339.1	(delta): 540.815
5 (EM) 	Elapsed: 0.004	Loglikelihood: -95920.1	(delta): 418.938
Initial loglikelihood: -95920.1
Starting main algorithm
1 (QN/Block) 	Elapsed: 0.02	Loglikelihood: -78756.6	(delta): 17163.5
2 (QN/Block) 	Elapsed: 0.023	Loglikelihood: -72213.5	(delta): 6543.06
3 (QN/Block) 	Elapsed: 0.026	Loglikelihood: -70394.4	(delta): 1819.14
4 (QN/Block) 	Elapsed: 0.029	Loglikelihood: -69353.4	(delta): 1041.03
5 (QN/Block) 	Elapsed: 0.03	Loglikelihood: -68872.2	(delta): 481.179
6 (QN/Block) 	Elapsed: 0.031	Loglikelihood: -68703.2	(delta): 168.992
7 (QN/Block) 	Elapsed: 0.025	Loglikelihood: -68649.1	(delta): 54.061
8 (QN/Block) 	Elapsed: 0.027	Loglikelihood: -68623.5	(delta): 25.6571
9 (QN/Block) 	Elapsed: 0.023	Loglikelihood: -68613.3	(delta): 10.2335
10 (QN/Block) 	Elapsed: 0.023	Loglikelihood: -68608.2	(delta): 5.01714
11 (QN/Block) 	Elapsed: 0.027	Loglikelihood: -68606.5	(delta): 1.72224
12 (QN/Block) 	Elapsed: 0.023	Loglikelihood: -68606.5	(delta): 0.00301992
13 (QN/Block) 	Elapsed: 0.022	Loglikelihood: -68606.5	(delta): 6.71645e-06
Summary: 
Converged in 13 iterations (0.387 sec)
Loglikelihood: -68606.511118
Fst divergences between estimated populations: 
	Pop0	
Pop0	
Pop1	0.573	
CV error (K=2): 0.48802
Writing output files.
