****                   ADMIXTURE Version 1.3.0                  ****
****                    Copyright 2008-2015                     ****
****           David Alexander, Suyash Shringarpure,            ****
****                John  Novembre, Ken Lange                   ****
****                                                            ****
****                 Please cite our paper!                     ****
****   Information at www.genetics.ucla.edu/software/admixture  ****

Cross-validation will be performed.  Folds=5.
Random seed: 43
Point estimation method: Block relaxation algorithm
Convergence acceleration algorithm: QuasiNewton, 3 secant conditions
Point estimation will terminate when objective function delta < 0.0001
Estimation of standard errors disabled; will compute point estimates only.
Size of G: 95x1675
Performing five EM steps to prime main algorithm
1 (EM) 	Elapsed: 0.006	Loglikelihood: -102329	(delta): 75387.8
2 (EM) 	Elapsed: 0.008	Loglikelihood: -97814.3	(delta): 4515.09
3 (EM) 	Elapsed: 0.008	Loglikelihood: -96084.8	(delta): 1729.55
4 (EM) 	Elapsed: 0.007	Loglikelihood: -94605.3	(delta): 1479.44
5 (EM) 	Elapsed: 0.007	Loglikelihood: -92879.2	(delta): 1726.13
Initial loglikelihood: -92879.2
Starting main algorithm
1 (QN/Block) 	Elapsed: 0.03	Loglikelihood: -72437.2	(delta): 20442
2 (QN/Block) 	Elapsed: 0.038	Loglikelihood: -68670	(delta): 3767.19
3 (QN/Block) 	Elapsed: 0.03	Loglikelihood: -67445.5	(delta): 1224.52
4 (QN/Block) 	Elapsed: 0.034	Loglikelihood: -66702.2	(delta): 743.311
5 (QN/Block) 	Elapsed: 0.029	Loglikelihood: -66312.7	(delta): 389.429
6 (QN/Block) 	Elapsed: 0.032	Loglikelihood: -66143.8	(delta): 168.922
7 (QN/Block) 	Elapsed: 0.029	Loglikelihood: -66088.1	(delta): 55.7198
8 (QN/Block) 	Elapsed: 0.031	Loglikelihood: -66080.1	(delta): 7.97716
9 (QN/Block) 	Elapsed: 0.032	Loglikelihood: -66076.2	(delta): 3.92543
10 (QN/Block) 	Elapsed: 0.035	Loglikelihood: -66074.4	(delta): 1.75263
11 (QN/Block) 	Elapsed: 0.032	Loglikelihood: -66073.2	(delta): 1.19205
12 (QN/Block) 	Elapsed: 0.036	Loglikelihood: -66072.9	(delta): 0.328425
13 (QN/Block) 	Elapsed: 0.035	Loglikelihood: -66072.8	(delta): 0.082867
14 (QN/Block) 	Elapsed: 0.034	Loglikelihood: -66072.7	(delta): 0.0886583
15 (QN/Block) 	Elapsed: 0.037	Loglikelihood: -66072.6	(delta): 0.098766
16 (QN/Block) 	Elapsed: 0.027	Loglikelihood: -66072.6	(delta): 0.0383324
17 (QN/Block) 	Elapsed: 0.03	Loglikelihood: -66072.6	(delta): 0.0201667
18 (QN/Block) 	Elapsed: 0.029	Loglikelihood: -66072.6	(delta): 0.00584141
19 (QN/Block) 	Elapsed: 0.031	Loglikelihood: -66072.6	(delta): 0.00333532
20 (QN/Block) 	Elapsed: 0.028	Loglikelihood: -66072.6	(delta): 0.00201069
21 (QN/Block) 	Elapsed: 0.032	Loglikelihood: -66072.6	(delta): 0.00040507
22 (QN/Block) 	Elapsed: 0.03	Loglikelihood: -66072.6	(delta): 0.000119615
23 (QN/Block) 	Elapsed: 0.033	Loglikelihood: -66072.6	(delta): 2.50705e-05
Summary: 
Converged in 23 iterations (0.829 sec)
Loglikelihood: -66072.568860
Fst divergences between estimated populations: 
	Pop0	Pop1	
Pop0	
Pop1	0.120	
Pop2	0.587	0.592	
CV error (K=3): 0.49928
Writing output files.
