****                   ADMIXTURE Version 1.3.0                  ****
****                    Copyright 2008-2015                     ****
****           David Alexander, Suyash Shringarpure,            ****
****                John  Novembre, Ken Lange                   ****
****                                                            ****
****                 Please cite our paper!                     ****
****   Information at www.genetics.ucla.edu/software/admixture  ****

Cross-validation will be performed.  Folds=5.
Random seed: 43
Point estimation method: Block relaxation algorithm
Convergence acceleration algorithm: QuasiNewton, 3 secant conditions
Point estimation will terminate when objective function delta < 0.0001
Estimation of standard errors disabled; will compute point estimates only.
Size of G: 95x1675
Performing five EM steps to prime main algorithm
1 (EM) 	Elapsed: 0.01	Loglikelihood: -102201	(delta): 69605
2 (EM) 	Elapsed: 0.009	Loglikelihood: -97511.8	(delta): 4689.63
3 (EM) 	Elapsed: 0.01	Loglikelihood: -95264.8	(delta): 2246.95
4 (EM) 	Elapsed: 0.009	Loglikelihood: -92799.4	(delta): 2465.49
5 (EM) 	Elapsed: 0.011	Loglikelihood: -89621.7	(delta): 3177.62
Initial loglikelihood: -89621.7
Starting main algorithm
1 (QN/Block) 	Elapsed: 0.03	Loglikelihood: -70324	(delta): 19297.8
2 (QN/Block) 	Elapsed: 0.031	Loglikelihood: -66787	(delta): 3536.98
3 (QN/Block) 	Elapsed: 0.035	Loglikelihood: -65574.8	(delta): 1212.22
4 (QN/Block) 	Elapsed: 0.03	Loglikelihood: -64585.3	(delta): 989.477
5 (QN/Block) 	Elapsed: 0.04	Loglikelihood: -64181	(delta): 404.299
6 (QN/Block) 	Elapsed: 0.044	Loglikelihood: -64121.1	(delta): 59.854
7 (QN/Block) 	Elapsed: 0.036	Loglikelihood: -64109.3	(delta): 11.8358
8 (QN/Block) 	Elapsed: 0.035	Loglikelihood: -64106.2	(delta): 3.07539
9 (QN/Block) 	Elapsed: 0.038	Loglikelihood: -64104.1	(delta): 2.10776
10 (QN/Block) 	Elapsed: 0.038	Loglikelihood: -64102.6	(delta): 1.50363
11 (QN/Block) 	Elapsed: 0.039	Loglikelihood: -64101.4	(delta): 1.17974
12 (QN/Block) 	Elapsed: 0.032	Loglikelihood: -64100.1	(delta): 1.37203
13 (QN/Block) 	Elapsed: 0.043	Loglikelihood: -64099.2	(delta): 0.821804
14 (QN/Block) 	Elapsed: 0.036	Loglikelihood: -64098.8	(delta): 0.461113
15 (QN/Block) 	Elapsed: 0.035	Loglikelihood: -64098.5	(delta): 0.259223
16 (QN/Block) 	Elapsed: 0.033	Loglikelihood: -64098.4	(delta): 0.135115
17 (QN/Block) 	Elapsed: 0.033	Loglikelihood: -64098.3	(delta): 0.0930145
18 (QN/Block) 	Elapsed: 0.036	Loglikelihood: -64098.3	(delta): 0.0290101
19 (QN/Block) 	Elapsed: 0.058	Loglikelihood: -64098.2	(delta): 0.0190253
20 (QN/Block) 	Elapsed: 0.034	Loglikelihood: -64098.2	(delta): 0.0177138
21 (QN/Block) 	Elapsed: 0.039	Loglikelihood: -64098.1	(delta): 0.0763178
22 (QN/Block) 	Elapsed: 0.04	Loglikelihood: -64098.1	(delta): 0.00269974
23 (QN/Block) 	Elapsed: 0.038	Loglikelihood: -64098.1	(delta): 0.00633529
24 (QN/Block) 	Elapsed: 0.035	Loglikelihood: -64098.1	(delta): 0.00207951
25 (QN/Block) 	Elapsed: 0.035	Loglikelihood: -64098.1	(delta): 0.000728117
26 (QN/Block) 	Elapsed: 0.032	Loglikelihood: -64098.1	(delta): 0.000145519
27 (QN/Block) 	Elapsed: 0.039	Loglikelihood: -64098.1	(delta): 0.000114156
28 (QN/Block) 	Elapsed: 0.039	Loglikelihood: -64098.1	(delta): 6.79161e-06
Summary: 
Converged in 28 iterations (1.153 sec)
Loglikelihood: -64098.129909
Fst divergences between estimated populations: 
	Pop0	Pop1	Pop2	
Pop0	
Pop1	0.634	
Pop2	0.590	0.197	
Pop3	0.598	0.214	0.119	
CV error (K=4): 0.51996
Writing output files.
