****                   ADMIXTURE Version 1.3.0                  ****
****                    Copyright 2008-2015                     ****
****           David Alexander, Suyash Shringarpure,            ****
****                John  Novembre, Ken Lange                   ****
****                                                            ****
****                 Please cite our paper!                     ****
****   Information at www.genetics.ucla.edu/software/admixture  ****

Cross-validation will be performed.  Folds=5.
Random seed: 43
Point estimation method: Block relaxation algorithm
Convergence acceleration algorithm: QuasiNewton, 3 secant conditions
Point estimation will terminate when objective function delta < 0.0001
Estimation of standard errors disabled; will compute point estimates only.
Size of G: 95x1675
Performing five EM steps to prime main algorithm
1 (EM) 	Elapsed: 0.012	Loglikelihood: -102018	(delta): 64881.4
2 (EM) 	Elapsed: 0.012	Loglikelihood: -97092.7	(delta): 4925.34
3 (EM) 	Elapsed: 0.011	Loglikelihood: -94681.3	(delta): 2411.38
4 (EM) 	Elapsed: 0.014	Loglikelihood: -92117.7	(delta): 2563.65
5 (EM) 	Elapsed: 0.018	Loglikelihood: -89069.5	(delta): 3048.19
Initial loglikelihood: -89069.5
Starting main algorithm
1 (QN/Block) 	Elapsed: 0.043	Loglikelihood: -67112.1	(delta): 21957.4
2 (QN/Block) 	Elapsed: 0.038	Loglikelihood: -63431.3	(delta): 3680.77
3 (QN/Block) 	Elapsed: 0.045	Loglikelihood: -61704	(delta): 1727.35
4 (QN/Block) 	Elapsed: 0.046	Loglikelihood: -60521.5	(delta): 1182.46
5 (QN/Block) 	Elapsed: 0.04	Loglikelihood: -60024.6	(delta): 496.936
6 (QN/Block) 	Elapsed: 0.047	Loglikelihood: -59854.1	(delta): 170.481
7 (QN/Block) 	Elapsed: 0.045	Loglikelihood: -59801.1	(delta): 52.9425
8 (QN/Block) 	Elapsed: 0.054	Loglikelihood: -59780	(delta): 21.1318
9 (QN/Block) 	Elapsed: 0.041	Loglikelihood: -59774.3	(delta): 5.71896
10 (QN/Block) 	Elapsed: 0.047	Loglikelihood: -59771.7	(delta): 2.57364
11 (QN/Block) 	Elapsed: 0.05	Loglikelihood: -59769	(delta): 2.66172
12 (QN/Block) 	Elapsed: 0.042	Loglikelihood: -59768.1	(delta): 0.987799
13 (QN/Block) 	Elapsed: 0.044	Loglikelihood: -59767.5	(delta): 0.565296
14 (QN/Block) 	Elapsed: 0.042	Loglikelihood: -59767.4	(delta): 0.11715
15 (QN/Block) 	Elapsed: 0.043	Loglikelihood: -59767.3	(delta): 0.0545838
16 (QN/Block) 	Elapsed: 0.038	Loglikelihood: -59767.3	(delta): 0.0597988
17 (QN/Block) 	Elapsed: 0.039	Loglikelihood: -59767.2	(delta): 0.0227032
18 (QN/Block) 	Elapsed: 0.046	Loglikelihood: -59767.2	(delta): 0.0122702
19 (QN/Block) 	Elapsed: 0.041	Loglikelihood: -59767.2	(delta): 0.00721148
20 (QN/Block) 	Elapsed: 0.042	Loglikelihood: -59767.2	(delta): 0.00586812
21 (QN/Block) 	Elapsed: 0.04	Loglikelihood: -59767.2	(delta): 0.00413232
22 (QN/Block) 	Elapsed: 0.055	Loglikelihood: -59767.2	(delta): 0.0193529
23 (QN/Block) 	Elapsed: 0.047	Loglikelihood: -59767.2	(delta): 0.00781406
24 (QN/Block) 	Elapsed: 0.046	Loglikelihood: -59767.2	(delta): 0.00240261
25 (QN/Block) 	Elapsed: 0.044	Loglikelihood: -59767.2	(delta): 0.000681735
26 (QN/Block) 	Elapsed: 0.044	Loglikelihood: -59767.2	(delta): 0.000760732
27 (QN/Block) 	Elapsed: 0.045	Loglikelihood: -59767.2	(delta): 0.000227339
28 (QN/Block) 	Elapsed: 0.041	Loglikelihood: -59767.2	(delta): 2.45242e-05
Summary: 
Converged in 28 iterations (1.379 sec)
Loglikelihood: -59767.174430
Fst divergences between estimated populations: 
	Pop0	Pop1	Pop2	Pop3	
Pop0	
Pop1	0.203	
Pop2	0.213	0.128	
Pop3	0.670	0.633	0.635	
Pop4	0.660	0.637	0.637	0.750	
CV error (K=5): 0.49622
Writing output files.
