****                   ADMIXTURE Version 1.3.0                  ****
****                    Copyright 2008-2015                     ****
****           David Alexander, Suyash Shringarpure,            ****
****                John  Novembre, Ken Lange                   ****
****                                                            ****
****                 Please cite our paper!                     ****
****   Information at www.genetics.ucla.edu/software/admixture  ****

Cross-validation will be performed.  Folds=5.
Random seed: 1544466635
Point estimation method: Block relaxation algorithm
Convergence acceleration algorithm: QuasiNewton, 3 secant conditions
Point estimation will terminate when objective function delta < 0.0001
Estimation of standard errors disabled; will compute point estimates only.
Size of G: 31x462
Performing five EM steps to prime main algorithm
1 (EM) 	Elapsed: 0	Loglikelihood: -10659.7	(delta): 6090.82
2 (EM) 	Elapsed: 0	Loglikelihood: -10121.5	(delta): 538.26
3 (EM) 	Elapsed: 0	Loglikelihood: -9704.63	(delta): 416.839
4 (EM) 	Elapsed: 0	Loglikelihood: -9146.28	(delta): 558.351
5 (EM) 	Elapsed: 0	Loglikelihood: -8415.83	(delta): 730.446
Initial loglikelihood: -8415.83
Starting main algorithm
1 (QN/Block) 	Elapsed: 0.003	Loglikelihood: -6736.9	(delta): 1678.94
2 (QN/Block) 	Elapsed: 0.003	Loglikelihood: -6468.25	(delta): 268.649
3 (QN/Block) 	Elapsed: 0.005	Loglikelihood: -6347.79	(delta): 120.463
4 (QN/Block) 	Elapsed: 0.004	Loglikelihood: -6273.88	(delta): 73.9031
5 (QN/Block) 	Elapsed: 0.004	Loglikelihood: -6241.3	(delta): 32.5863
6 (QN/Block) 	Elapsed: 0.006	Loglikelihood: -6237.63	(delta): 3.66421
7 (QN/Block) 	Elapsed: 0.004	Loglikelihood: -6237.58	(delta): 0.050875
8 (QN/Block) 	Elapsed: 0.004	Loglikelihood: -6237.56	(delta): 0.0234803
9 (QN/Block) 	Elapsed: 0.005	Loglikelihood: -6237.48	(delta): 0.0817148
10 (QN/Block) 	Elapsed: 0.005	Loglikelihood: -6237.47	(delta): 0.00791476
11 (QN/Block) 	Elapsed: 0.004	Loglikelihood: -6237.46	(delta): 0.007725
12 (QN/Block) 	Elapsed: 0.006	Loglikelihood: -6237.45	(delta): 0.00732577
13 (QN/Block) 	Elapsed: 0.005	Loglikelihood: -6237.45	(delta): 0.00693863
14 (QN/Block) 	Elapsed: 0.004	Loglikelihood: -6237.44	(delta): 0.00656424
15 (QN/Block) 	Elapsed: 0.004	Loglikelihood: -6237.43	(delta): 0.00620311
16 (QN/Block) 	Elapsed: 0.005	Loglikelihood: -6237.43	(delta): 0.00585561
17 (QN/Block) 	Elapsed: 0.004	Loglikelihood: -6237.43	(delta): 0.00145098
18 (QN/Block) 	Elapsed: 0.004	Loglikelihood: -6237.43	(delta): 9.09495e-13
Summary: 
Converged in 18 iterations (0.097 sec)
Loglikelihood: -6237.426277
Fst divergences between estimated populations: 
	Pop0	
Pop0	
Pop1	0.536	
CV error (K=2): 0.81987
Writing output files.
