****                   ADMIXTURE Version 1.3.0                  ****
****                    Copyright 2008-2015                     ****
****           David Alexander, Suyash Shringarpure,            ****
****                John  Novembre, Ken Lange                   ****
****                                                            ****
****                 Please cite our paper!                     ****
****   Information at www.genetics.ucla.edu/software/admixture  ****

Cross-validation will be performed.  Folds=5.
Random seed: 1544466635
Point estimation method: Block relaxation algorithm
Convergence acceleration algorithm: QuasiNewton, 3 secant conditions
Point estimation will terminate when objective function delta < 0.0001
Estimation of standard errors disabled; will compute point estimates only.
Size of G: 31x462
Performing five EM steps to prime main algorithm
1 (EM) 	Elapsed: 0	Loglikelihood: -10759.9	(delta): 4739.29
2 (EM) 	Elapsed: 0	Loglikelihood: -10281.2	(delta): 478.668
3 (EM) 	Elapsed: 0	Loglikelihood: -9984.46	(delta): 296.73
4 (EM) 	Elapsed: 0.001	Loglikelihood: -9614.89	(delta): 369.572
5 (EM) 	Elapsed: 0	Loglikelihood: -9128.09	(delta): 486.798
Initial loglikelihood: -9128.09
Starting main algorithm
1 (QN/Block) 	Elapsed: 0.005	Loglikelihood: -6717.65	(delta): 2410.43
2 (QN/Block) 	Elapsed: 0.004	Loglikelihood: -6273.44	(delta): 444.216
3 (QN/Block) 	Elapsed: 0.006	Loglikelihood: -6079.55	(delta): 193.888
4 (QN/Block) 	Elapsed: 0.005	Loglikelihood: -6017.59	(delta): 61.9601
5 (QN/Block) 	Elapsed: 0.006	Loglikelihood: -5996.43	(delta): 21.1594
6 (QN/Block) 	Elapsed: 0.005	Loglikelihood: -5990.5	(delta): 5.93217
7 (QN/Block) 	Elapsed: 0.006	Loglikelihood: -5989.55	(delta): 0.948126
8 (QN/Block) 	Elapsed: 0.006	Loglikelihood: -5988.99	(delta): 0.563874
9 (QN/Block) 	Elapsed: 0.007	Loglikelihood: -5988.69	(delta): 0.293563
10 (QN/Block) 	Elapsed: 0.011	Loglikelihood: -5987.38	(delta): 1.31415
11 (QN/Block) 	Elapsed: 0.008	Loglikelihood: -5985.92	(delta): 1.45691
12 (QN/Block) 	Elapsed: 0.005	Loglikelihood: -5984.94	(delta): 0.980013
13 (QN/Block) 	Elapsed: 0.005	Loglikelihood: -5983.9	(delta): 1.04351
14 (QN/Block) 	Elapsed: 0.005	Loglikelihood: -5983.67	(delta): 0.224018
15 (QN/Block) 	Elapsed: 0.006	Loglikelihood: -5983.63	(delta): 0.0448544
16 (QN/Block) 	Elapsed: 0.005	Loglikelihood: -5983.62	(delta): 0.00618534
17 (QN/Block) 	Elapsed: 0.005	Loglikelihood: -5983.62	(delta): 0.00100096
18 (QN/Block) 	Elapsed: 0.005	Loglikelihood: -5983.62	(delta): 1.85973e-06
Summary: 
Converged in 18 iterations (0.121 sec)
Loglikelihood: -5983.622390
Fst divergences between estimated populations: 
	Pop0	Pop1	
Pop0	
Pop1	0.588	
Pop2	0.544	0.352	
CV error (K=3): 0.89443
Writing output files.
