****                   ADMIXTURE Version 1.3.0                  ****
****                    Copyright 2008-2015                     ****
****           David Alexander, Suyash Shringarpure,            ****
****                John  Novembre, Ken Lange                   ****
****                                                            ****
****                 Please cite our paper!                     ****
****   Information at www.genetics.ucla.edu/software/admixture  ****

Cross-validation will be performed.  Folds=5.
Random seed: 1544466579
Point estimation method: Block relaxation algorithm
Convergence acceleration algorithm: QuasiNewton, 3 secant conditions
Point estimation will terminate when objective function delta < 0.0001
Estimation of standard errors disabled; will compute point estimates only.
Size of G: 67x2396
Performing five EM steps to prime main algorithm
1 (EM) 	Elapsed: 0.004	Loglikelihood: -137296	(delta): 91738.5
2 (EM) 	Elapsed: 0.008	Loglikelihood: -132936	(delta): 4360.37
3 (EM) 	Elapsed: 0.007	Loglikelihood: -131613	(delta): 1322.8
4 (EM) 	Elapsed: 0.005	Loglikelihood: -130967	(delta): 646.223
5 (EM) 	Elapsed: 0.004	Loglikelihood: -130604	(delta): 362.746
Initial loglikelihood: -130604
Starting main algorithm
1 (QN/Block) 	Elapsed: 0.028	Loglikelihood: -126109	(delta): 4495.44
2 (QN/Block) 	Elapsed: 0.024	Loglikelihood: -123965	(delta): 2143.71
3 (QN/Block) 	Elapsed: 0.032	Loglikelihood: -123270	(delta): 695.234
4 (QN/Block) 	Elapsed: 0.03	Loglikelihood: -122499	(delta): 770.603
5 (QN/Block) 	Elapsed: 0.03	Loglikelihood: -122305	(delta): 194.328
6 (QN/Block) 	Elapsed: 0.031	Loglikelihood: -122282	(delta): 22.6693
7 (QN/Block) 	Elapsed: 0.028	Loglikelihood: -122282	(delta): 0.459542
8 (QN/Block) 	Elapsed: 0.036	Loglikelihood: -122282	(delta): 0.0811403
9 (QN/Block) 	Elapsed: 0.026	Loglikelihood: -122282	(delta): 0.0327091
10 (QN/Block) 	Elapsed: 0.03	Loglikelihood: -122282	(delta): 0.00185653
11 (QN/Block) 	Elapsed: 0.029	Loglikelihood: -122282	(delta): 0.00154872
12 (QN/Block) 	Elapsed: 0.031	Loglikelihood: -122282	(delta): 0.000174562
13 (QN/Block) 	Elapsed: 0.028	Loglikelihood: -122282	(delta): 2.17953e-05
Summary: 
Converged in 13 iterations (0.451 sec)
Loglikelihood: -122281.587337
Fst divergences between estimated populations: 
	Pop0	
Pop0	
Pop1	0.163	
CV error (K=2): 0.74748
Writing output files.
