****                   ADMIXTURE Version 1.3.0                  ****
****                    Copyright 2008-2015                     ****
****           David Alexander, Suyash Shringarpure,            ****
****                John  Novembre, Ken Lange                   ****
****                                                            ****
****                 Please cite our paper!                     ****
****   Information at www.genetics.ucla.edu/software/admixture  ****

Cross-validation will be performed.  Folds=5.
Random seed: 1544466580
Point estimation method: Block relaxation algorithm
Convergence acceleration algorithm: QuasiNewton, 3 secant conditions
Point estimation will terminate when objective function delta < 0.0001
Estimation of standard errors disabled; will compute point estimates only.
Size of G: 67x2396
Performing five EM steps to prime main algorithm
1 (EM) 	Elapsed: 0.009	Loglikelihood: -137938	(delta): 73731.5
2 (EM) 	Elapsed: 0.007	Loglikelihood: -133387	(delta): 4551.13
3 (EM) 	Elapsed: 0.008	Loglikelihood: -131667	(delta): 1720.13
4 (EM) 	Elapsed: 0.012	Loglikelihood: -130607	(delta): 1060.06
5 (EM) 	Elapsed: 0.008	Loglikelihood: -129850	(delta): 757.531
Initial loglikelihood: -129850
Starting main algorithm
1 (QN/Block) 	Elapsed: 0.033	Loglikelihood: -122816	(delta): 7033.44
2 (QN/Block) 	Elapsed: 0.031	Loglikelihood: -119510	(delta): 3305.86
3 (QN/Block) 	Elapsed: 0.036	Loglikelihood: -118188	(delta): 1322
4 (QN/Block) 	Elapsed: 0.036	Loglikelihood: -117703	(delta): 485.352
5 (QN/Block) 	Elapsed: 0.04	Loglikelihood: -117480	(delta): 222.89
6 (QN/Block) 	Elapsed: 0.036	Loglikelihood: -117430	(delta): 49.768
7 (QN/Block) 	Elapsed: 0.038	Loglikelihood: -117399	(delta): 31.1915
8 (QN/Block) 	Elapsed: 0.037	Loglikelihood: -117344	(delta): 55.3632
9 (QN/Block) 	Elapsed: 0.038	Loglikelihood: -117144	(delta): 199.32
10 (QN/Block) 	Elapsed: 0.035	Loglikelihood: -116894	(delta): 250.818
11 (QN/Block) 	Elapsed: 0.036	Loglikelihood: -116820	(delta): 73.4495
12 (QN/Block) 	Elapsed: 0.035	Loglikelihood: -116797	(delta): 22.8398
13 (QN/Block) 	Elapsed: 0.039	Loglikelihood: -116793	(delta): 3.97805
14 (QN/Block) 	Elapsed: 0.037	Loglikelihood: -116793	(delta): 0.635361
15 (QN/Block) 	Elapsed: 0.039	Loglikelihood: -116793	(delta): 0.128247
16 (QN/Block) 	Elapsed: 0.036	Loglikelihood: -116793	(delta): 0.0550234
17 (QN/Block) 	Elapsed: 0.036	Loglikelihood: -116793	(delta): 0.0286001
18 (QN/Block) 	Elapsed: 0.043	Loglikelihood: -116793	(delta): 0.0219052
19 (QN/Block) 	Elapsed: 0.036	Loglikelihood: -116792	(delta): 0.0228816
20 (QN/Block) 	Elapsed: 0.036	Loglikelihood: -116792	(delta): 0.0113686
21 (QN/Block) 	Elapsed: 0.038	Loglikelihood: -116792	(delta): 0.00225602
22 (QN/Block) 	Elapsed: 0.041	Loglikelihood: -116792	(delta): 0.000869705
23 (QN/Block) 	Elapsed: 0.036	Loglikelihood: -116792	(delta): 0.000190389
24 (QN/Block) 	Elapsed: 0.041	Loglikelihood: -116792	(delta): 0.00010328
25 (QN/Block) 	Elapsed: 0.038	Loglikelihood: -116792	(delta): 2.79519e-05
Summary: 
Converged in 25 iterations (1.044 sec)
Loglikelihood: -116792.470078
Fst divergences between estimated populations: 
	Pop0	Pop1	
Pop0	
Pop1	0.170	
Pop2	0.176	0.212	
CV error (K=3): 0.76323
Writing output files.
