****                   ADMIXTURE Version 1.3.0                  ****
****                    Copyright 2008-2015                     ****
****           David Alexander, Suyash Shringarpure,            ****
****                John  Novembre, Ken Lange                   ****
****                                                            ****
****                 Please cite our paper!                     ****
****   Information at www.genetics.ucla.edu/software/admixture  ****

Cross-validation will be performed.  Folds=5.
Random seed: 1544466582
Point estimation method: Block relaxation algorithm
Convergence acceleration algorithm: QuasiNewton, 3 secant conditions
Point estimation will terminate when objective function delta < 0.0001
Estimation of standard errors disabled; will compute point estimates only.
Size of G: 67x2396
Performing five EM steps to prime main algorithm
1 (EM) 	Elapsed: 0.011	Loglikelihood: -137791	(delta): 64948.2
2 (EM) 	Elapsed: 0.011	Loglikelihood: -133215	(delta): 4576
3 (EM) 	Elapsed: 0.01	Loglikelihood: -131427	(delta): 1787.68
4 (EM) 	Elapsed: 0.011	Loglikelihood: -130212	(delta): 1214.82
5 (EM) 	Elapsed: 0.011	Loglikelihood: -129263	(delta): 948.914
Initial loglikelihood: -129263
Starting main algorithm
1 (QN/Block) 	Elapsed: 0.039	Loglikelihood: -120012	(delta): 9251.56
2 (QN/Block) 	Elapsed: 0.036	Loglikelihood: -116367	(delta): 3644.99
3 (QN/Block) 	Elapsed: 0.041	Loglikelihood: -114993	(delta): 1373.61
4 (QN/Block) 	Elapsed: 0.041	Loglikelihood: -114060	(delta): 932.831
5 (QN/Block) 	Elapsed: 0.043	Loglikelihood: -113182	(delta): 878.38
6 (QN/Block) 	Elapsed: 0.049	Loglikelihood: -112582	(delta): 599.761
7 (QN/Block) 	Elapsed: 0.048	Loglikelihood: -112317	(delta): 264.604
8 (QN/Block) 	Elapsed: 0.041	Loglikelihood: -112242	(delta): 75.4597
9 (QN/Block) 	Elapsed: 0.041	Loglikelihood: -112230	(delta): 12.1697
10 (QN/Block) 	Elapsed: 0.04	Loglikelihood: -112228	(delta): 1.55901
11 (QN/Block) 	Elapsed: 0.043	Loglikelihood: -112228	(delta): 0.264126
12 (QN/Block) 	Elapsed: 0.05	Loglikelihood: -112228	(delta): 0.0743521
13 (QN/Block) 	Elapsed: 0.042	Loglikelihood: -112228	(delta): 0.0211287
14 (QN/Block) 	Elapsed: 0.04	Loglikelihood: -112228	(delta): 0.00497665
15 (QN/Block) 	Elapsed: 0.047	Loglikelihood: -112228	(delta): 0.00123115
16 (QN/Block) 	Elapsed: 0.042	Loglikelihood: -112228	(delta): 0.00104006
17 (QN/Block) 	Elapsed: 0.04	Loglikelihood: -112228	(delta): 0.000374241
18 (QN/Block) 	Elapsed: 0.043	Loglikelihood: -112228	(delta): 1.22158e-05
Summary: 
Converged in 18 iterations (0.874 sec)
Loglikelihood: -112227.793160
Fst divergences between estimated populations: 
	Pop0	Pop1	Pop2	
Pop0	
Pop1	0.173	
Pop2	0.231	0.268	
Pop3	0.227	0.263	0.262	
CV error (K=4): 0.80029
Writing output files.
