****                   ADMIXTURE Version 1.3.0                  ****
****                    Copyright 2008-2015                     ****
****           David Alexander, Suyash Shringarpure,            ****
****                John  Novembre, Ken Lange                   ****
****                                                            ****
****                 Please cite our paper!                     ****
****   Information at www.genetics.ucla.edu/software/admixture  ****

Cross-validation will be performed.  Folds=5.
Random seed: 1544466584
Point estimation method: Block relaxation algorithm
Convergence acceleration algorithm: QuasiNewton, 3 secant conditions
Point estimation will terminate when objective function delta < 0.0001
Estimation of standard errors disabled; will compute point estimates only.
Size of G: 67x2396
Performing five EM steps to prime main algorithm
1 (EM) 	Elapsed: 0.015	Loglikelihood: -137544	(delta): 61343.2
2 (EM) 	Elapsed: 0.013	Loglikelihood: -132802	(delta): 4741.51
3 (EM) 	Elapsed: 0.013	Loglikelihood: -131000	(delta): 1801.93
4 (EM) 	Elapsed: 0.015	Loglikelihood: -129745	(delta): 1255.46
5 (EM) 	Elapsed: 0.013	Loglikelihood: -128742	(delta): 1003.34
Initial loglikelihood: -128742
Starting main algorithm
1 (QN/Block) 	Elapsed: 0.046	Loglikelihood: -117669	(delta): 11072.3
2 (QN/Block) 	Elapsed: 0.049	Loglikelihood: -113001	(delta): 4668.65
3 (QN/Block) 	Elapsed: 0.05	Loglikelihood: -110924	(delta): 2077.1
4 (QN/Block) 	Elapsed: 0.057	Loglikelihood: -110027	(delta): 896.082
5 (QN/Block) 	Elapsed: 0.059	Loglikelihood: -109787	(delta): 240.501
6 (QN/Block) 	Elapsed: 0.047	Loglikelihood: -109732	(delta): 54.5225
7 (QN/Block) 	Elapsed: 0.059	Loglikelihood: -109723	(delta): 9.53544
8 (QN/Block) 	Elapsed: 0.051	Loglikelihood: -109721	(delta): 1.7139
9 (QN/Block) 	Elapsed: 0.054	Loglikelihood: -109721	(delta): 0.462683
10 (QN/Block) 	Elapsed: 0.066	Loglikelihood: -109720	(delta): 0.381666
11 (QN/Block) 	Elapsed: 0.049	Loglikelihood: -109720	(delta): 0.252211
12 (QN/Block) 	Elapsed: 0.046	Loglikelihood: -109720	(delta): 0.455031
13 (QN/Block) 	Elapsed: 0.052	Loglikelihood: -109719	(delta): 0.378545
14 (QN/Block) 	Elapsed: 0.054	Loglikelihood: -109719	(delta): 0.410329
15 (QN/Block) 	Elapsed: 0.053	Loglikelihood: -109718	(delta): 0.914471
16 (QN/Block) 	Elapsed: 0.055	Loglikelihood: -109695	(delta): 22.9128
17 (QN/Block) 	Elapsed: 0.052	Loglikelihood: -109644	(delta): 51.334
18 (QN/Block) 	Elapsed: 0.054	Loglikelihood: -109554	(delta): 89.3714
19 (QN/Block) 	Elapsed: 0.056	Loglikelihood: -109338	(delta): 216.582
20 (QN/Block) 	Elapsed: 0.052	Loglikelihood: -109141	(delta): 196.859
21 (QN/Block) 	Elapsed: 0.054	Loglikelihood: -109061	(delta): 80.0595
22 (QN/Block) 	Elapsed: 0.047	Loglikelihood: -109049	(delta): 11.4803
23 (QN/Block) 	Elapsed: 0.059	Loglikelihood: -109048	(delta): 1.32159
24 (QN/Block) 	Elapsed: 0.047	Loglikelihood: -109048	(delta): 0.0541393
25 (QN/Block) 	Elapsed: 0.049	Loglikelihood: -109048	(delta): 0.00843095
26 (QN/Block) 	Elapsed: 0.059	Loglikelihood: -109048	(delta): 0.00378636
27 (QN/Block) 	Elapsed: 0.047	Loglikelihood: -109048	(delta): 0.00134539
28 (QN/Block) 	Elapsed: 0.046	Loglikelihood: -109048	(delta): 3.14975e-06
Summary: 
Converged in 28 iterations (1.618 sec)
Loglikelihood: -109047.925557
Fst divergences between estimated populations: 
	Pop0	Pop1	Pop2	Pop3	
Pop0	
Pop1	0.305	
Pop2	0.280	0.310	
Pop3	0.171	0.270	0.259	
Pop4	0.269	0.305	0.287	0.236	
CV error (K=5): 0.87047
Writing output files.
