****                   ADMIXTURE Version 1.3.0                  ****
****                    Copyright 2008-2015                     ****
****           David Alexander, Suyash Shringarpure,            ****
****                John  Novembre, Ken Lange                   ****
****                                                            ****
****                 Please cite our paper!                     ****
****   Information at www.genetics.ucla.edu/software/admixture  ****

Cross-validation will be performed.  Folds=5.
Random seed: 1544466633
Point estimation method: Block relaxation algorithm
Convergence acceleration algorithm: QuasiNewton, 3 secant conditions
Point estimation will terminate when objective function delta < 0.0001
Estimation of standard errors disabled; will compute point estimates only.
Size of G: 31x462
Performing five EM steps to prime main algorithm
1 (EM) 	Elapsed: 0	Loglikelihood: -10584.6	(delta): 5503.2
2 (EM) 	Elapsed: 0	Loglikelihood: -10184.4	(delta): 400.153
3 (EM) 	Elapsed: 0	Loglikelihood: -9941.45	(delta): 242.953
4 (EM) 	Elapsed: 0	Loglikelihood: -9648.51	(delta): 292.936
5 (EM) 	Elapsed: 0	Loglikelihood: -9253.43	(delta): 395.088
Initial loglikelihood: -9253.43
Starting main algorithm
1 (QN/Block) 	Elapsed: 0.004	Loglikelihood: -6744.81	(delta): 2508.61
2 (QN/Block) 	Elapsed: 0.004	Loglikelihood: -6500.84	(delta): 243.975
3 (QN/Block) 	Elapsed: 0.004	Loglikelihood: -6397.03	(delta): 103.814
4 (QN/Block) 	Elapsed: 0.004	Loglikelihood: -6348.06	(delta): 48.9673
5 (QN/Block) 	Elapsed: 0.004	Loglikelihood: -6330.25	(delta): 17.8059
6 (QN/Block) 	Elapsed: 0.004	Loglikelihood: -6320.69	(delta): 9.56651
7 (QN/Block) 	Elapsed: 0.004	Loglikelihood: -6315.03	(delta): 5.65293
8 (QN/Block) 	Elapsed: 0.004	Loglikelihood: -6314.59	(delta): 0.440028
9 (QN/Block) 	Elapsed: 0.003	Loglikelihood: -6314.51	(delta): 0.0873532
10 (QN/Block) 	Elapsed: 0.003	Loglikelihood: -6314.17	(delta): 0.331091
11 (QN/Block) 	Elapsed: 0.004	Loglikelihood: -6314.17	(delta): 0.0069998
12 (QN/Block) 	Elapsed: 0.004	Loglikelihood: -6314.17	(delta): 0.000189917
13 (QN/Block) 	Elapsed: 0.007	Loglikelihood: -6314.17	(delta): 1.87898e-05
Summary: 
Converged in 13 iterations (0.064 sec)
Loglikelihood: -6314.166745
Fst divergences between estimated populations: 
	Pop0	
Pop0	
Pop1	0.554	
CV error (K=2): 0.87924
Writing output files.
