****                   ADMIXTURE Version 1.3.0                  ****
****                    Copyright 2008-2015                     ****
****           David Alexander, Suyash Shringarpure,            ****
****                John  Novembre, Ken Lange                   ****
****                                                            ****
****                 Please cite our paper!                     ****
****   Information at www.genetics.ucla.edu/software/admixture  ****

Cross-validation will be performed.  Folds=5.
Random seed: 1544466634
Point estimation method: Block relaxation algorithm
Convergence acceleration algorithm: QuasiNewton, 3 secant conditions
Point estimation will terminate when objective function delta < 0.0001
Estimation of standard errors disabled; will compute point estimates only.
Size of G: 31x462
Performing five EM steps to prime main algorithm
1 (EM) 	Elapsed: 0.001	Loglikelihood: -10617.8	(delta): 4667.58
2 (EM) 	Elapsed: 0.001	Loglikelihood: -10052.1	(delta): 565.693
3 (EM) 	Elapsed: 0.001	Loglikelihood: -9577.76	(delta): 474.353
4 (EM) 	Elapsed: 0.001	Loglikelihood: -8989.28	(delta): 588.485
5 (EM) 	Elapsed: 0.001	Loglikelihood: -8335.13	(delta): 654.151
Initial loglikelihood: -8335.13
Starting main algorithm
1 (QN/Block) 	Elapsed: 0.006	Loglikelihood: -5090.74	(delta): 3244.39
2 (QN/Block) 	Elapsed: 0.005	Loglikelihood: -4492.52	(delta): 598.217
3 (QN/Block) 	Elapsed: 0.005	Loglikelihood: -4188.84	(delta): 303.678
4 (QN/Block) 	Elapsed: 0.005	Loglikelihood: -3997.95	(delta): 190.892
5 (QN/Block) 	Elapsed: 0.006	Loglikelihood: -3906.82	(delta): 91.1297
6 (QN/Block) 	Elapsed: 0.005	Loglikelihood: -3877.1	(delta): 29.7202
7 (QN/Block) 	Elapsed: 0.005	Loglikelihood: -3870.22	(delta): 6.88297
8 (QN/Block) 	Elapsed: 0.005	Loglikelihood: -3869.35	(delta): 0.866017
9 (QN/Block) 	Elapsed: 0.007	Loglikelihood: -3869.06	(delta): 0.297138
10 (QN/Block) 	Elapsed: 0.006	Loglikelihood: -3869.05	(delta): 0.00752053
11 (QN/Block) 	Elapsed: 0.005	Loglikelihood: -3869.04	(delta): 0.00327233
12 (QN/Block) 	Elapsed: 0.005	Loglikelihood: -3869.04	(delta): 0.00397367
13 (QN/Block) 	Elapsed: 0.005	Loglikelihood: -3869.04	(delta): 0.00502016
14 (QN/Block) 	Elapsed: 0.005	Loglikelihood: -3869.03	(delta): 0.00617505
15 (QN/Block) 	Elapsed: 0.006	Loglikelihood: -3869.02	(delta): 0.00507571
16 (QN/Block) 	Elapsed: 0.006	Loglikelihood: -3869.02	(delta): 0.000642837
17 (QN/Block) 	Elapsed: 0.005	Loglikelihood: -3869.02	(delta): 0.00011831
18 (QN/Block) 	Elapsed: 0.005	Loglikelihood: -3869.02	(delta): 4.11741e-06
Summary: 
Converged in 18 iterations (0.118 sec)
Loglikelihood: -3869.023896
Fst divergences between estimated populations: 
	Pop0	Pop1	Pop2	
Pop0	
Pop1	0.841	
Pop2	0.669	0.832	
Pop3	0.656	0.819	0.334	
CV error (K=4): 0.68316
Writing output files.
