****                   ADMIXTURE Version 1.3.0                  ****
****                    Copyright 2008-2015                     ****
****           David Alexander, Suyash Shringarpure,            ****
****                John  Novembre, Ken Lange                   ****
****                                                            ****
****                 Please cite our paper!                     ****
****   Information at www.genetics.ucla.edu/software/admixture  ****

Cross-validation will be performed.  Folds=5.
Random seed: 1544466634
Point estimation method: Block relaxation algorithm
Convergence acceleration algorithm: QuasiNewton, 3 secant conditions
Point estimation will terminate when objective function delta < 0.0001
Estimation of standard errors disabled; will compute point estimates only.
Size of G: 31x462
Performing five EM steps to prime main algorithm
1 (EM) 	Elapsed: 0.001	Loglikelihood: -10338.3	(delta): 4821.91
2 (EM) 	Elapsed: 0.001	Loglikelihood: -9455.43	(delta): 882.842
3 (EM) 	Elapsed: 0.001	Loglikelihood: -8623.05	(delta): 832.373
4 (EM) 	Elapsed: 0.001	Loglikelihood: -7670.04	(delta): 953.009
5 (EM) 	Elapsed: 0.001	Loglikelihood: -6713.21	(delta): 956.833
Initial loglikelihood: -6713.21
Starting main algorithm
1 (QN/Block) 	Elapsed: 0.007	Loglikelihood: -4480.12	(delta): 2233.09
2 (QN/Block) 	Elapsed: 0.007	Loglikelihood: -4092.88	(delta): 387.245
3 (QN/Block) 	Elapsed: 0.007	Loglikelihood: -3839.04	(delta): 253.838
4 (QN/Block) 	Elapsed: 0.006	Loglikelihood: -3703.16	(delta): 135.877
5 (QN/Block) 	Elapsed: 0.006	Loglikelihood: -3652.11	(delta): 51.0532
6 (QN/Block) 	Elapsed: 0.006	Loglikelihood: -3631.24	(delta): 20.866
7 (QN/Block) 	Elapsed: 0.007	Loglikelihood: -3625.58	(delta): 5.66154
8 (QN/Block) 	Elapsed: 0.007	Loglikelihood: -3623.19	(delta): 2.3963
9 (QN/Block) 	Elapsed: 0.006	Loglikelihood: -3621.79	(delta): 1.39552
10 (QN/Block) 	Elapsed: 0.006	Loglikelihood: -3619.11	(delta): 2.68277
11 (QN/Block) 	Elapsed: 0.007	Loglikelihood: -3617.96	(delta): 1.14654
12 (QN/Block) 	Elapsed: 0.006	Loglikelihood: -3617.35	(delta): 0.609393
13 (QN/Block) 	Elapsed: 0.006	Loglikelihood: -3617.31	(delta): 0.0383909
14 (QN/Block) 	Elapsed: 0.007	Loglikelihood: -3617.31	(delta): 0.00494056
15 (QN/Block) 	Elapsed: 0.006	Loglikelihood: -3617.31	(delta): 3.2686e-05
Summary: 
Converged in 15 iterations (0.117 sec)
Loglikelihood: -3617.308614
Fst divergences between estimated populations: 
	Pop0	Pop1	Pop2	Pop3	
Pop0	
Pop1	0.658	
Pop2	0.853	0.811	
Pop3	0.335	0.669	0.867	
Pop4	0.675	0.234	0.827	0.699	
CV error (K=5): 0.70654
Writing output files.
