****                   ADMIXTURE Version 1.3.0                  ****
****                    Copyright 2008-2015                     ****
****           David Alexander, Suyash Shringarpure,            ****
****                John  Novembre, Ken Lange                   ****
****                                                            ****
****                 Please cite our paper!                     ****
****   Information at www.genetics.ucla.edu/software/admixture  ****

Cross-validation will be performed.  Folds=5.
Random seed: 1544466573
Point estimation method: Block relaxation algorithm
Convergence acceleration algorithm: QuasiNewton, 3 secant conditions
Point estimation will terminate when objective function delta < 0.0001
Estimation of standard errors disabled; will compute point estimates only.
Size of G: 67x2396
Performing five EM steps to prime main algorithm
1 (EM) 	Elapsed: 0.005	Loglikelihood: -137334	(delta): 87309.2
2 (EM) 	Elapsed: 0.005	Loglikelihood: -133153	(delta): 4180.3
3 (EM) 	Elapsed: 0.005	Loglikelihood: -131851	(delta): 1302.34
4 (EM) 	Elapsed: 0.004	Loglikelihood: -131129	(delta): 721.891
5 (EM) 	Elapsed: 0.005	Loglikelihood: -130661	(delta): 467.818
Initial loglikelihood: -130661
Starting main algorithm
1 (QN/Block) 	Elapsed: 0.025	Loglikelihood: -125369	(delta): 5292.89
2 (QN/Block) 	Elapsed: 0.035	Loglikelihood: -123038	(delta): 2330.68
3 (QN/Block) 	Elapsed: 0.027	Loglikelihood: -122586	(delta): 451.64
4 (QN/Block) 	Elapsed: 0.032	Loglikelihood: -122349	(delta): 236.824
5 (QN/Block) 	Elapsed: 0.029	Loglikelihood: -122286	(delta): 63.1607
6 (QN/Block) 	Elapsed: 0.031	Loglikelihood: -122282	(delta): 4.07921
7 (QN/Block) 	Elapsed: 0.027	Loglikelihood: -122282	(delta): 0.399789
8 (QN/Block) 	Elapsed: 0.029	Loglikelihood: -122282	(delta): 0.0983617
9 (QN/Block) 	Elapsed: 0.028	Loglikelihood: -122282	(delta): 0.0430128
10 (QN/Block) 	Elapsed: 0.029	Loglikelihood: -122282	(delta): 0.0347816
11 (QN/Block) 	Elapsed: 0.026	Loglikelihood: -122282	(delta): 0.00458837
12 (QN/Block) 	Elapsed: 0.028	Loglikelihood: -122282	(delta): 0.000551158
13 (QN/Block) 	Elapsed: 0.033	Loglikelihood: -122282	(delta): 4.39552e-05
Summary: 
Converged in 13 iterations (0.446 sec)
Loglikelihood: -122281.587344
Fst divergences between estimated populations: 
	Pop0	
Pop0	
Pop1	0.163	
CV error (K=2): 0.74279
Writing output files.
