****                   ADMIXTURE Version 1.3.0                  ****
****                    Copyright 2008-2015                     ****
****           David Alexander, Suyash Shringarpure,            ****
****                John  Novembre, Ken Lange                   ****
****                                                            ****
****                 Please cite our paper!                     ****
****   Information at www.genetics.ucla.edu/software/admixture  ****

Cross-validation will be performed.  Folds=5.
Random seed: 1544466574
Point estimation method: Block relaxation algorithm
Convergence acceleration algorithm: QuasiNewton, 3 secant conditions
Point estimation will terminate when objective function delta < 0.0001
Estimation of standard errors disabled; will compute point estimates only.
Size of G: 67x2396
Performing five EM steps to prime main algorithm
1 (EM) 	Elapsed: 0.008	Loglikelihood: -138005	(delta): 70455.7
2 (EM) 	Elapsed: 0.007	Loglikelihood: -133557	(delta): 4447.94
3 (EM) 	Elapsed: 0.008	Loglikelihood: -132036	(delta): 1521.33
4 (EM) 	Elapsed: 0.007	Loglikelihood: -131103	(delta): 932.772
5 (EM) 	Elapsed: 0.008	Loglikelihood: -130436	(delta): 666.877
Initial loglikelihood: -130436
Starting main algorithm
1 (QN/Block) 	Elapsed: 0.031	Loglikelihood: -124963	(delta): 5472.84
2 (QN/Block) 	Elapsed: 0.032	Loglikelihood: -120222	(delta): 4740.69
3 (QN/Block) 	Elapsed: 0.042	Loglikelihood: -118234	(delta): 1988.26
4 (QN/Block) 	Elapsed: 0.048	Loglikelihood: -117354	(delta): 880.187
5 (QN/Block) 	Elapsed: 0.04	Loglikelihood: -117002	(delta): 351.484
6 (QN/Block) 	Elapsed: 0.037	Loglikelihood: -116863	(delta): 139.239
7 (QN/Block) 	Elapsed: 0.042	Loglikelihood: -116806	(delta): 56.9352
8 (QN/Block) 	Elapsed: 0.036	Loglikelihood: -116796	(delta): 10.5857
9 (QN/Block) 	Elapsed: 0.037	Loglikelihood: -116793	(delta): 2.48292
10 (QN/Block) 	Elapsed: 0.043	Loglikelihood: -116793	(delta): 0.528013
11 (QN/Block) 	Elapsed: 0.046	Loglikelihood: -116792	(delta): 0.192352
12 (QN/Block) 	Elapsed: 0.033	Loglikelihood: -116792	(delta): 0.0151962
13 (QN/Block) 	Elapsed: 0.038	Loglikelihood: -116792	(delta): 0.00113373
14 (QN/Block) 	Elapsed: 0.037	Loglikelihood: -116792	(delta): 0.00343408
15 (QN/Block) 	Elapsed: 0.044	Loglikelihood: -116792	(delta): 0.000409742
16 (QN/Block) 	Elapsed: 0.039	Loglikelihood: -116792	(delta): 0.00154327
17 (QN/Block) 	Elapsed: 0.038	Loglikelihood: -116792	(delta): 0.000733572
18 (QN/Block) 	Elapsed: 0.044	Loglikelihood: -116792	(delta): 0.000248746
19 (QN/Block) 	Elapsed: 0.036	Loglikelihood: -116792	(delta): 0.000103063
20 (QN/Block) 	Elapsed: 0.037	Loglikelihood: -116792	(delta): 5.80266e-06
Summary: 
Converged in 20 iterations (0.877 sec)
Loglikelihood: -116792.470172
Fst divergences between estimated populations: 
	Pop0	Pop1	
Pop0	
Pop1	0.170	
Pop2	0.212	0.176	
CV error (K=3): 0.76721
Writing output files.
