****                   ADMIXTURE Version 1.3.0                  ****
****                    Copyright 2008-2015                     ****
****           David Alexander, Suyash Shringarpure,            ****
****                John  Novembre, Ken Lange                   ****
****                                                            ****
****                 Please cite our paper!                     ****
****   Information at www.genetics.ucla.edu/software/admixture  ****

Cross-validation will be performed.  Folds=5.
Random seed: 1544466576
Point estimation method: Block relaxation algorithm
Convergence acceleration algorithm: QuasiNewton, 3 secant conditions
Point estimation will terminate when objective function delta < 0.0001
Estimation of standard errors disabled; will compute point estimates only.
Size of G: 67x2396
Performing five EM steps to prime main algorithm
1 (EM) 	Elapsed: 0.011	Loglikelihood: -137801	(delta): 64425.9
2 (EM) 	Elapsed: 0.01	Loglikelihood: -133302	(delta): 4498.4
3 (EM) 	Elapsed: 0.011	Loglikelihood: -131708	(delta): 1594.41
4 (EM) 	Elapsed: 0.01	Loglikelihood: -130618	(delta): 1090.27
5 (EM) 	Elapsed: 0.01	Loglikelihood: -129738	(delta): 879.375
Initial loglikelihood: -129738
Starting main algorithm
1 (QN/Block) 	Elapsed: 0.039	Loglikelihood: -120227	(delta): 9511.19
2 (QN/Block) 	Elapsed: 0.043	Loglikelihood: -116431	(delta): 3795.58
3 (QN/Block) 	Elapsed: 0.047	Loglikelihood: -114669	(delta): 1762.69
4 (QN/Block) 	Elapsed: 0.045	Loglikelihood: -113208	(delta): 1460.41
5 (QN/Block) 	Elapsed: 0.041	Loglikelihood: -112423	(delta): 785.466
6 (QN/Block) 	Elapsed: 0.044	Loglikelihood: -112271	(delta): 151.759
7 (QN/Block) 	Elapsed: 0.04	Loglikelihood: -112235	(delta): 35.6956
8 (QN/Block) 	Elapsed: 0.043	Loglikelihood: -112230	(delta): 5.93639
9 (QN/Block) 	Elapsed: 0.044	Loglikelihood: -112228	(delta): 1.46542
10 (QN/Block) 	Elapsed: 0.041	Loglikelihood: -112228	(delta): 0.187514
11 (QN/Block) 	Elapsed: 0.039	Loglikelihood: -112228	(delta): 0.0457847
12 (QN/Block) 	Elapsed: 0.039	Loglikelihood: -112228	(delta): 0.037919
13 (QN/Block) 	Elapsed: 0.042	Loglikelihood: -112228	(delta): 0.00272611
14 (QN/Block) 	Elapsed: 0.043	Loglikelihood: -112228	(delta): 0.00072294
15 (QN/Block) 	Elapsed: 0.042	Loglikelihood: -112228	(delta): 0.000381318
16 (QN/Block) 	Elapsed: 0.042	Loglikelihood: -112228	(delta): 8.01914e-05
Summary: 
Converged in 16 iterations (0.777 sec)
Loglikelihood: -112227.791037
Fst divergences between estimated populations: 
	Pop0	Pop1	Pop2	
Pop0	
Pop1	0.263	
Pop2	0.227	0.173	
Pop3	0.262	0.268	0.231	
CV error (K=4): 0.79845
Writing output files.
