****                   ADMIXTURE Version 1.3.0                  ****
****                    Copyright 2008-2015                     ****
****           David Alexander, Suyash Shringarpure,            ****
****                John  Novembre, Ken Lange                   ****
****                                                            ****
****                 Please cite our paper!                     ****
****   Information at www.genetics.ucla.edu/software/admixture  ****

Cross-validation will be performed.  Folds=5.
Random seed: 1544466577
Point estimation method: Block relaxation algorithm
Convergence acceleration algorithm: QuasiNewton, 3 secant conditions
Point estimation will terminate when objective function delta < 0.0001
Estimation of standard errors disabled; will compute point estimates only.
Size of G: 67x2396
Performing five EM steps to prime main algorithm
1 (EM) 	Elapsed: 0.015	Loglikelihood: -138069	(delta): 62205
2 (EM) 	Elapsed: 0.013	Loglikelihood: -133393	(delta): 4676.27
3 (EM) 	Elapsed: 0.013	Loglikelihood: -131708	(delta): 1684.68
4 (EM) 	Elapsed: 0.016	Loglikelihood: -130556	(delta): 1152.05
5 (EM) 	Elapsed: 0.013	Loglikelihood: -129637	(delta): 918.749
Initial loglikelihood: -129637
Starting main algorithm
1 (QN/Block) 	Elapsed: 0.056	Loglikelihood: -118770	(delta): 10866.8
2 (QN/Block) 	Elapsed: 0.046	Loglikelihood: -114009	(delta): 4761.8
3 (QN/Block) 	Elapsed: 0.047	Loglikelihood: -112080	(delta): 1929.03
4 (QN/Block) 	Elapsed: 0.054	Loglikelihood: -110716	(delta): 1363.33
5 (QN/Block) 	Elapsed: 0.051	Loglikelihood: -110070	(delta): 646.368
6 (QN/Block) 	Elapsed: 0.048	Loglikelihood: -109841	(delta): 229.198
7 (QN/Block) 	Elapsed: 0.05	Loglikelihood: -109705	(delta): 135.436
8 (QN/Block) 	Elapsed: 0.059	Loglikelihood: -109656	(delta): 48.8739
9 (QN/Block) 	Elapsed: 0.056	Loglikelihood: -109634	(delta): 22.0724
10 (QN/Block) 	Elapsed: 0.057	Loglikelihood: -109625	(delta): 9.7473
11 (QN/Block) 	Elapsed: 0.054	Loglikelihood: -109619	(delta): 5.14919
12 (QN/Block) 	Elapsed: 0.051	Loglikelihood: -109616	(delta): 3.14889
13 (QN/Block) 	Elapsed: 0.052	Loglikelihood: -109615	(delta): 1.22198
14 (QN/Block) 	Elapsed: 0.058	Loglikelihood: -109615	(delta): 0.129122
15 (QN/Block) 	Elapsed: 0.054	Loglikelihood: -109615	(delta): 0.166136
16 (QN/Block) 	Elapsed: 0.055	Loglikelihood: -109615	(delta): 0.16414
17 (QN/Block) 	Elapsed: 0.056	Loglikelihood: -109615	(delta): 0.00218594
18 (QN/Block) 	Elapsed: 0.05	Loglikelihood: -109615	(delta): 0.00195587
19 (QN/Block) 	Elapsed: 0.058	Loglikelihood: -109615	(delta): 0.00033705
20 (QN/Block) 	Elapsed: 0.051	Loglikelihood: -109615	(delta): 6.58064e-05
Summary: 
Converged in 20 iterations (1.192 sec)
Loglikelihood: -109614.518917
Fst divergences between estimated populations: 
	Pop0	Pop1	Pop2	Pop3	
Pop0	
Pop1	0.320	
Pop2	0.317	0.219	
Pop3	0.283	0.139	0.188	
Pop4	0.374	0.281	0.273	0.243	
CV error (K=5): 0.86923
Writing output files.
