****                   ADMIXTURE Version 1.3.0                  ****
****                    Copyright 2008-2015                     ****
****           David Alexander, Suyash Shringarpure,            ****
****                John  Novembre, Ken Lange                   ****
****                                                            ****
****                 Please cite our paper!                     ****
****   Information at www.genetics.ucla.edu/software/admixture  ****

Cross-validation will be performed.  Folds=5.
Random seed: 1544466839
Point estimation method: Block relaxation algorithm
Convergence acceleration algorithm: QuasiNewton, 3 secant conditions
Point estimation will terminate when objective function delta < 0.0001
Estimation of standard errors disabled; will compute point estimates only.
Size of G: 95x1675
Performing five EM steps to prime main algorithm
1 (EM) 	Elapsed: 0.007	Loglikelihood: -102010	(delta): 74693.9
2 (EM) 	Elapsed: 0.006	Loglikelihood: -97681.5	(delta): 4328.91
3 (EM) 	Elapsed: 0.006	Loglikelihood: -95864.7	(delta): 1816.8
4 (EM) 	Elapsed: 0.006	Loglikelihood: -93934.3	(delta): 1930.41
5 (EM) 	Elapsed: 0.006	Loglikelihood: -91338.8	(delta): 2595.52
Initial loglikelihood: -91338.8
Starting main algorithm
1 (QN/Block) 	Elapsed: 0.023	Loglikelihood: -70879	(delta): 20459.8
2 (QN/Block) 	Elapsed: 0.024	Loglikelihood: -68351	(delta): 2527.93
3 (QN/Block) 	Elapsed: 0.027	Loglikelihood: -67223.2	(delta): 1127.86
4 (QN/Block) 	Elapsed: 0.031	Loglikelihood: -66601.7	(delta): 621.49
5 (QN/Block) 	Elapsed: 0.039	Loglikelihood: -66299.7	(delta): 301.957
6 (QN/Block) 	Elapsed: 0.038	Loglikelihood: -66182.7	(delta): 117.039
7 (QN/Block) 	Elapsed: 0.029	Loglikelihood: -66151.9	(delta): 30.8081
8 (QN/Block) 	Elapsed: 0.029	Loglikelihood: -66145	(delta): 6.87066
9 (QN/Block) 	Elapsed: 0.033	Loglikelihood: -66140	(delta): 5.02989
10 (QN/Block) 	Elapsed: 0.031	Loglikelihood: -66136.2	(delta): 3.74702
11 (QN/Block) 	Elapsed: 0.032	Loglikelihood: -66134.4	(delta): 1.87832
12 (QN/Block) 	Elapsed: 0.029	Loglikelihood: -66133.8	(delta): 0.575347
13 (QN/Block) 	Elapsed: 0.029	Loglikelihood: -66133.6	(delta): 0.196998
14 (QN/Block) 	Elapsed: 0.029	Loglikelihood: -66133.5	(delta): 0.121548
15 (QN/Block) 	Elapsed: 0.03	Loglikelihood: -66133.4	(delta): 0.0186962
16 (QN/Block) 	Elapsed: 0.03	Loglikelihood: -66133.4	(delta): 0.00937272
17 (QN/Block) 	Elapsed: 0.029	Loglikelihood: -66133.4	(delta): 0.00507475
18 (QN/Block) 	Elapsed: 0.027	Loglikelihood: -66133.4	(delta): 0.000608225
19 (QN/Block) 	Elapsed: 0.027	Loglikelihood: -66133.4	(delta): 0.000268387
20 (QN/Block) 	Elapsed: 0.029	Loglikelihood: -66133.4	(delta): 2.37804e-05
Summary: 
Converged in 20 iterations (0.674 sec)
Loglikelihood: -66133.428119
Fst divergences between estimated populations: 
	Pop0	Pop1	
Pop0	
Pop1	0.595	
Pop2	0.574	0.111	
CV error (K=3): 0.51151
Writing output files.
