****                   ADMIXTURE Version 1.3.0                  ****
****                    Copyright 2008-2015                     ****
****           David Alexander, Suyash Shringarpure,            ****
****                John  Novembre, Ken Lange                   ****
****                                                            ****
****                 Please cite our paper!                     ****
****   Information at www.genetics.ucla.edu/software/admixture  ****

Cross-validation will be performed.  Folds=5.
Random seed: 1544466840
Point estimation method: Block relaxation algorithm
Convergence acceleration algorithm: QuasiNewton, 3 secant conditions
Point estimation will terminate when objective function delta < 0.0001
Estimation of standard errors disabled; will compute point estimates only.
Size of G: 95x1675
Performing five EM steps to prime main algorithm
1 (EM) 	Elapsed: 0.009	Loglikelihood: -102688	(delta): 69811.4
2 (EM) 	Elapsed: 0.01	Loglikelihood: -98156.9	(delta): 4531.15
3 (EM) 	Elapsed: 0.011	Loglikelihood: -96531	(delta): 1625.97
4 (EM) 	Elapsed: 0.009	Loglikelihood: -95125.5	(delta): 1405.44
5 (EM) 	Elapsed: 0.009	Loglikelihood: -93496.5	(delta): 1628.97
Initial loglikelihood: -93496.5
Starting main algorithm
1 (QN/Block) 	Elapsed: 0.03	Loglikelihood: -70115.1	(delta): 23381.4
2 (QN/Block) 	Elapsed: 0.029	Loglikelihood: -65161.7	(delta): 4953.34
3 (QN/Block) 	Elapsed: 0.032	Loglikelihood: -63607.9	(delta): 1553.87
4 (QN/Block) 	Elapsed: 0.035	Loglikelihood: -62729.1	(delta): 878.753
5 (QN/Block) 	Elapsed: 0.04	Loglikelihood: -62293.1	(delta): 436.008
6 (QN/Block) 	Elapsed: 0.035	Loglikelihood: -62143.9	(delta): 149.209
7 (QN/Block) 	Elapsed: 0.034	Loglikelihood: -62106.2	(delta): 37.752
8 (QN/Block) 	Elapsed: 0.035	Loglikelihood: -62095.7	(delta): 10.4558
9 (QN/Block) 	Elapsed: 0.032	Loglikelihood: -62090.8	(delta): 4.91324
10 (QN/Block) 	Elapsed: 0.041	Loglikelihood: -62085.1	(delta): 5.6884
11 (QN/Block) 	Elapsed: 0.033	Loglikelihood: -62083	(delta): 2.08705
12 (QN/Block) 	Elapsed: 0.031	Loglikelihood: -62080.6	(delta): 2.43911
13 (QN/Block) 	Elapsed: 0.035	Loglikelihood: -62079	(delta): 1.55937
14 (QN/Block) 	Elapsed: 0.032	Loglikelihood: -62077.6	(delta): 1.39935
15 (QN/Block) 	Elapsed: 0.032	Loglikelihood: -62076.5	(delta): 1.15984
16 (QN/Block) 	Elapsed: 0.034	Loglikelihood: -62075.8	(delta): 0.665018
17 (QN/Block) 	Elapsed: 0.034	Loglikelihood: -62075.2	(delta): 0.54925
18 (QN/Block) 	Elapsed: 0.038	Loglikelihood: -62075	(delta): 0.281647
19 (QN/Block) 	Elapsed: 0.047	Loglikelihood: -62074.7	(delta): 0.226148
20 (QN/Block) 	Elapsed: 0.048	Loglikelihood: -62074.5	(delta): 0.189233
21 (QN/Block) 	Elapsed: 0.04	Loglikelihood: -62074.4	(delta): 0.143094
22 (QN/Block) 	Elapsed: 0.044	Loglikelihood: -62074.3	(delta): 0.111485
23 (QN/Block) 	Elapsed: 0.037	Loglikelihood: -62074.3	(delta): 0.013459
24 (QN/Block) 	Elapsed: 0.038	Loglikelihood: -62074.3	(delta): 0.0165382
25 (QN/Block) 	Elapsed: 0.061	Loglikelihood: -62074.3	(delta): 0.010409
26 (QN/Block) 	Elapsed: 0.04	Loglikelihood: -62074.2	(delta): 0.00304852
27 (QN/Block) 	Elapsed: 0.033	Loglikelihood: -62074.2	(delta): 0.00178617
28 (QN/Block) 	Elapsed: 0.032	Loglikelihood: -62074.2	(delta): 0.000347787
29 (QN/Block) 	Elapsed: 0.033	Loglikelihood: -62074.2	(delta): 5.74337e-05
Summary: 
Converged in 29 iterations (1.188 sec)
Loglikelihood: -62074.246310
Fst divergences between estimated populations: 
	Pop0	Pop1	Pop2	
Pop0	
Pop1	0.623	
Pop2	0.623	0.773	
Pop3	0.110	0.649	0.649	
CV error (K=4): 0.48174
Writing output files.
