****                   ADMIXTURE Version 1.3.0                  ****
****                    Copyright 2008-2015                     ****
****           David Alexander, Suyash Shringarpure,            ****
****                John  Novembre, Ken Lange                   ****
****                                                            ****
****                 Please cite our paper!                     ****
****   Information at www.genetics.ucla.edu/software/admixture  ****

Cross-validation will be performed.  Folds=5.
Random seed: 1544466606
Point estimation method: Block relaxation algorithm
Convergence acceleration algorithm: QuasiNewton, 3 secant conditions
Point estimation will terminate when objective function delta < 0.0001
Estimation of standard errors disabled; will compute point estimates only.
Size of G: 28x2289
Performing five EM steps to prime main algorithm
1 (EM) 	Elapsed: 0.001	Loglikelihood: -49315.7	(delta): 25300.7
2 (EM) 	Elapsed: 0.001	Loglikelihood: -47459.2	(delta): 1856.49
3 (EM) 	Elapsed: 0.001	Loglikelihood: -46627.5	(delta): 831.719
4 (EM) 	Elapsed: 0.001	Loglikelihood: -46020.1	(delta): 607.458
5 (EM) 	Elapsed: 0.002	Loglikelihood: -45406.9	(delta): 613.206
Initial loglikelihood: -45406.9
Starting main algorithm
1 (QN/Block) 	Elapsed: 0.015	Loglikelihood: -38093.6	(delta): 7313.26
2 (QN/Block) 	Elapsed: 0.017	Loglikelihood: -36395.5	(delta): 1698.1
3 (QN/Block) 	Elapsed: 0.022	Loglikelihood: -36017.4	(delta): 378.141
4 (QN/Block) 	Elapsed: 0.024	Loglikelihood: -35805.8	(delta): 211.525
5 (QN/Block) 	Elapsed: 0.02	Loglikelihood: -35705.8	(delta): 100.036
6 (QN/Block) 	Elapsed: 0.027	Loglikelihood: -35659.6	(delta): 46.2199
7 (QN/Block) 	Elapsed: 0.024	Loglikelihood: -35648.5	(delta): 11.0616
8 (QN/Block) 	Elapsed: 0.025	Loglikelihood: -35648.3	(delta): 0.252055
9 (QN/Block) 	Elapsed: 0.021	Loglikelihood: -35647.5	(delta): 0.728976
10 (QN/Block) 	Elapsed: 0.021	Loglikelihood: -35647.5	(delta): 0.0194512
11 (QN/Block) 	Elapsed: 0.02	Loglikelihood: -35647.5	(delta): 0.000925147
12 (QN/Block) 	Elapsed: 0.023	Loglikelihood: -35647.5	(delta): 9.0212e-05
Summary: 
Converged in 12 iterations (0.287 sec)
Loglikelihood: -35647.508594
Fst divergences between estimated populations: 
	Pop0	
Pop0	
Pop1	0.417	
CV error (K=2): 1.11887
Writing output files.
