****                   ADMIXTURE Version 1.3.0                  ****
****                    Copyright 2008-2015                     ****
****           David Alexander, Suyash Shringarpure,            ****
****                John  Novembre, Ken Lange                   ****
****                                                            ****
****                 Please cite our paper!                     ****
****   Information at www.genetics.ucla.edu/software/admixture  ****

Cross-validation will be performed.  Folds=5.
Random seed: 1544466607
Point estimation method: Block relaxation algorithm
Convergence acceleration algorithm: QuasiNewton, 3 secant conditions
Point estimation will terminate when objective function delta < 0.0001
Estimation of standard errors disabled; will compute point estimates only.
Size of G: 28x2289
Performing five EM steps to prime main algorithm
1 (EM) 	Elapsed: 0.004	Loglikelihood: -49291.8	(delta): 16293.5
2 (EM) 	Elapsed: 0.005	Loglikelihood: -47250.1	(delta): 2041.74
3 (EM) 	Elapsed: 0.003	Loglikelihood: -46015.6	(delta): 1234.5
4 (EM) 	Elapsed: 0.003	Loglikelihood: -44866.3	(delta): 1149.3
5 (EM) 	Elapsed: 0.003	Loglikelihood: -43586.5	(delta): 1279.76
Initial loglikelihood: -43586.5
Starting main algorithm
1 (QN/Block) 	Elapsed: 0.026	Loglikelihood: -29180.2	(delta): 14406.3
2 (QN/Block) 	Elapsed: 0.027	Loglikelihood: -24458.4	(delta): 4721.76
3 (QN/Block) 	Elapsed: 0.029	Loglikelihood: -22839.1	(delta): 1619.34
4 (QN/Block) 	Elapsed: 0.026	Loglikelihood: -21860.1	(delta): 978.982
5 (QN/Block) 	Elapsed: 0.029	Loglikelihood: -21337.9	(delta): 522.142
6 (QN/Block) 	Elapsed: 0.027	Loglikelihood: -21182.8	(delta): 155.154
7 (QN/Block) 	Elapsed: 0.026	Loglikelihood: -21157.3	(delta): 25.4937
8 (QN/Block) 	Elapsed: 0.027	Loglikelihood: -21154.2	(delta): 3.05914
9 (QN/Block) 	Elapsed: 0.024	Loglikelihood: -21154.2	(delta): 0.049177
10 (QN/Block) 	Elapsed: 0.026	Loglikelihood: -21154.2	(delta): 1.33502e-05
Summary: 
Converged in 10 iterations (0.306 sec)
Loglikelihood: -21154.183270
Fst divergences between estimated populations: 
	Pop0	Pop1	Pop2	
Pop0	
Pop1	0.580	
Pop2	0.636	0.778	
Pop3	0.581	0.701	0.490	
CV error (K=4): 1.11213
Writing output files.
