****                   ADMIXTURE Version 1.3.0                  ****
****                    Copyright 2008-2015                     ****
****           David Alexander, Suyash Shringarpure,            ****
****                John  Novembre, Ken Lange                   ****
****                                                            ****
****                 Please cite our paper!                     ****
****   Information at www.genetics.ucla.edu/software/admixture  ****

Cross-validation will be performed.  Folds=5.
Random seed: 1544466608
Point estimation method: Block relaxation algorithm
Convergence acceleration algorithm: QuasiNewton, 3 secant conditions
Point estimation will terminate when objective function delta < 0.0001
Estimation of standard errors disabled; will compute point estimates only.
Size of G: 28x2289
Performing five EM steps to prime main algorithm
1 (EM) 	Elapsed: 0.006	Loglikelihood: -48707.2	(delta): 15798.7
2 (EM) 	Elapsed: 0.004	Loglikelihood: -46005.1	(delta): 2702.08
3 (EM) 	Elapsed: 0.004	Loglikelihood: -43686	(delta): 2319.12
4 (EM) 	Elapsed: 0.005	Loglikelihood: -41095.1	(delta): 2590.92
5 (EM) 	Elapsed: 0.004	Loglikelihood: -38278.7	(delta): 2816.36
Initial loglikelihood: -38278.7
Starting main algorithm
1 (QN/Block) 	Elapsed: 0.032	Loglikelihood: -25653.7	(delta): 12625.1
2 (QN/Block) 	Elapsed: 0.031	Loglikelihood: -22226.1	(delta): 3427.6
3 (QN/Block) 	Elapsed: 0.035	Loglikelihood: -20483.7	(delta): 1742.4
4 (QN/Block) 	Elapsed: 0.033	Loglikelihood: -19604.8	(delta): 878.858
5 (QN/Block) 	Elapsed: 0.033	Loglikelihood: -19092.3	(delta): 512.527
6 (QN/Block) 	Elapsed: 0.039	Loglikelihood: -18913.7	(delta): 178.523
7 (QN/Block) 	Elapsed: 0.028	Loglikelihood: -18870.5	(delta): 43.2477
8 (QN/Block) 	Elapsed: 0.029	Loglikelihood: -18832.4	(delta): 38.0714
9 (QN/Block) 	Elapsed: 0.034	Loglikelihood: -18817.1	(delta): 15.2865
10 (QN/Block) 	Elapsed: 0.038	Loglikelihood: -18816.7	(delta): 0.421429
11 (QN/Block) 	Elapsed: 0.033	Loglikelihood: -18816.7	(delta): 0.00529822
12 (QN/Block) 	Elapsed: 0.039	Loglikelihood: -18816.7	(delta): 9.38393e-05
Summary: 
Converged in 12 iterations (0.448 sec)
Loglikelihood: -18816.716980
Fst divergences between estimated populations: 
	Pop0	Pop1	Pop2	Pop3	
Pop0	
Pop1	0.474	
Pop2	0.683	0.744	
Pop3	0.720	0.782	0.678	
Pop4	0.626	0.680	0.420	0.605	
CV error (K=5): 0.95193
Writing output files.
