****                   ADMIXTURE Version 1.3.0                  ****
****                    Copyright 2008-2015                     ****
****           David Alexander, Suyash Shringarpure,            ****
****                John  Novembre, Ken Lange                   ****
****                                                            ****
****                 Please cite our paper!                     ****
****   Information at www.genetics.ucla.edu/software/admixture  ****

Cross-validation will be performed.  Folds=5.
Random seed: 1544466596
Point estimation method: Block relaxation algorithm
Convergence acceleration algorithm: QuasiNewton, 3 secant conditions
Point estimation will terminate when objective function delta < 0.0001
Estimation of standard errors disabled; will compute point estimates only.
Size of G: 67x2396
Performing five EM steps to prime main algorithm
1 (EM) 	Elapsed: 0.005	Loglikelihood: -138000	(delta): 79981.9
2 (EM) 	Elapsed: 0.005	Loglikelihood: -133937	(delta): 4062.88
3 (EM) 	Elapsed: 0.005	Loglikelihood: -132864	(delta): 1072.98
4 (EM) 	Elapsed: 0.006	Loglikelihood: -132270	(delta): 593.699
5 (EM) 	Elapsed: 0.005	Loglikelihood: -131870	(delta): 400.715
Initial loglikelihood: -131870
Starting main algorithm
1 (QN/Block) 	Elapsed: 0.031	Loglikelihood: -128539	(delta): 3330.48
2 (QN/Block) 	Elapsed: 0.024	Loglikelihood: -123952	(delta): 4586.74
3 (QN/Block) 	Elapsed: 0.03	Loglikelihood: -122754	(delta): 1198.63
4 (QN/Block) 	Elapsed: 0.032	Loglikelihood: -122425	(delta): 328.938
5 (QN/Block) 	Elapsed: 0.032	Loglikelihood: -122302	(delta): 122.537
6 (QN/Block) 	Elapsed: 0.031	Loglikelihood: -122285	(delta): 17.3827
7 (QN/Block) 	Elapsed: 0.031	Loglikelihood: -122282	(delta): 3.12143
8 (QN/Block) 	Elapsed: 0.03	Loglikelihood: -122282	(delta): 0.078782
9 (QN/Block) 	Elapsed: 0.026	Loglikelihood: -122282	(delta): 0.00860904
10 (QN/Block) 	Elapsed: 0.029	Loglikelihood: -122282	(delta): 0.00119043
11 (QN/Block) 	Elapsed: 0.03	Loglikelihood: -122282	(delta): 0.000261518
12 (QN/Block) 	Elapsed: 0.029	Loglikelihood: -122282	(delta): 4.02352e-05
Summary: 
Converged in 12 iterations (0.415 sec)
Loglikelihood: -122281.587345
Fst divergences between estimated populations: 
	Pop0	
Pop0	
Pop1	0.163	
CV error (K=2): 0.74497
Writing output files.
