****                   ADMIXTURE Version 1.3.0                  ****
****                    Copyright 2008-2015                     ****
****           David Alexander, Suyash Shringarpure,            ****
****                John  Novembre, Ken Lange                   ****
****                                                            ****
****                 Please cite our paper!                     ****
****   Information at www.genetics.ucla.edu/software/admixture  ****

Cross-validation will be performed.  Folds=5.
Random seed: 1544466597
Point estimation method: Block relaxation algorithm
Convergence acceleration algorithm: QuasiNewton, 3 secant conditions
Point estimation will terminate when objective function delta < 0.0001
Estimation of standard errors disabled; will compute point estimates only.
Size of G: 67x2396
Performing five EM steps to prime main algorithm
1 (EM) 	Elapsed: 0.013	Loglikelihood: -137513	(delta): 70443.3
2 (EM) 	Elapsed: 0.012	Loglikelihood: -132961	(delta): 4552.69
3 (EM) 	Elapsed: 0.012	Loglikelihood: -131165	(delta): 1795.45
4 (EM) 	Elapsed: 0.007	Loglikelihood: -129936	(delta): 1229.5
5 (EM) 	Elapsed: 0.008	Loglikelihood: -128946	(delta): 989.323
Initial loglikelihood: -128946
Starting main algorithm
1 (QN/Block) 	Elapsed: 0.035	Loglikelihood: -121114	(delta): 7832.95
2 (QN/Block) 	Elapsed: 0.033	Loglikelihood: -118757	(delta): 2356.68
3 (QN/Block) 	Elapsed: 0.042	Loglikelihood: -117701	(delta): 1056.33
4 (QN/Block) 	Elapsed: 0.039	Loglikelihood: -116974	(delta): 726.893
5 (QN/Block) 	Elapsed: 0.044	Loglikelihood: -116811	(delta): 162.944
6 (QN/Block) 	Elapsed: 0.042	Loglikelihood: -116795	(delta): 15.9567
7 (QN/Block) 	Elapsed: 0.042	Loglikelihood: -116793	(delta): 1.82718
8 (QN/Block) 	Elapsed: 0.038	Loglikelihood: -116793	(delta): 0.329718
9 (QN/Block) 	Elapsed: 0.037	Loglikelihood: -116793	(delta): 0.0668341
10 (QN/Block) 	Elapsed: 0.039	Loglikelihood: -116792	(delta): 0.0172771
11 (QN/Block) 	Elapsed: 0.04	Loglikelihood: -116792	(delta): 0.0080775
12 (QN/Block) 	Elapsed: 0.039	Loglikelihood: -116792	(delta): 0.0100676
13 (QN/Block) 	Elapsed: 0.038	Loglikelihood: -116792	(delta): 0.000625298
14 (QN/Block) 	Elapsed: 0.039	Loglikelihood: -116792	(delta): 7.37144e-05
Summary: 
Converged in 14 iterations (0.647 sec)
Loglikelihood: -116792.470074
Fst divergences between estimated populations: 
	Pop0	Pop1	
Pop0	
Pop1	0.212	
Pop2	0.170	0.176	
CV error (K=3): 0.76411
Writing output files.
