****                   ADMIXTURE Version 1.3.0                  ****
****                    Copyright 2008-2015                     ****
****           David Alexander, Suyash Shringarpure,            ****
****                John  Novembre, Ken Lange                   ****
****                                                            ****
****                 Please cite our paper!                     ****
****   Information at www.genetics.ucla.edu/software/admixture  ****

Cross-validation will be performed.  Folds=5.
Random seed: 1544466600
Point estimation method: Block relaxation algorithm
Convergence acceleration algorithm: QuasiNewton, 3 secant conditions
Point estimation will terminate when objective function delta < 0.0001
Estimation of standard errors disabled; will compute point estimates only.
Size of G: 67x2396
Performing five EM steps to prime main algorithm
1 (EM) 	Elapsed: 0.015	Loglikelihood: -137632	(delta): 61858.7
2 (EM) 	Elapsed: 0.014	Loglikelihood: -132766	(delta): 4865.81
3 (EM) 	Elapsed: 0.015	Loglikelihood: -130873	(delta): 1892.66
4 (EM) 	Elapsed: 0.013	Loglikelihood: -129555	(delta): 1318.48
5 (EM) 	Elapsed: 0.015	Loglikelihood: -128500	(delta): 1054.44
Initial loglikelihood: -128500
Starting main algorithm
1 (QN/Block) 	Elapsed: 0.044	Loglikelihood: -118186	(delta): 10314.4
2 (QN/Block) 	Elapsed: 0.052	Loglikelihood: -114416	(delta): 3769.92
3 (QN/Block) 	Elapsed: 0.058	Loglikelihood: -112633	(delta): 1783.37
4 (QN/Block) 	Elapsed: 0.055	Loglikelihood: -111289	(delta): 1343.68
5 (QN/Block) 	Elapsed: 0.078	Loglikelihood: -110439	(delta): 850.196
6 (QN/Block) 	Elapsed: 0.061	Loglikelihood: -110094	(delta): 344.259
7 (QN/Block) 	Elapsed: 0.064	Loglikelihood: -109845	(delta): 249.384
8 (QN/Block) 	Elapsed: 0.067	Loglikelihood: -109716	(delta): 128.841
9 (QN/Block) 	Elapsed: 0.058	Loglikelihood: -109660	(delta): 55.953
10 (QN/Block) 	Elapsed: 0.061	Loglikelihood: -109639	(delta): 21.4238
11 (QN/Block) 	Elapsed: 0.06	Loglikelihood: -109624	(delta): 14.6705
12 (QN/Block) 	Elapsed: 0.065	Loglikelihood: -109618	(delta): 6.13761
13 (QN/Block) 	Elapsed: 0.06	Loglikelihood: -109615	(delta): 3.0161
14 (QN/Block) 	Elapsed: 0.055	Loglikelihood: -109614	(delta): 0.819095
15 (QN/Block) 	Elapsed: 0.051	Loglikelihood: -109614	(delta): 0.136875
16 (QN/Block) 	Elapsed: 0.053	Loglikelihood: -109614	(delta): 0.0650652
17 (QN/Block) 	Elapsed: 0.047	Loglikelihood: -109614	(delta): 0.073555
18 (QN/Block) 	Elapsed: 0.053	Loglikelihood: -109614	(delta): 0.0311204
19 (QN/Block) 	Elapsed: 0.063	Loglikelihood: -109614	(delta): 0.0248767
20 (QN/Block) 	Elapsed: 0.065	Loglikelihood: -109614	(delta): 0.00695989
21 (QN/Block) 	Elapsed: 0.071	Loglikelihood: -109614	(delta): 0.00102895
22 (QN/Block) 	Elapsed: 0.05	Loglikelihood: -109614	(delta): 0.000162482
23 (QN/Block) 	Elapsed: 0.047	Loglikelihood: -109614	(delta): 6.07084e-06
Summary: 
Converged in 23 iterations (1.481 sec)
Loglikelihood: -109613.887240
Fst divergences between estimated populations: 
	Pop0	Pop1	Pop2	Pop3	
Pop0	
Pop1	0.273	
Pop2	0.243	0.188	
Pop3	0.374	0.317	0.283	
Pop4	0.279	0.217	0.137	0.318	
CV error (K=5): 0.85778
Writing output files.
