****                   ADMIXTURE Version 1.3.0                  ****
****                    Copyright 2008-2015                     ****
****           David Alexander, Suyash Shringarpure,            ****
****                John  Novembre, Ken Lange                   ****
****                                                            ****
****                 Please cite our paper!                     ****
****   Information at www.genetics.ucla.edu/software/admixture  ****

Cross-validation will be performed.  Folds=5.
Random seed: 43
Point estimation method: Block relaxation algorithm
Convergence acceleration algorithm: QuasiNewton, 3 secant conditions
Point estimation will terminate when objective function delta < 0.0001
Estimation of standard errors disabled; will compute point estimates only.
Size of G: 95x4161
Performing five EM steps to prime main algorithm
1 (EM) 	Elapsed: 0.038	Loglikelihood: -285543	(delta): 167274
2 (EM) 	Elapsed: 0.032	Loglikelihood: -273746	(delta): 11797.2
3 (EM) 	Elapsed: 0.033	Loglikelihood: -269155	(delta): 4590.34
4 (EM) 	Elapsed: 0.033	Loglikelihood: -264950	(delta): 4205.36
5 (EM) 	Elapsed: 0.032	Loglikelihood: -259850	(delta): 5099.4
Initial loglikelihood: -259850
Starting main algorithm
1 (QN/Block) 	Elapsed: 0.103	Loglikelihood: -188818	(delta): 71032.9
2 (QN/Block) 	Elapsed: 0.104	Loglikelihood: -171763	(delta): 17054.7
3 (QN/Block) 	Elapsed: 0.117	Loglikelihood: -166880	(delta): 4883.08
4 (QN/Block) 	Elapsed: 0.123	Loglikelihood: -164034	(delta): 2846.14
5 (QN/Block) 	Elapsed: 0.126	Loglikelihood: -162349	(delta): 1685.03
6 (QN/Block) 	Elapsed: 0.109	Loglikelihood: -161421	(delta): 927.527
7 (QN/Block) 	Elapsed: 0.114	Loglikelihood: -160630	(delta): 791.197
8 (QN/Block) 	Elapsed: 0.125	Loglikelihood: -160065	(delta): 564.77
9 (QN/Block) 	Elapsed: 0.12	Loglikelihood: -159658	(delta): 406.905
10 (QN/Block) 	Elapsed: 0.121	Loglikelihood: -159256	(delta): 401.978
11 (QN/Block) 	Elapsed: 0.127	Loglikelihood: -159064	(delta): 192.697
12 (QN/Block) 	Elapsed: 0.117	Loglikelihood: -158989	(delta): 74.6651
13 (QN/Block) 	Elapsed: 0.104	Loglikelihood: -158974	(delta): 14.7602
14 (QN/Block) 	Elapsed: 0.102	Loglikelihood: -158971	(delta): 3.464
15 (QN/Block) 	Elapsed: 0.111	Loglikelihood: -158969	(delta): 1.17472
16 (QN/Block) 	Elapsed: 0.103	Loglikelihood: -158969	(delta): 0.123895
17 (QN/Block) 	Elapsed: 0.108	Loglikelihood: -158969	(delta): 0.00660283
18 (QN/Block) 	Elapsed: 0.104	Loglikelihood: -158969	(delta): 0.000491519
19 (QN/Block) 	Elapsed: 0.129	Loglikelihood: -158969	(delta): 2.25287e-05
Summary: 
Converged in 19 iterations (2.464 sec)
Loglikelihood: -158969.337231
Fst divergences between estimated populations: 
	Pop0	Pop1	Pop2	Pop3	
Pop0	
Pop1	0.561	
Pop2	0.543	0.605	
Pop3	0.539	0.169	0.583	
Pop4	0.580	0.167	0.629	0.201	
CV error (K=5): 0.51831
Writing output files.
