****                   ADMIXTURE Version 1.3.0                  ****
****                    Copyright 2008-2015                     ****
****           David Alexander, Suyash Shringarpure,            ****
****                John  Novembre, Ken Lange                   ****
****                                                            ****
****                 Please cite our paper!                     ****
****   Information at www.genetics.ucla.edu/software/admixture  ****

Cross-validation will be performed.  Folds=5.
Random seed: 1544466609
Point estimation method: Block relaxation algorithm
Convergence acceleration algorithm: QuasiNewton, 3 secant conditions
Point estimation will terminate when objective function delta < 0.0001
Estimation of standard errors disabled; will compute point estimates only.
Size of G: 28x2289
Performing five EM steps to prime main algorithm
1 (EM) 	Elapsed: 0.001	Loglikelihood: -48458.3	(delta): 33950.9
2 (EM) 	Elapsed: 0.001	Loglikelihood: -48458.3	(delta): 0
3 (EM) 	Elapsed: 0.001	Loglikelihood: -48458.3	(delta): 0
4 (EM) 	Elapsed: 0.001	Loglikelihood: -48458.3	(delta): 0
5 (EM) 	Elapsed: 0.001	Loglikelihood: -48458.3	(delta): 0
Initial loglikelihood: -48458.3
Starting main algorithm
1 (QN/Block) 	Elapsed: 0.015	Loglikelihood: -48458.3	(delta): 0
Summary: 
Converged in 1 iterations (0.027 sec)
Loglikelihood: -48458.300830
CV error (K=1): 1.21619
Writing output files.
