****                   ADMIXTURE Version 1.3.0                  ****
****                    Copyright 2008-2015                     ****
****           David Alexander, Suyash Shringarpure,            ****
****                John  Novembre, Ken Lange                   ****
****                                                            ****
****                 Please cite our paper!                     ****
****   Information at www.genetics.ucla.edu/software/admixture  ****

Cross-validation will be performed.  Folds=5.
Random seed: 1544466609
Point estimation method: Block relaxation algorithm
Convergence acceleration algorithm: QuasiNewton, 3 secant conditions
Point estimation will terminate when objective function delta < 0.0001
Estimation of standard errors disabled; will compute point estimates only.
Size of G: 28x2289
Performing five EM steps to prime main algorithm
1 (EM) 	Elapsed: 0.002	Loglikelihood: -49253.8	(delta): 22775.3
2 (EM) 	Elapsed: 0.003	Loglikelihood: -47522.4	(delta): 1731.38
3 (EM) 	Elapsed: 0.002	Loglikelihood: -46704.7	(delta): 817.711
4 (EM) 	Elapsed: 0.001	Loglikelihood: -46072.3	(delta): 632.466
5 (EM) 	Elapsed: 0.001	Loglikelihood: -45425.7	(delta): 646.597
Initial loglikelihood: -45425.7
Starting main algorithm
1 (QN/Block) 	Elapsed: 0.017	Loglikelihood: -35761.3	(delta): 9664.4
2 (QN/Block) 	Elapsed: 0.02	Loglikelihood: -33146.3	(delta): 2615
3 (QN/Block) 	Elapsed: 0.024	Loglikelihood: -32616.1	(delta): 530.154
4 (QN/Block) 	Elapsed: 0.022	Loglikelihood: -32390	(delta): 226.112
5 (QN/Block) 	Elapsed: 0.02	Loglikelihood: -32266.8	(delta): 123.226
6 (QN/Block) 	Elapsed: 0.02	Loglikelihood: -32203	(delta): 63.7374
7 (QN/Block) 	Elapsed: 0.018	Loglikelihood: -32193.8	(delta): 9.18496
8 (QN/Block) 	Elapsed: 0.023	Loglikelihood: -32191.6	(delta): 2.24961
9 (QN/Block) 	Elapsed: 0.02	Loglikelihood: -32190.8	(delta): 0.74739
10 (QN/Block) 	Elapsed: 0.024	Loglikelihood: -32190.8	(delta): 7.21692e-06
Summary: 
Converged in 10 iterations (0.237 sec)
Loglikelihood: -32190.849435
Fst divergences between estimated populations: 
	Pop0	
Pop0	
Pop1	0.518	
CV error (K=2): 0.95729
Writing output files.
