****                   ADMIXTURE Version 1.3.0                  ****
****                    Copyright 2008-2015                     ****
****           David Alexander, Suyash Shringarpure,            ****
****                John  Novembre, Ken Lange                   ****
****                                                            ****
****                 Please cite our paper!                     ****
****   Information at www.genetics.ucla.edu/software/admixture  ****

Cross-validation will be performed.  Folds=5.
Random seed: 1544466610
Point estimation method: Block relaxation algorithm
Convergence acceleration algorithm: QuasiNewton, 3 secant conditions
Point estimation will terminate when objective function delta < 0.0001
Estimation of standard errors disabled; will compute point estimates only.
Size of G: 28x2289
Performing five EM steps to prime main algorithm
1 (EM) 	Elapsed: 0.003	Loglikelihood: -49056.9	(delta): 18940.9
2 (EM) 	Elapsed: 0.002	Loglikelihood: -46873.6	(delta): 2183.25
3 (EM) 	Elapsed: 0.003	Loglikelihood: -45355.6	(delta): 1518.02
4 (EM) 	Elapsed: 0.002	Loglikelihood: -43828.3	(delta): 1527.35
5 (EM) 	Elapsed: 0.003	Loglikelihood: -42209.9	(delta): 1618.35
Initial loglikelihood: -42209.9
Starting main algorithm
1 (QN/Block) 	Elapsed: 0.021	Loglikelihood: -30704.3	(delta): 11505.6
2 (QN/Block) 	Elapsed: 0.024	Loglikelihood: -25401.2	(delta): 5303.05
3 (QN/Block) 	Elapsed: 0.025	Loglikelihood: -24023	(delta): 1378.22
4 (QN/Block) 	Elapsed: 0.029	Loglikelihood: -23343.2	(delta): 679.836
5 (QN/Block) 	Elapsed: 0.025	Loglikelihood: -22920.7	(delta): 422.45
6 (QN/Block) 	Elapsed: 0.025	Loglikelihood: -22790.2	(delta): 130.573
7 (QN/Block) 	Elapsed: 0.024	Loglikelihood: -22774.2	(delta): 15.9506
8 (QN/Block) 	Elapsed: 0.024	Loglikelihood: -22772	(delta): 2.15868
9 (QN/Block) 	Elapsed: 0.024	Loglikelihood: -22771.7	(delta): 0.319363
10 (QN/Block) 	Elapsed: 0.026	Loglikelihood: -22771.7	(delta): 0.000364875
11 (QN/Block) 	Elapsed: 0.025	Loglikelihood: -22771.7	(delta): 1.81899e-11
Summary: 
Converged in 11 iterations (0.304 sec)
Loglikelihood: -22771.726870
Fst divergences between estimated populations: 
	Pop0	Pop1	
Pop0	
Pop1	0.588	
Pop2	0.567	0.678	
CV error (K=3): 0.84137
Writing output files.
