****                   ADMIXTURE Version 1.3.0                  ****
****                    Copyright 2008-2015                     ****
****           David Alexander, Suyash Shringarpure,            ****
****                John  Novembre, Ken Lange                   ****
****                                                            ****
****                 Please cite our paper!                     ****
****   Information at www.genetics.ucla.edu/software/admixture  ****

Cross-validation will be performed.  Folds=5.
Random seed: 1544466610
Point estimation method: Block relaxation algorithm
Convergence acceleration algorithm: QuasiNewton, 3 secant conditions
Point estimation will terminate when objective function delta < 0.0001
Estimation of standard errors disabled; will compute point estimates only.
Size of G: 28x2289
Performing five EM steps to prime main algorithm
1 (EM) 	Elapsed: 0.004	Loglikelihood: -49220.8	(delta): 16747.7
2 (EM) 	Elapsed: 0.004	Loglikelihood: -46976.9	(delta): 2243.94
3 (EM) 	Elapsed: 0.004	Loglikelihood: -45341.4	(delta): 1635.49
4 (EM) 	Elapsed: 0.005	Loglikelihood: -43460.5	(delta): 1880.91
5 (EM) 	Elapsed: 0.003	Loglikelihood: -41175.5	(delta): 2284.97
Initial loglikelihood: -41175.5
Starting main algorithm
1 (QN/Block) 	Elapsed: 0.027	Loglikelihood: -27977.6	(delta): 13197.9
2 (QN/Block) 	Elapsed: 0.024	Loglikelihood: -24098.6	(delta): 3879.02
3 (QN/Block) 	Elapsed: 0.029	Loglikelihood: -22062.3	(delta): 2036.28
4 (QN/Block) 	Elapsed: 0.025	Loglikelihood: -21276.9	(delta): 785.456
5 (QN/Block) 	Elapsed: 0.025	Loglikelihood: -20862.7	(delta): 414.145
6 (QN/Block) 	Elapsed: 0.029	Loglikelihood: -20690.7	(delta): 172.007
7 (QN/Block) 	Elapsed: 0.025	Loglikelihood: -20640.9	(delta): 49.791
8 (QN/Block) 	Elapsed: 0.024	Loglikelihood: -20630.3	(delta): 10.6463
9 (QN/Block) 	Elapsed: 0.025	Loglikelihood: -20628.5	(delta): 1.75533
10 (QN/Block) 	Elapsed: 0.026	Loglikelihood: -20626.9	(delta): 1.58281
11 (QN/Block) 	Elapsed: 0.025	Loglikelihood: -20620.1	(delta): 6.84504
12 (QN/Block) 	Elapsed: 0.024	Loglikelihood: -20613.2	(delta): 6.85451
13 (QN/Block) 	Elapsed: 0.024	Loglikelihood: -20612.3	(delta): 0.933509
14 (QN/Block) 	Elapsed: 0.024	Loglikelihood: -20612.3	(delta): 0.00452089
15 (QN/Block) 	Elapsed: 0.025	Loglikelihood: -20612.3	(delta): 4.08448e-06
Summary: 
Converged in 15 iterations (0.425 sec)
Loglikelihood: -20612.287926
Fst divergences between estimated populations: 
	Pop0	Pop1	Pop2	
Pop0	
Pop1	0.580	
Pop2	0.711	0.459	
Pop3	0.677	0.605	0.763	
CV error (K=4): 0.98290
Writing output files.
