****                   ADMIXTURE Version 1.3.0                  ****
****                    Copyright 2008-2015                     ****
****           David Alexander, Suyash Shringarpure,            ****
****                John  Novembre, Ken Lange                   ****
****                                                            ****
****                 Please cite our paper!                     ****
****   Information at www.genetics.ucla.edu/software/admixture  ****

Cross-validation will be performed.  Folds=5.
Random seed: 1544466611
Point estimation method: Block relaxation algorithm
Convergence acceleration algorithm: QuasiNewton, 3 secant conditions
Point estimation will terminate when objective function delta < 0.0001
Estimation of standard errors disabled; will compute point estimates only.
Size of G: 28x2289
Performing five EM steps to prime main algorithm
1 (EM) 	Elapsed: 0.004	Loglikelihood: -48051.9	(delta): 16159.7
2 (EM) 	Elapsed: 0.004	Loglikelihood: -44570.3	(delta): 3481.58
3 (EM) 	Elapsed: 0.004	Loglikelihood: -41116.4	(delta): 3453.91
4 (EM) 	Elapsed: 0.004	Loglikelihood: -37361.8	(delta): 3754.59
5 (EM) 	Elapsed: 0.004	Loglikelihood: -33872.2	(delta): 3489.61
Initial loglikelihood: -33872.2
Starting main algorithm
1 (QN/Block) 	Elapsed: 0.032	Loglikelihood: -24129.5	(delta): 9742.67
2 (QN/Block) 	Elapsed: 0.029	Loglikelihood: -21456.2	(delta): 2673.35
3 (QN/Block) 	Elapsed: 0.033	Loglikelihood: -20430.7	(delta): 1025.45
4 (QN/Block) 	Elapsed: 0.041	Loglikelihood: -19960.3	(delta): 470.396
5 (QN/Block) 	Elapsed: 0.028	Loglikelihood: -19744.2	(delta): 216.146
6 (QN/Block) 	Elapsed: 0.032	Loglikelihood: -19637.7	(delta): 106.517
7 (QN/Block) 	Elapsed: 0.028	Loglikelihood: -19608.2	(delta): 29.5184
8 (QN/Block) 	Elapsed: 0.031	Loglikelihood: -19602.9	(delta): 5.20995
9 (QN/Block) 	Elapsed: 0.03	Loglikelihood: -19602.2	(delta): 0.787282
10 (QN/Block) 	Elapsed: 0.028	Loglikelihood: -19602.1	(delta): 0.0425406
11 (QN/Block) 	Elapsed: 0.029	Loglikelihood: -19602.1	(delta): 0.000578786
12 (QN/Block) 	Elapsed: 0.035	Loglikelihood: -19602.1	(delta): 1.10888e-05
Summary: 
Converged in 12 iterations (0.42 sec)
Loglikelihood: -19602.114005
Fst divergences between estimated populations: 
	Pop0	Pop1	Pop2	Pop3	
Pop0	
Pop1	0.725	
Pop2	0.644	0.599	
Pop3	0.707	0.640	0.402	
Pop4	0.615	0.714	0.666	0.721	
CV error (K=5): 1.10530
Writing output files.
