****                   ADMIXTURE Version 1.3.0                  ****
****                    Copyright 2008-2015                     ****
****           David Alexander, Suyash Shringarpure,            ****
****                John  Novembre, Ken Lange                   ****
****                                                            ****
****                 Please cite our paper!                     ****
****   Information at www.genetics.ucla.edu/software/admixture  ****

Cross-validation will be performed.  Folds=5.
Random seed: 43
Point estimation method: Block relaxation algorithm
Convergence acceleration algorithm: QuasiNewton, 3 secant conditions
Point estimation will terminate when objective function delta < 0.0001
Estimation of standard errors disabled; will compute point estimates only.
Size of G: 95x4161
Performing five EM steps to prime main algorithm
1 (EM) 	Elapsed: 0.011	Loglikelihood: -283673	(delta): 227473
2 (EM) 	Elapsed: 0.012	Loglikelihood: -274278	(delta): 9394.99
3 (EM) 	Elapsed: 0.014	Loglikelihood: -271645	(delta): 2633.07
4 (EM) 	Elapsed: 0.012	Loglikelihood: -270159	(delta): 1485.74
5 (EM) 	Elapsed: 0.012	Loglikelihood: -269038	(delta): 1121.49
Initial loglikelihood: -269038
Starting main algorithm
1 (QN/Block) 	Elapsed: 0.062	Loglikelihood: -220060	(delta): 48978
2 (QN/Block) 	Elapsed: 0.055	Loglikelihood: -203191	(delta): 16868.5
3 (QN/Block) 	Elapsed: 0.071	Loglikelihood: -197193	(delta): 5998.66
4 (QN/Block) 	Elapsed: 0.069	Loglikelihood: -194299	(delta): 2894.18
5 (QN/Block) 	Elapsed: 0.073	Loglikelihood: -192981	(delta): 1317.05
6 (QN/Block) 	Elapsed: 0.059	Loglikelihood: -192310	(delta): 671.283
7 (QN/Block) 	Elapsed: 0.073	Loglikelihood: -192044	(delta): 266.455
8 (QN/Block) 	Elapsed: 0.076	Loglikelihood: -192010	(delta): 33.7647
9 (QN/Block) 	Elapsed: 0.079	Loglikelihood: -192009	(delta): 0.58139
10 (QN/Block) 	Elapsed: 0.065	Loglikelihood: -192009	(delta): 0.0234418
11 (QN/Block) 	Elapsed: 0.059	Loglikelihood: -192009	(delta): 6.84328e-05
Summary: 
Converged in 11 iterations (0.875 sec)
Loglikelihood: -192009.376632
Fst divergences between estimated populations: 
	Pop0	
Pop0	
Pop1	0.473	
CV error (K=2): 0.54598
Writing output files.
