****                   ADMIXTURE Version 1.3.0                  ****
****                    Copyright 2008-2015                     ****
****           David Alexander, Suyash Shringarpure,            ****
****                John  Novembre, Ken Lange                   ****
****                                                            ****
****                 Please cite our paper!                     ****
****   Information at www.genetics.ucla.edu/software/admixture  ****

Cross-validation will be performed.  Folds=5.
Random seed: 1544466632
Point estimation method: Block relaxation algorithm
Convergence acceleration algorithm: QuasiNewton, 3 secant conditions
Point estimation will terminate when objective function delta < 0.0001
Estimation of standard errors disabled; will compute point estimates only.
Size of G: 31x462
Performing five EM steps to prime main algorithm
1 (EM) 	Elapsed: 0	Loglikelihood: -10399.2	(delta): 8930.63
2 (EM) 	Elapsed: 0	Loglikelihood: -10399.2	(delta): 0
3 (EM) 	Elapsed: 0	Loglikelihood: -10399.2	(delta): 0
4 (EM) 	Elapsed: 0	Loglikelihood: -10399.2	(delta): 0
5 (EM) 	Elapsed: 0	Loglikelihood: -10399.2	(delta): 0
Initial loglikelihood: -10399.2
Starting main algorithm
1 (QN/Block) 	Elapsed: 0.005	Loglikelihood: -10399.2	(delta): 0
Summary: 
Converged in 1 iterations (0.009 sec)
Loglikelihood: -10399.154635
CV error (K=1): 1.17160
Writing output files.
