****                   ADMIXTURE Version 1.3.0                  ****
****                    Copyright 2008-2015                     ****
****           David Alexander, Suyash Shringarpure,            ****
****                John  Novembre, Ken Lange                   ****
****                                                            ****
****                 Please cite our paper!                     ****
****   Information at www.genetics.ucla.edu/software/admixture  ****

Cross-validation will be performed.  Folds=5.
Random seed: 1544466633
Point estimation method: Block relaxation algorithm
Convergence acceleration algorithm: QuasiNewton, 3 secant conditions
Point estimation will terminate when objective function delta < 0.0001
Estimation of standard errors disabled; will compute point estimates only.
Size of G: 31x462
Performing five EM steps to prime main algorithm
1 (EM) 	Elapsed: 0	Loglikelihood: -10648.2	(delta): 4745.21
2 (EM) 	Elapsed: 0	Loglikelihood: -9996.77	(delta): 651.418
3 (EM) 	Elapsed: 0	Loglikelihood: -9351.35	(delta): 645.427
4 (EM) 	Elapsed: 0	Loglikelihood: -8416.93	(delta): 934.421
5 (EM) 	Elapsed: 0	Loglikelihood: -7244.57	(delta): 1172.35
Initial loglikelihood: -7244.57
Starting main algorithm
1 (QN/Block) 	Elapsed: 0.005	Loglikelihood: -4791.99	(delta): 2452.59
2 (QN/Block) 	Elapsed: 0.005	Loglikelihood: -4328.92	(delta): 463.069
3 (QN/Block) 	Elapsed: 0.005	Loglikelihood: -4060.93	(delta): 267.981
4 (QN/Block) 	Elapsed: 0.006	Loglikelihood: -3916.43	(delta): 144.503
5 (QN/Block) 	Elapsed: 0.005	Loglikelihood: -3867.69	(delta): 48.7415
6 (QN/Block) 	Elapsed: 0.005	Loglikelihood: -3854.7	(delta): 12.9905
7 (QN/Block) 	Elapsed: 0.005	Loglikelihood: -3850.83	(delta): 3.86895
8 (QN/Block) 	Elapsed: 0.006	Loglikelihood: -3850.79	(delta): 0.0365677
9 (QN/Block) 	Elapsed: 0.005	Loglikelihood: -3850.79	(delta): 7.7921e-05
Summary: 
Converged in 9 iterations (0.058 sec)
Loglikelihood: -3850.793856
Fst divergences between estimated populations: 
	Pop0	Pop1	Pop2	
Pop0	
Pop1	0.823	
Pop2	0.812	0.636	
Pop3	0.851	0.258	0.666	
CV error (K=4): 0.74484
Writing output files.
