****                   ADMIXTURE Version 1.3.0                  ****
****                    Copyright 2008-2015                     ****
****           David Alexander, Suyash Shringarpure,            ****
****                John  Novembre, Ken Lange                   ****
****                                                            ****
****                 Please cite our paper!                     ****
****   Information at www.genetics.ucla.edu/software/admixture  ****

Cross-validation will be performed.  Folds=5.
Random seed: 1544466633
Point estimation method: Block relaxation algorithm
Convergence acceleration algorithm: QuasiNewton, 3 secant conditions
Point estimation will terminate when objective function delta < 0.0001
Estimation of standard errors disabled; will compute point estimates only.
Size of G: 31x462
Performing five EM steps to prime main algorithm
1 (EM) 	Elapsed: 0.001	Loglikelihood: -10575.8	(delta): 4297.88
2 (EM) 	Elapsed: 0.001	Loglikelihood: -10020.6	(delta): 555.182
3 (EM) 	Elapsed: 0.001	Loglikelihood: -9579.36	(delta): 441.265
4 (EM) 	Elapsed: 0.001	Loglikelihood: -9004.62	(delta): 574.732
5 (EM) 	Elapsed: 0.001	Loglikelihood: -8258.77	(delta): 745.851
Initial loglikelihood: -8258.77
Starting main algorithm
1 (QN/Block) 	Elapsed: 0.006	Loglikelihood: -4913.1	(delta): 3345.67
2 (QN/Block) 	Elapsed: 0.006	Loglikelihood: -4156.66	(delta): 756.443
3 (QN/Block) 	Elapsed: 0.006	Loglikelihood: -3902.62	(delta): 254.042
4 (QN/Block) 	Elapsed: 0.006	Loglikelihood: -3737.07	(delta): 165.546
5 (QN/Block) 	Elapsed: 0.006	Loglikelihood: -3663.63	(delta): 73.4383
6 (QN/Block) 	Elapsed: 0.006	Loglikelihood: -3649.98	(delta): 13.6508
7 (QN/Block) 	Elapsed: 0.006	Loglikelihood: -3649.04	(delta): 0.937426
8 (QN/Block) 	Elapsed: 0.009	Loglikelihood: -3648.99	(delta): 0.0495799
9 (QN/Block) 	Elapsed: 0.006	Loglikelihood: -3648.99	(delta): 0.00257986
10 (QN/Block) 	Elapsed: 0.006	Loglikelihood: -3648.99	(delta): 0.000278247
11 (QN/Block) 	Elapsed: 0.006	Loglikelihood: -3648.99	(delta): 2.11234e-05
Summary: 
Converged in 11 iterations (0.087 sec)
Loglikelihood: -3648.990149
Fst divergences between estimated populations: 
	Pop0	Pop1	Pop2	Pop3	
Pop0	
Pop1	0.652	
Pop2	0.408	0.697	
Pop3	0.846	0.815	0.878	
Pop4	0.284	0.670	0.395	0.847	
CV error (K=5): 0.77134
Writing output files.
