****                   ADMIXTURE Version 1.3.0                  ****
****                    Copyright 2008-2015                     ****
****           David Alexander, Suyash Shringarpure,            ****
****                John  Novembre, Ken Lange                   ****
****                                                            ****
****                 Please cite our paper!                     ****
****   Information at www.genetics.ucla.edu/software/admixture  ****

Cross-validation will be performed.  Folds=5.
Random seed: 1544466821
Point estimation method: Block relaxation algorithm
Convergence acceleration algorithm: QuasiNewton, 3 secant conditions
Point estimation will terminate when objective function delta < 0.0001
Estimation of standard errors disabled; will compute point estimates only.
Size of G: 95x1675
Performing five EM steps to prime main algorithm
1 (EM) 	Elapsed: 0.004	Loglikelihood: -101238	(delta): 86024.5
2 (EM) 	Elapsed: 0.004	Loglikelihood: -97440.9	(delta): 3796.94
3 (EM) 	Elapsed: 0.004	Loglikelihood: -96268.6	(delta): 1172.27
4 (EM) 	Elapsed: 0.005	Loglikelihood: -95427.4	(delta): 841.262
5 (EM) 	Elapsed: 0.004	Loglikelihood: -94610.8	(delta): 816.614
Initial loglikelihood: -94610.8
Starting main algorithm
1 (QN/Block) 	Elapsed: 0.021	Loglikelihood: -75703.3	(delta): 18907.5
2 (QN/Block) 	Elapsed: 0.021	Loglikelihood: -71751.7	(delta): 3951.63
3 (QN/Block) 	Elapsed: 0.025	Loglikelihood: -70362.9	(delta): 1388.72
4 (QN/Block) 	Elapsed: 0.028	Loglikelihood: -69373.4	(delta): 989.505
5 (QN/Block) 	Elapsed: 0.029	Loglikelihood: -68882.7	(delta): 490.686
6 (QN/Block) 	Elapsed: 0.023	Loglikelihood: -68720.4	(delta): 162.38
7 (QN/Block) 	Elapsed: 0.029	Loglikelihood: -68636.3	(delta): 84.0717
8 (QN/Block) 	Elapsed: 0.029	Loglikelihood: -68603.5	(delta): 32.8131
9 (QN/Block) 	Elapsed: 0.027	Loglikelihood: -68601.5	(delta): 1.94827
10 (QN/Block) 	Elapsed: 0.027	Loglikelihood: -68601.5	(delta): 0.0133985
11 (QN/Block) 	Elapsed: 0.028	Loglikelihood: -68601.5	(delta): 2.59461e-08
Summary: 
Converged in 11 iterations (0.342 sec)
Loglikelihood: -68601.518018
Fst divergences between estimated populations: 
	Pop0	
Pop0	
Pop1	0.573	
CV error (K=2): 0.49024
Writing output files.
