****                   ADMIXTURE Version 1.3.0                  ****
****                    Copyright 2008-2015                     ****
****           David Alexander, Suyash Shringarpure,            ****
****                John  Novembre, Ken Lange                   ****
****                                                            ****
****                 Please cite our paper!                     ****
****   Information at www.genetics.ucla.edu/software/admixture  ****

Cross-validation will be performed.  Folds=5.
Random seed: 1544466822
Point estimation method: Block relaxation algorithm
Convergence acceleration algorithm: QuasiNewton, 3 secant conditions
Point estimation will terminate when objective function delta < 0.0001
Estimation of standard errors disabled; will compute point estimates only.
Size of G: 95x1675
Performing five EM steps to prime main algorithm
1 (EM) 	Elapsed: 0.006	Loglikelihood: -102070	(delta): 76718.4
2 (EM) 	Elapsed: 0.008	Loglikelihood: -98029.4	(delta): 4040.42
3 (EM) 	Elapsed: 0.006	Loglikelihood: -96661.8	(delta): 1367.57
4 (EM) 	Elapsed: 0.006	Loglikelihood: -95602.4	(delta): 1059.36
5 (EM) 	Elapsed: 0.006	Loglikelihood: -94385.5	(delta): 1216.92
Initial loglikelihood: -94385.5
Starting main algorithm
1 (QN/Block) 	Elapsed: 0.026	Loglikelihood: -73006.3	(delta): 21379.2
2 (QN/Block) 	Elapsed: 0.026	Loglikelihood: -68586	(delta): 4420.35
3 (QN/Block) 	Elapsed: 0.037	Loglikelihood: -67411.8	(delta): 1174.14
4 (QN/Block) 	Elapsed: 0.039	Loglikelihood: -66616	(delta): 795.774
5 (QN/Block) 	Elapsed: 0.038	Loglikelihood: -66266.6	(delta): 349.388
6 (QN/Block) 	Elapsed: 0.036	Loglikelihood: -66135.1	(delta): 131.504
7 (QN/Block) 	Elapsed: 0.031	Loglikelihood: -66086.7	(delta): 48.4062
8 (QN/Block) 	Elapsed: 0.041	Loglikelihood: -66080.1	(delta): 6.62993
9 (QN/Block) 	Elapsed: 0.037	Loglikelihood: -66078.3	(delta): 1.80589
10 (QN/Block) 	Elapsed: 0.035	Loglikelihood: -66075.9	(delta): 2.37896
11 (QN/Block) 	Elapsed: 0.034	Loglikelihood: -66074.4	(delta): 1.55453
12 (QN/Block) 	Elapsed: 0.034	Loglikelihood: -66073.3	(delta): 1.07453
13 (QN/Block) 	Elapsed: 0.029	Loglikelihood: -66072.7	(delta): 0.600172
14 (QN/Block) 	Elapsed: 0.033	Loglikelihood: -66072.6	(delta): 0.097424
15 (QN/Block) 	Elapsed: 0.03	Loglikelihood: -66072.6	(delta): 0.00561144
16 (QN/Block) 	Elapsed: 0.03	Loglikelihood: -66072.6	(delta): 0.00597095
17 (QN/Block) 	Elapsed: 0.027	Loglikelihood: -66072.6	(delta): 0.00578722
18 (QN/Block) 	Elapsed: 0.03	Loglikelihood: -66072.6	(delta): 0.000452118
19 (QN/Block) 	Elapsed: 0.027	Loglikelihood: -66072.6	(delta): 4.95277e-05
Summary: 
Converged in 19 iterations (0.706 sec)
Loglikelihood: -66072.575753
Fst divergences between estimated populations: 
	Pop0	Pop1	
Pop0	
Pop1	0.592	
Pop2	0.120	0.587	
CV error (K=3): 0.49897
Writing output files.
