****                   ADMIXTURE Version 1.3.0                  ****
****                    Copyright 2008-2015                     ****
****           David Alexander, Suyash Shringarpure,            ****
****                John  Novembre, Ken Lange                   ****
****                                                            ****
****                 Please cite our paper!                     ****
****   Information at www.genetics.ucla.edu/software/admixture  ****

Cross-validation will be performed.  Folds=5.
Random seed: 1544466823
Point estimation method: Block relaxation algorithm
Convergence acceleration algorithm: QuasiNewton, 3 secant conditions
Point estimation will terminate when objective function delta < 0.0001
Estimation of standard errors disabled; will compute point estimates only.
Size of G: 95x1675
Performing five EM steps to prime main algorithm
1 (EM) 	Elapsed: 0.015	Loglikelihood: -102068	(delta): 69549
2 (EM) 	Elapsed: 0.009	Loglikelihood: -97578.2	(delta): 4490.05
3 (EM) 	Elapsed: 0.009	Loglikelihood: -95533.6	(delta): 2044.58
4 (EM) 	Elapsed: 0.009	Loglikelihood: -93271.6	(delta): 2262
5 (EM) 	Elapsed: 0.013	Loglikelihood: -89996.2	(delta): 3275.45
Initial loglikelihood: -89996.2
Starting main algorithm
1 (QN/Block) 	Elapsed: 0.032	Loglikelihood: -69124.4	(delta): 20871.8
2 (QN/Block) 	Elapsed: 0.029	Loglikelihood: -66214.1	(delta): 2910.21
3 (QN/Block) 	Elapsed: 0.035	Loglikelihood: -64959.6	(delta): 1254.57
4 (QN/Block) 	Elapsed: 0.037	Loglikelihood: -64286.8	(delta): 672.787
5 (QN/Block) 	Elapsed: 0.033	Loglikelihood: -63968	(delta): 318.783
6 (QN/Block) 	Elapsed: 0.034	Loglikelihood: -63888.7	(delta): 79.2744
7 (QN/Block) 	Elapsed: 0.042	Loglikelihood: -63876.1	(delta): 12.6631
8 (QN/Block) 	Elapsed: 0.033	Loglikelihood: -63873.9	(delta): 2.18477
9 (QN/Block) 	Elapsed: 0.032	Loglikelihood: -63872.6	(delta): 1.26221
10 (QN/Block) 	Elapsed: 0.033	Loglikelihood: -63871.9	(delta): 0.672149
11 (QN/Block) 	Elapsed: 0.034	Loglikelihood: -63871.5	(delta): 0.434511
12 (QN/Block) 	Elapsed: 0.038	Loglikelihood: -63870.4	(delta): 1.14571
13 (QN/Block) 	Elapsed: 0.038	Loglikelihood: -63870.1	(delta): 0.296327
14 (QN/Block) 	Elapsed: 0.039	Loglikelihood: -63870	(delta): 0.100757
15 (QN/Block) 	Elapsed: 0.033	Loglikelihood: -63869.9	(delta): 0.0644156
16 (QN/Block) 	Elapsed: 0.043	Loglikelihood: -63869.9	(delta): 0.0231272
17 (QN/Block) 	Elapsed: 0.033	Loglikelihood: -63869.9	(delta): 0.00585059
18 (QN/Block) 	Elapsed: 0.033	Loglikelihood: -63869.9	(delta): 0.00254147
19 (QN/Block) 	Elapsed: 0.038	Loglikelihood: -63869.9	(delta): 0.000511371
20 (QN/Block) 	Elapsed: 0.032	Loglikelihood: -63869.9	(delta): 1.954e-05
Summary: 
Converged in 20 iterations (0.812 sec)
Loglikelihood: -63869.870977
Fst divergences between estimated populations: 
	Pop0	Pop1	Pop2	
Pop0	
Pop1	0.581	
Pop2	0.631	0.195	
Pop3	0.597	0.119	0.219	
CV error (K=4): 0.51742
Writing output files.
