****                   ADMIXTURE Version 1.3.0                  ****
****                    Copyright 2008-2015                     ****
****           David Alexander, Suyash Shringarpure,            ****
****                John  Novembre, Ken Lange                   ****
****                                                            ****
****                 Please cite our paper!                     ****
****   Information at www.genetics.ucla.edu/software/admixture  ****

Cross-validation will be performed.  Folds=5.
Random seed: 1544466824
Point estimation method: Block relaxation algorithm
Convergence acceleration algorithm: QuasiNewton, 3 secant conditions
Point estimation will terminate when objective function delta < 0.0001
Estimation of standard errors disabled; will compute point estimates only.
Size of G: 95x1675
Performing five EM steps to prime main algorithm
1 (EM) 	Elapsed: 0.013	Loglikelihood: -101533	(delta): 66740.4
2 (EM) 	Elapsed: 0.011	Loglikelihood: -96466.2	(delta): 5066.98
3 (EM) 	Elapsed: 0.011	Loglikelihood: -93491.4	(delta): 2974.79
4 (EM) 	Elapsed: 0.013	Loglikelihood: -89883.8	(delta): 3607.61
5 (EM) 	Elapsed: 0.011	Loglikelihood: -85571.3	(delta): 4312.54
Initial loglikelihood: -85571.3
Starting main algorithm
1 (QN/Block) 	Elapsed: 0.038	Loglikelihood: -68134	(delta): 17437.2
2 (QN/Block) 	Elapsed: 0.035	Loglikelihood: -63253.1	(delta): 4880.9
3 (QN/Block) 	Elapsed: 0.045	Loglikelihood: -61462.4	(delta): 1790.73
4 (QN/Block) 	Elapsed: 0.045	Loglikelihood: -60364.4	(delta): 1097.97
5 (QN/Block) 	Elapsed: 0.039	Loglikelihood: -59904.4	(delta): 459.987
6 (QN/Block) 	Elapsed: 0.043	Loglikelihood: -59825.5	(delta): 78.9519
7 (QN/Block) 	Elapsed: 0.04	Loglikelihood: -59816.8	(delta): 8.73258
8 (QN/Block) 	Elapsed: 0.038	Loglikelihood: -59815.5	(delta): 1.30786
9 (QN/Block) 	Elapsed: 0.039	Loglikelihood: -59813.9	(delta): 1.58264
10 (QN/Block) 	Elapsed: 0.041	Loglikelihood: -59813.5	(delta): 0.39907
11 (QN/Block) 	Elapsed: 0.045	Loglikelihood: -59812.3	(delta): 1.15777
12 (QN/Block) 	Elapsed: 0.047	Loglikelihood: -59812.1	(delta): 0.185868
13 (QN/Block) 	Elapsed: 0.042	Loglikelihood: -59812	(delta): 0.100836
14 (QN/Block) 	Elapsed: 0.044	Loglikelihood: -59812	(delta): 0.0410407
15 (QN/Block) 	Elapsed: 0.047	Loglikelihood: -59811.9	(delta): 0.0432163
16 (QN/Block) 	Elapsed: 0.049	Loglikelihood: -59811.9	(delta): 0.0466409
17 (QN/Block) 	Elapsed: 0.046	Loglikelihood: -59811.9	(delta): 0.0476171
18 (QN/Block) 	Elapsed: 0.047	Loglikelihood: -59811.8	(delta): 0.0282182
19 (QN/Block) 	Elapsed: 0.046	Loglikelihood: -59811.8	(delta): 0.0278342
20 (QN/Block) 	Elapsed: 0.042	Loglikelihood: -59811.7	(delta): 0.115439
21 (QN/Block) 	Elapsed: 0.041	Loglikelihood: -59811.6	(delta): 0.0721108
22 (QN/Block) 	Elapsed: 0.037	Loglikelihood: -59811.6	(delta): 0.0257901
23 (QN/Block) 	Elapsed: 0.041	Loglikelihood: -59811.6	(delta): 0.0063062
24 (QN/Block) 	Elapsed: 0.042	Loglikelihood: -59811.6	(delta): 0.00215953
25 (QN/Block) 	Elapsed: 0.052	Loglikelihood: -59811.6	(delta): 0.000228139
26 (QN/Block) 	Elapsed: 0.043	Loglikelihood: -59811.6	(delta): 0.000323525
27 (QN/Block) 	Elapsed: 0.04	Loglikelihood: -59811.6	(delta): 3.03796e-05
Summary: 
Converged in 27 iterations (1.281 sec)
Loglikelihood: -59811.573157
Fst divergences between estimated populations: 
	Pop0	Pop1	Pop2	Pop3	
Pop0	
Pop1	0.636	
Pop2	0.643	0.151	
Pop3	0.642	0.152	0.135	
Pop4	0.754	0.635	0.635	0.635	
CV error (K=5): 0.49668
Writing output files.
