****                   ADMIXTURE Version 1.3.0                  ****
****                    Copyright 2008-2015                     ****
****           David Alexander, Suyash Shringarpure,            ****
****                John  Novembre, Ken Lange                   ****
****                                                            ****
****                 Please cite our paper!                     ****
****   Information at www.genetics.ucla.edu/software/admixture  ****

Cross-validation will be performed.  Folds=5.
Random seed: 1544466794
Point estimation method: Block relaxation algorithm
Convergence acceleration algorithm: QuasiNewton, 3 secant conditions
Point estimation will terminate when objective function delta < 0.0001
Estimation of standard errors disabled; will compute point estimates only.
Size of G: 95x4161
Performing five EM steps to prime main algorithm
1 (EM) 	Elapsed: 0.006	Loglikelihood: -272066	(delta): 325265
2 (EM) 	Elapsed: 0.007	Loglikelihood: -272066	(delta): 0
3 (EM) 	Elapsed: 0.007	Loglikelihood: -272066	(delta): 0
4 (EM) 	Elapsed: 0.006	Loglikelihood: -272066	(delta): 0
5 (EM) 	Elapsed: 0.006	Loglikelihood: -272066	(delta): 0
Initial loglikelihood: -272066
Starting main algorithm
1 (QN/Block) 	Elapsed: 0.041	Loglikelihood: -272066	(delta): 0
Summary: 
Converged in 1 iterations (0.104 sec)
Loglikelihood: -272066.201373
CV error (K=1): 0.78948
Writing output files.
