****                   ADMIXTURE Version 1.3.0                  ****
****                    Copyright 2008-2015                     ****
****           David Alexander, Suyash Shringarpure,            ****
****                John  Novembre, Ken Lange                   ****
****                                                            ****
****                 Please cite our paper!                     ****
****   Information at www.genetics.ucla.edu/software/admixture  ****

Cross-validation will be performed.  Folds=5.
Random seed: 1544466795
Point estimation method: Block relaxation algorithm
Convergence acceleration algorithm: QuasiNewton, 3 secant conditions
Point estimation will terminate when objective function delta < 0.0001
Estimation of standard errors disabled; will compute point estimates only.
Size of G: 95x4161
Performing five EM steps to prime main algorithm
1 (EM) 	Elapsed: 0.012	Loglikelihood: -282089	(delta): 224172
2 (EM) 	Elapsed: 0.011	Loglikelihood: -271175	(delta): 10913.6
3 (EM) 	Elapsed: 0.012	Loglikelihood: -265432	(delta): 5743.03
4 (EM) 	Elapsed: 0.013	Loglikelihood: -258858	(delta): 6574.12
5 (EM) 	Elapsed: 0.013	Loglikelihood: -250824	(delta): 8034.27
Initial loglikelihood: -250824
Starting main algorithm
1 (QN/Block) 	Elapsed: 0.05	Loglikelihood: -212084	(delta): 38739.5
2 (QN/Block) 	Elapsed: 0.058	Loglikelihood: -200850	(delta): 11234.2
3 (QN/Block) 	Elapsed: 0.085	Loglikelihood: -195828	(delta): 5021.62
4 (QN/Block) 	Elapsed: 0.061	Loglikelihood: -193062	(delta): 2766.59
5 (QN/Block) 	Elapsed: 0.07	Loglikelihood: -192256	(delta): 805.724
6 (QN/Block) 	Elapsed: 0.06	Loglikelihood: -192069	(delta): 186.721
7 (QN/Block) 	Elapsed: 0.066	Loglikelihood: -192026	(delta): 42.9237
8 (QN/Block) 	Elapsed: 0.058	Loglikelihood: -192011	(delta): 15.4777
9 (QN/Block) 	Elapsed: 0.065	Loglikelihood: -192009	(delta): 1.35515
10 (QN/Block) 	Elapsed: 0.063	Loglikelihood: -192009	(delta): 0.0755815
11 (QN/Block) 	Elapsed: 0.059	Loglikelihood: -192009	(delta): 0.0203833
12 (QN/Block) 	Elapsed: 0.065	Loglikelihood: -192009	(delta): 0.00538203
13 (QN/Block) 	Elapsed: 0.07	Loglikelihood: -192009	(delta): 0.000195077
14 (QN/Block) 	Elapsed: 0.061	Loglikelihood: -192009	(delta): 9.62195e-05
Summary: 
Converged in 14 iterations (1.032 sec)
Loglikelihood: -192009.376629
Fst divergences between estimated populations: 
	Pop0	
Pop0	
Pop1	0.473	
CV error (K=2): 0.54599
Writing output files.
