****                   ADMIXTURE Version 1.3.0                  ****
****                    Copyright 2008-2015                     ****
****           David Alexander, Suyash Shringarpure,            ****
****                John  Novembre, Ken Lange                   ****
****                                                            ****
****                 Please cite our paper!                     ****
****   Information at www.genetics.ucla.edu/software/admixture  ****

Cross-validation will be performed.  Folds=5.
Random seed: 1544466797
Point estimation method: Block relaxation algorithm
Convergence acceleration algorithm: QuasiNewton, 3 secant conditions
Point estimation will terminate when objective function delta < 0.0001
Estimation of standard errors disabled; will compute point estimates only.
Size of G: 95x4161
Performing five EM steps to prime main algorithm
1 (EM) 	Elapsed: 0.018	Loglikelihood: -285851	(delta): 192715
2 (EM) 	Elapsed: 0.02	Loglikelihood: -274988	(delta): 10862.3
3 (EM) 	Elapsed: 0.017	Loglikelihood: -271451	(delta): 3537.87
4 (EM) 	Elapsed: 0.019	Loglikelihood: -269140	(delta): 2310.29
5 (EM) 	Elapsed: 0.019	Loglikelihood: -267254	(delta): 1886.27
Initial loglikelihood: -267254
Starting main algorithm
1 (QN/Block) 	Elapsed: 0.062	Loglikelihood: -223088	(delta): 44165.7
2 (QN/Block) 	Elapsed: 0.07	Loglikelihood: -194126	(delta): 28961.8
3 (QN/Block) 	Elapsed: 0.083	Loglikelihood: -186071	(delta): 8055.41
4 (QN/Block) 	Elapsed: 0.09	Loglikelihood: -182503	(delta): 3568.22
5 (QN/Block) 	Elapsed: 0.074	Loglikelihood: -180597	(delta): 1905.93
6 (QN/Block) 	Elapsed: 0.081	Loglikelihood: -179647	(delta): 949.413
7 (QN/Block) 	Elapsed: 0.092	Loglikelihood: -179197	(delta): 450.398
8 (QN/Block) 	Elapsed: 0.085	Loglikelihood: -179021	(delta): 175.894
9 (QN/Block) 	Elapsed: 0.087	Loglikelihood: -179005	(delta): 16.2434
10 (QN/Block) 	Elapsed: 0.103	Loglikelihood: -178996	(delta): 9.23223
11 (QN/Block) 	Elapsed: 0.083	Loglikelihood: -178994	(delta): 1.4427
12 (QN/Block) 	Elapsed: 0.08	Loglikelihood: -178994	(delta): 0.258837
13 (QN/Block) 	Elapsed: 0.089	Loglikelihood: -178994	(delta): 0.399792
14 (QN/Block) 	Elapsed: 0.106	Loglikelihood: -178994	(delta): 0.0467822
15 (QN/Block) 	Elapsed: 0.122	Loglikelihood: -178994	(delta): 0.0219533
16 (QN/Block) 	Elapsed: 0.091	Loglikelihood: -178993	(delta): 0.112499
17 (QN/Block) 	Elapsed: 0.118	Loglikelihood: -178993	(delta): 0.169687
18 (QN/Block) 	Elapsed: 0.102	Loglikelihood: -178993	(delta): 0.203519
19 (QN/Block) 	Elapsed: 0.082	Loglikelihood: -178993	(delta): 0.0811679
20 (QN/Block) 	Elapsed: 0.088	Loglikelihood: -178993	(delta): 0.039663
21 (QN/Block) 	Elapsed: 0.078	Loglikelihood: -178993	(delta): 0.0299057
22 (QN/Block) 	Elapsed: 0.089	Loglikelihood: -178993	(delta): 0.00389346
23 (QN/Block) 	Elapsed: 0.084	Loglikelihood: -178993	(delta): 4.47557e-05
Summary: 
Converged in 23 iterations (2.251 sec)
Loglikelihood: -178992.892193
Fst divergences between estimated populations: 
	Pop0	Pop1	
Pop0	
Pop1	0.509	
Pop2	0.571	0.450	
CV error (K=3): 0.53309
Writing output files.
