****                   ADMIXTURE Version 1.3.0                  ****
****                    Copyright 2008-2015                     ****
****           David Alexander, Suyash Shringarpure,            ****
****                John  Novembre, Ken Lange                   ****
****                                                            ****
****                 Please cite our paper!                     ****
****   Information at www.genetics.ucla.edu/software/admixture  ****

Cross-validation will be performed.  Folds=5.
Random seed: 1544466800
Point estimation method: Block relaxation algorithm
Convergence acceleration algorithm: QuasiNewton, 3 secant conditions
Point estimation will terminate when objective function delta < 0.0001
Estimation of standard errors disabled; will compute point estimates only.
Size of G: 95x4161
Performing five EM steps to prime main algorithm
1 (EM) 	Elapsed: 0.035	Loglikelihood: -285509	(delta): 179918
2 (EM) 	Elapsed: 0.042	Loglikelihood: -273117	(delta): 12391.7
3 (EM) 	Elapsed: 0.033	Loglikelihood: -267331	(delta): 5785.88
4 (EM) 	Elapsed: 0.028	Loglikelihood: -261923	(delta): 5408.2
5 (EM) 	Elapsed: 0.035	Loglikelihood: -255972	(delta): 5951.04
Initial loglikelihood: -255972
Starting main algorithm
1 (QN/Block) 	Elapsed: 0.1	Loglikelihood: -195567	(delta): 60405.3
2 (QN/Block) 	Elapsed: 0.094	Loglikelihood: -185242	(delta): 10324.9
3 (QN/Block) 	Elapsed: 0.156	Loglikelihood: -180615	(delta): 4627.09
4 (QN/Block) 	Elapsed: 0.17	Loglikelihood: -177338	(delta): 3276.07
5 (QN/Block) 	Elapsed: 0.17	Loglikelihood: -176116	(delta): 1222.44
6 (QN/Block) 	Elapsed: 0.125	Loglikelihood: -175511	(delta): 604.764
7 (QN/Block) 	Elapsed: 0.106	Loglikelihood: -175331	(delta): 179.895
8 (QN/Block) 	Elapsed: 0.108	Loglikelihood: -175273	(delta): 58.7431
9 (QN/Block) 	Elapsed: 0.093	Loglikelihood: -175257	(delta): 15.7091
10 (QN/Block) 	Elapsed: 0.102	Loglikelihood: -175254	(delta): 3.32339
11 (QN/Block) 	Elapsed: 0.086	Loglikelihood: -175252	(delta): 1.09045
12 (QN/Block) 	Elapsed: 0.085	Loglikelihood: -175252	(delta): 0.56642
13 (QN/Block) 	Elapsed: 0.089	Loglikelihood: -175252	(delta): 0.0517535
14 (QN/Block) 	Elapsed: 0.083	Loglikelihood: -175252	(delta): 0.0191742
15 (QN/Block) 	Elapsed: 0.102	Loglikelihood: -175252	(delta): 0.0108663
16 (QN/Block) 	Elapsed: 0.093	Loglikelihood: -175252	(delta): 0.00726725
17 (QN/Block) 	Elapsed: 0.131	Loglikelihood: -175252	(delta): 0.000501781
18 (QN/Block) 	Elapsed: 0.138	Loglikelihood: -175252	(delta): 8.3631e-05
Summary: 
Converged in 18 iterations (2.33 sec)
Loglikelihood: -175251.819631
Fst divergences between estimated populations: 
	Pop0	Pop1	Pop2	
Pop0	
Pop1	0.519	
Pop2	0.161	0.500	
Pop3	0.201	0.477	0.166	
CV error (K=4): 0.55046
Writing output files.
