****                   ADMIXTURE Version 1.3.0                  ****
****                    Copyright 2008-2015                     ****
****           David Alexander, Suyash Shringarpure,            ****
****                John  Novembre, Ken Lange                   ****
****                                                            ****
****                 Please cite our paper!                     ****
****   Information at www.genetics.ucla.edu/software/admixture  ****

Cross-validation will be performed.  Folds=5.
Random seed: 1544466826
Point estimation method: Block relaxation algorithm
Convergence acceleration algorithm: QuasiNewton, 3 secant conditions
Point estimation will terminate when objective function delta < 0.0001
Estimation of standard errors disabled; will compute point estimates only.
Size of G: 95x1675
Performing five EM steps to prime main algorithm
1 (EM) 	Elapsed: 0.004	Loglikelihood: -100891	(delta): 86191
2 (EM) 	Elapsed: 0.004	Loglikelihood: -97852.3	(delta): 3038.91
3 (EM) 	Elapsed: 0.006	Loglikelihood: -97059.6	(delta): 792.755
4 (EM) 	Elapsed: 0.006	Loglikelihood: -96655.9	(delta): 403.688
5 (EM) 	Elapsed: 0.004	Loglikelihood: -96428.8	(delta): 227.1
Initial loglikelihood: -96428.8
Starting main algorithm
1 (QN/Block) 	Elapsed: 0.02	Loglikelihood: -86839.5	(delta): 9589.28
2 (QN/Block) 	Elapsed: 0.021	Loglikelihood: -76404.9	(delta): 10434.6
3 (QN/Block) 	Elapsed: 0.025	Loglikelihood: -72670.5	(delta): 3734.43
4 (QN/Block) 	Elapsed: 0.026	Loglikelihood: -70830.8	(delta): 1839.72
5 (QN/Block) 	Elapsed: 0.029	Loglikelihood: -69485.3	(delta): 1345.46
6 (QN/Block) 	Elapsed: 0.032	Loglikelihood: -68821.2	(delta): 664.048
7 (QN/Block) 	Elapsed: 0.031	Loglikelihood: -68647.2	(delta): 174.056
8 (QN/Block) 	Elapsed: 0.026	Loglikelihood: -68604.7	(delta): 42.5193
9 (QN/Block) 	Elapsed: 0.026	Loglikelihood: -68602.1	(delta): 2.53736
10 (QN/Block) 	Elapsed: 0.024	Loglikelihood: -68601.6	(delta): 0.567022
11 (QN/Block) 	Elapsed: 0.026	Loglikelihood: -68601.5	(delta): 0.0502783
12 (QN/Block) 	Elapsed: 0.032	Loglikelihood: -68601.5	(delta): 1.76899e-06
Summary: 
Converged in 12 iterations (0.373 sec)
Loglikelihood: -68601.518018
Fst divergences between estimated populations: 
	Pop0	
Pop0	
Pop1	0.573	
CV error (K=2): 0.49071
Writing output files.
