****                   ADMIXTURE Version 1.3.0                  ****
****                    Copyright 2008-2015                     ****
****           David Alexander, Suyash Shringarpure,            ****
****                John  Novembre, Ken Lange                   ****
****                                                            ****
****                 Please cite our paper!                     ****
****   Information at www.genetics.ucla.edu/software/admixture  ****

Cross-validation will be performed.  Folds=5.
Random seed: 1544466827
Point estimation method: Block relaxation algorithm
Convergence acceleration algorithm: QuasiNewton, 3 secant conditions
Point estimation will terminate when objective function delta < 0.0001
Estimation of standard errors disabled; will compute point estimates only.
Size of G: 95x1675
Performing five EM steps to prime main algorithm
1 (EM) 	Elapsed: 0.007	Loglikelihood: -102001	(delta): 75464.6
2 (EM) 	Elapsed: 0.008	Loglikelihood: -98214.1	(delta): 3786.7
3 (EM) 	Elapsed: 0.007	Loglikelihood: -96982.9	(delta): 1231.16
4 (EM) 	Elapsed: 0.006	Loglikelihood: -96207.9	(delta): 775.016
5 (EM) 	Elapsed: 0.006	Loglikelihood: -95545.5	(delta): 662.379
Initial loglikelihood: -95545.5
Starting main algorithm
1 (QN/Block) 	Elapsed: 0.026	Loglikelihood: -75124.3	(delta): 20421.2
2 (QN/Block) 	Elapsed: 0.029	Loglikelihood: -70755.5	(delta): 4368.8
3 (QN/Block) 	Elapsed: 0.028	Loglikelihood: -68920.3	(delta): 1835.17
4 (QN/Block) 	Elapsed: 0.029	Loglikelihood: -67532.8	(delta): 1387.44
5 (QN/Block) 	Elapsed: 0.029	Loglikelihood: -66691.1	(delta): 841.719
6 (QN/Block) 	Elapsed: 0.028	Loglikelihood: -66292	(delta): 399.075
7 (QN/Block) 	Elapsed: 0.041	Loglikelihood: -66157.6	(delta): 134.447
8 (QN/Block) 	Elapsed: 0.032	Loglikelihood: -66141.9	(delta): 15.6655
9 (QN/Block) 	Elapsed: 0.03	Loglikelihood: -66140.4	(delta): 1.50044
10 (QN/Block) 	Elapsed: 0.031	Loglikelihood: -66139.6	(delta): 0.806598
11 (QN/Block) 	Elapsed: 0.03	Loglikelihood: -66137.5	(delta): 2.12161
12 (QN/Block) 	Elapsed: 0.027	Loglikelihood: -66123.6	(delta): 13.8793
13 (QN/Block) 	Elapsed: 0.03	Loglikelihood: -66107.7	(delta): 15.8872
14 (QN/Block) 	Elapsed: 0.029	Loglikelihood: -66105.5	(delta): 2.21782
15 (QN/Block) 	Elapsed: 0.032	Loglikelihood: -66100.2	(delta): 5.3431
16 (QN/Block) 	Elapsed: 0.026	Loglikelihood: -66099.7	(delta): 0.461546
17 (QN/Block) 	Elapsed: 0.03	Loglikelihood: -66099.6	(delta): 0.0923742
18 (QN/Block) 	Elapsed: 0.028	Loglikelihood: -66099.5	(delta): 0.114881
19 (QN/Block) 	Elapsed: 0.043	Loglikelihood: -66099.5	(delta): 0.0221216
20 (QN/Block) 	Elapsed: 0.029	Loglikelihood: -66099.5	(delta): 0.0123992
21 (QN/Block) 	Elapsed: 0.031	Loglikelihood: -66099.5	(delta): 0.00406825
22 (QN/Block) 	Elapsed: 0.03	Loglikelihood: -66099.5	(delta): 0.00533965
23 (QN/Block) 	Elapsed: 0.031	Loglikelihood: -66099.5	(delta): 0.00198817
24 (QN/Block) 	Elapsed: 0.033	Loglikelihood: -66099.5	(delta): 0.000789082
25 (QN/Block) 	Elapsed: 0.035	Loglikelihood: -66099.5	(delta): 0.000104104
26 (QN/Block) 	Elapsed: 0.034	Loglikelihood: -66099.5	(delta): 2.39109e-05
Summary: 
Converged in 26 iterations (0.901 sec)
Loglikelihood: -66099.464211
Fst divergences between estimated populations: 
	Pop0	Pop1	
Pop0	
Pop1	0.631	
Pop2	0.187	0.581	
CV error (K=3): 0.49379
Writing output files.
