****                   ADMIXTURE Version 1.3.0                  ****
****                    Copyright 2008-2015                     ****
****           David Alexander, Suyash Shringarpure,            ****
****                John  Novembre, Ken Lange                   ****
****                                                            ****
****                 Please cite our paper!                     ****
****   Information at www.genetics.ucla.edu/software/admixture  ****

Cross-validation will be performed.  Folds=5.
Random seed: 1544466829
Point estimation method: Block relaxation algorithm
Convergence acceleration algorithm: QuasiNewton, 3 secant conditions
Point estimation will terminate when objective function delta < 0.0001
Estimation of standard errors disabled; will compute point estimates only.
Size of G: 95x1675
Performing five EM steps to prime main algorithm
1 (EM) 	Elapsed: 0.01	Loglikelihood: -102168	(delta): 70863.5
2 (EM) 	Elapsed: 0.009	Loglikelihood: -97730	(delta): 4437.74
3 (EM) 	Elapsed: 0.009	Loglikelihood: -95930.4	(delta): 1799.61
4 (EM) 	Elapsed: 0.009	Loglikelihood: -94139.6	(delta): 1790.79
5 (EM) 	Elapsed: 0.01	Loglikelihood: -91955	(delta): 2184.65
Initial loglikelihood: -91955
Starting main algorithm
1 (QN/Block) 	Elapsed: 0.031	Loglikelihood: -70450.6	(delta): 21504.4
2 (QN/Block) 	Elapsed: 0.03	Loglikelihood: -67230.8	(delta): 3219.83
3 (QN/Block) 	Elapsed: 0.032	Loglikelihood: -65676.9	(delta): 1553.87
4 (QN/Block) 	Elapsed: 0.033	Loglikelihood: -64722.9	(delta): 954.012
5 (QN/Block) 	Elapsed: 0.035	Loglikelihood: -64227.6	(delta): 495.268
6 (QN/Block) 	Elapsed: 0.035	Loglikelihood: -63989.5	(delta): 238.15
7 (QN/Block) 	Elapsed: 0.033	Loglikelihood: -63902.2	(delta): 87.27
8 (QN/Block) 	Elapsed: 0.035	Loglikelihood: -63881.5	(delta): 20.6485
9 (QN/Block) 	Elapsed: 0.041	Loglikelihood: -63867.9	(delta): 13.6609
10 (QN/Block) 	Elapsed: 0.039	Loglikelihood: -63855.6	(delta): 12.3223
11 (QN/Block) 	Elapsed: 0.033	Loglikelihood: -63850.8	(delta): 4.71183
12 (QN/Block) 	Elapsed: 0.036	Loglikelihood: -63847	(delta): 3.8328
13 (QN/Block) 	Elapsed: 0.041	Loglikelihood: -63845.2	(delta): 1.7579
14 (QN/Block) 	Elapsed: 0.035	Loglikelihood: -63843.9	(delta): 1.34507
15 (QN/Block) 	Elapsed: 0.033	Loglikelihood: -63841.9	(delta): 2.03487
16 (QN/Block) 	Elapsed: 0.033	Loglikelihood: -63840.9	(delta): 0.988139
17 (QN/Block) 	Elapsed: 0.031	Loglikelihood: -63840.3	(delta): 0.607423
18 (QN/Block) 	Elapsed: 0.033	Loglikelihood: -63840.1	(delta): 0.137123
19 (QN/Block) 	Elapsed: 0.037	Loglikelihood: -63840.1	(delta): 0.0849906
20 (QN/Block) 	Elapsed: 0.046	Loglikelihood: -63840	(delta): 0.041736
21 (QN/Block) 	Elapsed: 0.052	Loglikelihood: -63840	(delta): 0.0115109
22 (QN/Block) 	Elapsed: 0.036	Loglikelihood: -63840	(delta): 0.0049779
23 (QN/Block) 	Elapsed: 0.033	Loglikelihood: -63840	(delta): 0.00011317
24 (QN/Block) 	Elapsed: 0.033	Loglikelihood: -63840	(delta): 3.23198e-05
Summary: 
Converged in 24 iterations (0.964 sec)
Loglikelihood: -63839.993270
Fst divergences between estimated populations: 
	Pop0	Pop1	Pop2	
Pop0	
Pop1	0.595	
Pop2	0.607	0.133	
Pop3	0.607	0.143	0.133	
CV error (K=4): 0.52689
Writing output files.
