****                   ADMIXTURE Version 1.3.0                  ****
****                    Copyright 2008-2015                     ****
****           David Alexander, Suyash Shringarpure,            ****
****                John  Novembre, Ken Lange                   ****
****                                                            ****
****                 Please cite our paper!                     ****
****   Information at www.genetics.ucla.edu/software/admixture  ****

Cross-validation will be performed.  Folds=5.
Random seed: 1544466830
Point estimation method: Block relaxation algorithm
Convergence acceleration algorithm: QuasiNewton, 3 secant conditions
Point estimation will terminate when objective function delta < 0.0001
Estimation of standard errors disabled; will compute point estimates only.
Size of G: 95x1675
Performing five EM steps to prime main algorithm
1 (EM) 	Elapsed: 0.018	Loglikelihood: -102027	(delta): 65249.5
2 (EM) 	Elapsed: 0.019	Loglikelihood: -97834	(delta): 4193.25
3 (EM) 	Elapsed: 0.017	Loglikelihood: -96354.1	(delta): 1479.92
4 (EM) 	Elapsed: 0.017	Loglikelihood: -95154.9	(delta): 1199.21
5 (EM) 	Elapsed: 0.018	Loglikelihood: -93852.3	(delta): 1302.58
Initial loglikelihood: -93852.3
Starting main algorithm
1 (QN/Block) 	Elapsed: 0.045	Loglikelihood: -66892.7	(delta): 26959.7
2 (QN/Block) 	Elapsed: 0.038	Loglikelihood: -63218.2	(delta): 3674.5
3 (QN/Block) 	Elapsed: 0.045	Loglikelihood: -61819.5	(delta): 1398.69
4 (QN/Block) 	Elapsed: 0.042	Loglikelihood: -60805.6	(delta): 1013.88
5 (QN/Block) 	Elapsed: 0.045	Loglikelihood: -60297.3	(delta): 508.288
6 (QN/Block) 	Elapsed: 0.04	Loglikelihood: -60090.5	(delta): 206.787
7 (QN/Block) 	Elapsed: 0.044	Loglikelihood: -60024.9	(delta): 65.5904
8 (QN/Block) 	Elapsed: 0.04	Loglikelihood: -60008.3	(delta): 16.5968
9 (QN/Block) 	Elapsed: 0.041	Loglikelihood: -60006.6	(delta): 1.78936
10 (QN/Block) 	Elapsed: 0.039	Loglikelihood: -60005.2	(delta): 1.30636
11 (QN/Block) 	Elapsed: 0.045	Loglikelihood: -60004.2	(delta): 1.04602
12 (QN/Block) 	Elapsed: 0.053	Loglikelihood: -60003.9	(delta): 0.28226
13 (QN/Block) 	Elapsed: 0.045	Loglikelihood: -60003.7	(delta): 0.222304
14 (QN/Block) 	Elapsed: 0.043	Loglikelihood: -60003.4	(delta): 0.310955
15 (QN/Block) 	Elapsed: 0.046	Loglikelihood: -60003.2	(delta): 0.231604
16 (QN/Block) 	Elapsed: 0.048	Loglikelihood: -60002.9	(delta): 0.267627
17 (QN/Block) 	Elapsed: 0.045	Loglikelihood: -60002.5	(delta): 0.387972
18 (QN/Block) 	Elapsed: 0.045	Loglikelihood: -60000.9	(delta): 1.58185
19 (QN/Block) 	Elapsed: 0.048	Loglikelihood: -60000	(delta): 0.921361
20 (QN/Block) 	Elapsed: 0.043	Loglikelihood: -59999	(delta): 1.01914
21 (QN/Block) 	Elapsed: 0.042	Loglikelihood: -59997.6	(delta): 1.36227
22 (QN/Block) 	Elapsed: 0.04	Loglikelihood: -59995.4	(delta): 2.23085
23 (QN/Block) 	Elapsed: 0.042	Loglikelihood: -59994.1	(delta): 1.25732
24 (QN/Block) 	Elapsed: 0.04	Loglikelihood: -59993.2	(delta): 0.893662
25 (QN/Block) 	Elapsed: 0.048	Loglikelihood: -59992.5	(delta): 0.723482
26 (QN/Block) 	Elapsed: 0.041	Loglikelihood: -59992.1	(delta): 0.355735
27 (QN/Block) 	Elapsed: 0.041	Loglikelihood: -59992	(delta): 0.19142
28 (QN/Block) 	Elapsed: 0.045	Loglikelihood: -59991.9	(delta): 0.0585117
29 (QN/Block) 	Elapsed: 0.042	Loglikelihood: -59991.9	(delta): 0.0336469
30 (QN/Block) 	Elapsed: 0.041	Loglikelihood: -59991.9	(delta): 0.00668748
31 (QN/Block) 	Elapsed: 0.04	Loglikelihood: -59991.9	(delta): 0.00130488
32 (QN/Block) 	Elapsed: 0.043	Loglikelihood: -59991.9	(delta): 0.000615065
33 (QN/Block) 	Elapsed: 0.039	Loglikelihood: -59991.9	(delta): 0.00028169
34 (QN/Block) 	Elapsed: 0.041	Loglikelihood: -59991.9	(delta): 1.50495e-05
Summary: 
Converged in 34 iterations (1.64 sec)
Loglikelihood: -59991.857227
Fst divergences between estimated populations: 
	Pop0	Pop1	Pop2	Pop3	
Pop0	
Pop1	0.614	
Pop2	0.198	0.681	
Pop3	0.501	0.821	0.595	
Pop4	0.631	0.768	0.693	0.848	
CV error (K=5): 0.46798
Writing output files.
