****                   ADMIXTURE Version 1.3.0                  ****
****                    Copyright 2008-2015                     ****
****           David Alexander, Suyash Shringarpure,            ****
****                John  Novembre, Ken Lange                   ****
****                                                            ****
****                 Please cite our paper!                     ****
****   Information at www.genetics.ucla.edu/software/admixture  ****

Cross-validation will be performed.  Folds=5.
Random seed: 1544466613
Point estimation method: Block relaxation algorithm
Convergence acceleration algorithm: QuasiNewton, 3 secant conditions
Point estimation will terminate when objective function delta < 0.0001
Estimation of standard errors disabled; will compute point estimates only.
Size of G: 28x2289
Performing five EM steps to prime main algorithm
1 (EM) 	Elapsed: 0.001	Loglikelihood: -48501	(delta): 24851.3
2 (EM) 	Elapsed: 0.001	Loglikelihood: -45783.6	(delta): 2717.44
3 (EM) 	Elapsed: 0.001	Loglikelihood: -43719.6	(delta): 2063.92
4 (EM) 	Elapsed: 0.002	Loglikelihood: -41720.8	(delta): 1998.84
5 (EM) 	Elapsed: 0.001	Loglikelihood: -39933.7	(delta): 1787.14
Initial loglikelihood: -39933.7
Starting main algorithm
1 (QN/Block) 	Elapsed: 0.018	Loglikelihood: -36142.2	(delta): 3791.48
2 (QN/Block) 	Elapsed: 0.024	Loglikelihood: -34749.9	(delta): 1392.28
3 (QN/Block) 	Elapsed: 0.027	Loglikelihood: -33256	(delta): 1493.89
4 (QN/Block) 	Elapsed: 0.031	Loglikelihood: -32592.2	(delta): 663.833
5 (QN/Block) 	Elapsed: 0.02	Loglikelihood: -32279.8	(delta): 312.425
6 (QN/Block) 	Elapsed: 0.028	Loglikelihood: -32207	(delta): 72.7833
7 (QN/Block) 	Elapsed: 0.037	Loglikelihood: -32194.3	(delta): 12.6509
8 (QN/Block) 	Elapsed: 0.03	Loglikelihood: -32191.5	(delta): 2.79537
9 (QN/Block) 	Elapsed: 0.023	Loglikelihood: -32190.8	(delta): 0.68937
10 (QN/Block) 	Elapsed: 0.025	Loglikelihood: -32190.8	(delta): 0
Summary: 
Converged in 10 iterations (0.29 sec)
Loglikelihood: -32190.832377
Fst divergences between estimated populations: 
	Pop0	
Pop0	
Pop1	0.518	
CV error (K=2): 0.98691
Writing output files.
