****                   ADMIXTURE Version 1.3.0                  ****
****                    Copyright 2008-2015                     ****
****           David Alexander, Suyash Shringarpure,            ****
****                John  Novembre, Ken Lange                   ****
****                                                            ****
****                 Please cite our paper!                     ****
****   Information at www.genetics.ucla.edu/software/admixture  ****

Cross-validation will be performed.  Folds=5.
Random seed: 1544466613
Point estimation method: Block relaxation algorithm
Convergence acceleration algorithm: QuasiNewton, 3 secant conditions
Point estimation will terminate when objective function delta < 0.0001
Estimation of standard errors disabled; will compute point estimates only.
Size of G: 28x2289
Performing five EM steps to prime main algorithm
1 (EM) 	Elapsed: 0.004	Loglikelihood: -49824.8	(delta): 18077.2
2 (EM) 	Elapsed: 0.005	Loglikelihood: -48029.8	(delta): 1794.97
3 (EM) 	Elapsed: 0.002	Loglikelihood: -47022.5	(delta): 1007.31
4 (EM) 	Elapsed: 0.004	Loglikelihood: -46071.4	(delta): 951.151
5 (EM) 	Elapsed: 0.004	Loglikelihood: -45014.4	(delta): 1056.99
Initial loglikelihood: -45014.4
Starting main algorithm
1 (QN/Block) 	Elapsed: 0.028	Loglikelihood: -34508.4	(delta): 10506
2 (QN/Block) 	Elapsed: 0.026	Loglikelihood: -26925.9	(delta): 7582.54
3 (QN/Block) 	Elapsed: 0.029	Loglikelihood: -24204.6	(delta): 2721.27
4 (QN/Block) 	Elapsed: 0.025	Loglikelihood: -23146.5	(delta): 1058.04
5 (QN/Block) 	Elapsed: 0.027	Loglikelihood: -22840	(delta): 306.582
6 (QN/Block) 	Elapsed: 0.027	Loglikelihood: -22719.8	(delta): 120.165
7 (QN/Block) 	Elapsed: 0.03	Loglikelihood: -22690.8	(delta): 28.9953
8 (QN/Block) 	Elapsed: 0.026	Loglikelihood: -22686.8	(delta): 4.03207
9 (QN/Block) 	Elapsed: 0.026	Loglikelihood: -22684	(delta): 2.76315
10 (QN/Block) 	Elapsed: 0.03	Loglikelihood: -22682.5	(delta): 1.51172
11 (QN/Block) 	Elapsed: 0.029	Loglikelihood: -22682.3	(delta): 0.242025
12 (QN/Block) 	Elapsed: 0.03	Loglikelihood: -22682.3	(delta): 0.00135423
13 (QN/Block) 	Elapsed: 0.026	Loglikelihood: -22682.3	(delta): 1.45519e-11
Summary: 
Converged in 13 iterations (0.403 sec)
Loglikelihood: -22682.252440
Fst divergences between estimated populations: 
	Pop0	Pop1	
Pop0	
Pop1	0.564	
Pop2	0.681	0.570	
CV error (K=3): 0.86555
Writing output files.
