****                   ADMIXTURE Version 1.3.0                  ****
****                    Copyright 2008-2015                     ****
****           David Alexander, Suyash Shringarpure,            ****
****                John  Novembre, Ken Lange                   ****
****                                                            ****
****                 Please cite our paper!                     ****
****   Information at www.genetics.ucla.edu/software/admixture  ****

Cross-validation will be performed.  Folds=5.
Random seed: 1544466614
Point estimation method: Block relaxation algorithm
Convergence acceleration algorithm: QuasiNewton, 3 secant conditions
Point estimation will terminate when objective function delta < 0.0001
Estimation of standard errors disabled; will compute point estimates only.
Size of G: 28x2289
Performing five EM steps to prime main algorithm
1 (EM) 	Elapsed: 0.003	Loglikelihood: -48500.8	(delta): 16561.6
2 (EM) 	Elapsed: 0.003	Loglikelihood: -45566.1	(delta): 2934.73
3 (EM) 	Elapsed: 0.004	Loglikelihood: -42903.7	(delta): 2662.45
4 (EM) 	Elapsed: 0.005	Loglikelihood: -39861.2	(delta): 3042.44
5 (EM) 	Elapsed: 0.004	Loglikelihood: -36508.6	(delta): 3352.65
Initial loglikelihood: -36508.6
Starting main algorithm
1 (QN/Block) 	Elapsed: 0.033	Loglikelihood: -26810.5	(delta): 9698.11
2 (QN/Block) 	Elapsed: 0.035	Loglikelihood: -23696.8	(delta): 3113.71
3 (QN/Block) 	Elapsed: 0.032	Loglikelihood: -22438.1	(delta): 1258.62
4 (QN/Block) 	Elapsed: 0.035	Loglikelihood: -21692.9	(delta): 745.202
5 (QN/Block) 	Elapsed: 0.032	Loglikelihood: -21279.7	(delta): 413.217
6 (QN/Block) 	Elapsed: 0.03	Loglikelihood: -21152.7	(delta): 127.031
7 (QN/Block) 	Elapsed: 0.032	Loglikelihood: -21098.1	(delta): 54.5622
8 (QN/Block) 	Elapsed: 0.03	Loglikelihood: -21081.1	(delta): 17.0399
9 (QN/Block) 	Elapsed: 0.03	Loglikelihood: -21076.5	(delta): 4.55789
10 (QN/Block) 	Elapsed: 0.038	Loglikelihood: -21073.5	(delta): 3.07321
11 (QN/Block) 	Elapsed: 0.029	Loglikelihood: -21081.6	(delta): -8.11429
12 (QN/Block) 	Elapsed: 0.028	Loglikelihood: -21075.4	(delta): 6.14584
13 (QN/Block) 	Elapsed: 0.026	Loglikelihood: -21083.7	(delta): -8.3182
14 (QN/Block) 	Elapsed: 0.029	Loglikelihood: -21083.7	(delta): 0.00914135
15 (QN/Block) 	Elapsed: 0.023	Loglikelihood: -21083.7	(delta): 0.0150256
16 (QN/Block) 	Elapsed: 0.029	Loglikelihood: -21083.7	(delta): 1.07884e-06
Summary: 
Converged in 16 iterations (0.537 sec)
Loglikelihood: -21083.713636
Fst divergences between estimated populations: 
	Pop0	Pop1	Pop2	
Pop0	
Pop1	0.777	
Pop2	0.705	0.446	
Pop3	0.570	0.650	0.580	
CV error (K=4): 1.05174
Writing output files.
