****                   ADMIXTURE Version 1.3.0                  ****
****                    Copyright 2008-2015                     ****
****           David Alexander, Suyash Shringarpure,            ****
****                John  Novembre, Ken Lange                   ****
****                                                            ****
****                 Please cite our paper!                     ****
****   Information at www.genetics.ucla.edu/software/admixture  ****

Cross-validation will be performed.  Folds=5.
Random seed: 1544466615
Point estimation method: Block relaxation algorithm
Convergence acceleration algorithm: QuasiNewton, 3 secant conditions
Point estimation will terminate when objective function delta < 0.0001
Estimation of standard errors disabled; will compute point estimates only.
Size of G: 28x2289
Performing five EM steps to prime main algorithm
1 (EM) 	Elapsed: 0.005	Loglikelihood: -48980.4	(delta): 14797
2 (EM) 	Elapsed: 0.004	Loglikelihood: -46608.8	(delta): 2371.56
3 (EM) 	Elapsed: 0.005	Loglikelihood: -44444.4	(delta): 2164.48
4 (EM) 	Elapsed: 0.004	Loglikelihood: -41610	(delta): 2834.31
5 (EM) 	Elapsed: 0.004	Loglikelihood: -38012.2	(delta): 3597.89
Initial loglikelihood: -38012.2
Starting main algorithm
1 (QN/Block) 	Elapsed: 0.029	Loglikelihood: -24642.6	(delta): 13369.5
2 (QN/Block) 	Elapsed: 0.033	Loglikelihood: -21791.5	(delta): 2851.1
3 (QN/Block) 	Elapsed: 0.035	Loglikelihood: -20799.1	(delta): 992.49
4 (QN/Block) 	Elapsed: 0.031	Loglikelihood: -20237.4	(delta): 561.684
5 (QN/Block) 	Elapsed: 0.035	Loglikelihood: -19935.6	(delta): 301.735
6 (QN/Block) 	Elapsed: 0.028	Loglikelihood: -19849	(delta): 86.6041
7 (QN/Block) 	Elapsed: 0.03	Loglikelihood: -19806.8	(delta): 42.2104
8 (QN/Block) 	Elapsed: 0.03	Loglikelihood: -19779	(delta): 27.8261
9 (QN/Block) 	Elapsed: 0.034	Loglikelihood: -19754.3	(delta): 24.7267
10 (QN/Block) 	Elapsed: 0.039	Loglikelihood: -19743	(delta): 11.2853
11 (QN/Block) 	Elapsed: 0.027	Loglikelihood: -19741.1	(delta): 1.93069
12 (QN/Block) 	Elapsed: 0.029	Loglikelihood: -19740.3	(delta): 0.724166
13 (QN/Block) 	Elapsed: 0.028	Loglikelihood: -19738.7	(delta): 1.65742
14 (QN/Block) 	Elapsed: 0.035	Loglikelihood: -19738.7	(delta): 0.0139254
15 (QN/Block) 	Elapsed: 0.032	Loglikelihood: -19738.7	(delta): 3.28837e-05
Summary: 
Converged in 15 iterations (0.525 sec)
Loglikelihood: -19738.657425
Fst divergences between estimated populations: 
	Pop0	Pop1	Pop2	Pop3	
Pop0	
Pop1	0.615	
Pop2	0.386	0.607	
Pop3	0.670	0.694	0.654	
Pop4	0.744	0.758	0.729	0.659	
CV error (K=5): 0.93404
Writing output files.
