****                   ADMIXTURE Version 1.3.0                  ****
****                    Copyright 2008-2015                     ****
****           David Alexander, Suyash Shringarpure,            ****
****                John  Novembre, Ken Lange                   ****
****                                                            ****
****                 Please cite our paper!                     ****
****   Information at www.genetics.ucla.edu/software/admixture  ****

Cross-validation will be performed.  Folds=5.
Random seed: 1544466622
Point estimation method: Block relaxation algorithm
Convergence acceleration algorithm: QuasiNewton, 3 secant conditions
Point estimation will terminate when objective function delta < 0.0001
Estimation of standard errors disabled; will compute point estimates only.
Size of G: 64x1142
Performing five EM steps to prime main algorithm
1 (EM) 	Elapsed: 0.003	Loglikelihood: -57495	(delta): 40407.7
2 (EM) 	Elapsed: 0.003	Loglikelihood: -55327.3	(delta): 2167.66
3 (EM) 	Elapsed: 0.003	Loglikelihood: -54635.3	(delta): 692.049
4 (EM) 	Elapsed: 0.005	Loglikelihood: -54257.4	(delta): 377.867
5 (EM) 	Elapsed: 0.003	Loglikelihood: -54016.5	(delta): 240.921
Initial loglikelihood: -54016.5
Starting main algorithm
1 (QN/Block) 	Elapsed: 0.014	Loglikelihood: -52517.2	(delta): 1499.22
2 (QN/Block) 	Elapsed: 0.016	Loglikelihood: -51724	(delta): 793.253
3 (QN/Block) 	Elapsed: 0.017	Loglikelihood: -51387.7	(delta): 336.328
4 (QN/Block) 	Elapsed: 0.018	Loglikelihood: -51169.1	(delta): 218.521
5 (QN/Block) 	Elapsed: 0.017	Loglikelihood: -51067.8	(delta): 101.354
6 (QN/Block) 	Elapsed: 0.017	Loglikelihood: -50990.6	(delta): 77.1839
7 (QN/Block) 	Elapsed: 0.018	Loglikelihood: -50965.5	(delta): 25.1166
8 (QN/Block) 	Elapsed: 0.015	Loglikelihood: -50954.9	(delta): 10.5938
9 (QN/Block) 	Elapsed: 0.018	Loglikelihood: -50951.5	(delta): 3.43757
10 (QN/Block) 	Elapsed: 0.015	Loglikelihood: -50950.2	(delta): 1.26769
11 (QN/Block) 	Elapsed: 0.026	Loglikelihood: -50949.3	(delta): 0.898249
12 (QN/Block) 	Elapsed: 0.017	Loglikelihood: -50948.8	(delta): 0.511074
13 (QN/Block) 	Elapsed: 0.018	Loglikelihood: -50948.6	(delta): 0.228005
14 (QN/Block) 	Elapsed: 0.018	Loglikelihood: -50948.3	(delta): 0.271746
15 (QN/Block) 	Elapsed: 0.02	Loglikelihood: -50947.9	(delta): 0.384283
16 (QN/Block) 	Elapsed: 0.024	Loglikelihood: -50947.6	(delta): 0.304927
17 (QN/Block) 	Elapsed: 0.024	Loglikelihood: -50947.4	(delta): 0.204054
18 (QN/Block) 	Elapsed: 0.019	Loglikelihood: -50947.2	(delta): 0.158973
19 (QN/Block) 	Elapsed: 0.019	Loglikelihood: -50947	(delta): 0.225914
20 (QN/Block) 	Elapsed: 0.018	Loglikelihood: -50946.6	(delta): 0.421949
21 (QN/Block) 	Elapsed: 0.021	Loglikelihood: -50946.4	(delta): 0.191687
22 (QN/Block) 	Elapsed: 0.019	Loglikelihood: -50946.2	(delta): 0.201861
23 (QN/Block) 	Elapsed: 0.019	Loglikelihood: -50945.9	(delta): 0.245436
24 (QN/Block) 	Elapsed: 0.019	Loglikelihood: -50945.6	(delta): 0.3123
25 (QN/Block) 	Elapsed: 0.019	Loglikelihood: -50945.3	(delta): 0.342771
26 (QN/Block) 	Elapsed: 0.018	Loglikelihood: -50945.1	(delta): 0.234121
27 (QN/Block) 	Elapsed: 0.016	Loglikelihood: -50944.2	(delta): 0.89051
28 (QN/Block) 	Elapsed: 0.02	Loglikelihood: -50941.7	(delta): 2.42163
29 (QN/Block) 	Elapsed: 0.018	Loglikelihood: -50934.2	(delta): 7.56114
30 (QN/Block) 	Elapsed: 0.019	Loglikelihood: -50912.8	(delta): 21.4068
31 (QN/Block) 	Elapsed: 0.019	Loglikelihood: -50879.2	(delta): 33.6194
32 (QN/Block) 	Elapsed: 0.018	Loglikelihood: -50833	(delta): 46.1767
33 (QN/Block) 	Elapsed: 0.019	Loglikelihood: -50813.2	(delta): 19.7881
34 (QN/Block) 	Elapsed: 0.019	Loglikelihood: -50808.2	(delta): 4.96974
35 (QN/Block) 	Elapsed: 0.019	Loglikelihood: -50807.1	(delta): 1.12853
36 (QN/Block) 	Elapsed: 0.016	Loglikelihood: -50806.8	(delta): 0.306515
37 (QN/Block) 	Elapsed: 0.021	Loglikelihood: -50806.7	(delta): 0.121657
38 (QN/Block) 	Elapsed: 0.016	Loglikelihood: -50806.7	(delta): 0.00294039
39 (QN/Block) 	Elapsed: 0.016	Loglikelihood: -50806.7	(delta): 0.000469621
40 (QN/Block) 	Elapsed: 0.018	Loglikelihood: -50806.7	(delta): 0.000135896
41 (QN/Block) 	Elapsed: 0.016	Loglikelihood: -50806.7	(delta): 1.27454e-05
Summary: 
Converged in 41 iterations (0.828 sec)
Loglikelihood: -50806.656384
Fst divergences between estimated populations: 
	Pop0	Pop1	
Pop0	
Pop1	0.130	
Pop2	0.228	0.229	
CV error (K=3): 0.70201
Writing output files.
