****                   ADMIXTURE Version 1.3.0                  ****
****                    Copyright 2008-2015                     ****
****           David Alexander, Suyash Shringarpure,            ****
****                John  Novembre, Ken Lange                   ****
****                                                            ****
****                 Please cite our paper!                     ****
****   Information at www.genetics.ucla.edu/software/admixture  ****

Cross-validation will be performed.  Folds=5.
Random seed: 1544466623
Point estimation method: Block relaxation algorithm
Convergence acceleration algorithm: QuasiNewton, 3 secant conditions
Point estimation will terminate when objective function delta < 0.0001
Estimation of standard errors disabled; will compute point estimates only.
Size of G: 64x1142
Performing five EM steps to prime main algorithm
1 (EM) 	Elapsed: 0.004	Loglikelihood: -57583.2	(delta): 36876.5
2 (EM) 	Elapsed: 0.004	Loglikelihood: -55312.1	(delta): 2271.1
3 (EM) 	Elapsed: 0.006	Loglikelihood: -54583.5	(delta): 728.551
4 (EM) 	Elapsed: 0.005	Loglikelihood: -54123.3	(delta): 460.197
5 (EM) 	Elapsed: 0.004	Loglikelihood: -53788.6	(delta): 334.713
Initial loglikelihood: -53788.6
Starting main algorithm
1 (QN/Block) 	Elapsed: 0.019	Loglikelihood: -51335.3	(delta): 2453.31
2 (QN/Block) 	Elapsed: 0.018	Loglikelihood: -50145.1	(delta): 1190.21
3 (QN/Block) 	Elapsed: 0.021	Loglikelihood: -49588.6	(delta): 556.455
4 (QN/Block) 	Elapsed: 0.02	Loglikelihood: -49250.2	(delta): 338.393
5 (QN/Block) 	Elapsed: 0.019	Loglikelihood: -49053.1	(delta): 197.118
6 (QN/Block) 	Elapsed: 0.02	Loglikelihood: -48896	(delta): 157.095
7 (QN/Block) 	Elapsed: 0.022	Loglikelihood: -48781.8	(delta): 114.202
8 (QN/Block) 	Elapsed: 0.018	Loglikelihood: -48750.5	(delta): 31.3246
9 (QN/Block) 	Elapsed: 0.019	Loglikelihood: -48734.6	(delta): 15.9028
10 (QN/Block) 	Elapsed: 0.018	Loglikelihood: -48731.8	(delta): 2.81391
11 (QN/Block) 	Elapsed: 0.02	Loglikelihood: -48729.9	(delta): 1.86821
12 (QN/Block) 	Elapsed: 0.022	Loglikelihood: -48728.4	(delta): 1.46117
13 (QN/Block) 	Elapsed: 0.023	Loglikelihood: -48727.7	(delta): 0.723355
14 (QN/Block) 	Elapsed: 0.02	Loglikelihood: -48726.9	(delta): 0.788048
15 (QN/Block) 	Elapsed: 0.026	Loglikelihood: -48726.4	(delta): 0.514406
16 (QN/Block) 	Elapsed: 0.025	Loglikelihood: -48726.1	(delta): 0.26867
17 (QN/Block) 	Elapsed: 0.026	Loglikelihood: -48726.1	(delta): 0.0960176
18 (QN/Block) 	Elapsed: 0.02	Loglikelihood: -48726	(delta): 0.0676423
19 (QN/Block) 	Elapsed: 0.023	Loglikelihood: -48725.9	(delta): 0.073432
20 (QN/Block) 	Elapsed: 0.022	Loglikelihood: -48725.8	(delta): 0.143799
21 (QN/Block) 	Elapsed: 0.026	Loglikelihood: -48725.7	(delta): 0.0228556
22 (QN/Block) 	Elapsed: 0.022	Loglikelihood: -48725.7	(delta): 0.0184588
23 (QN/Block) 	Elapsed: 0.022	Loglikelihood: -48725.7	(delta): 0.0286408
24 (QN/Block) 	Elapsed: 0.022	Loglikelihood: -48725.6	(delta): 0.088897
25 (QN/Block) 	Elapsed: 0.022	Loglikelihood: -48725.6	(delta): 0.049403
26 (QN/Block) 	Elapsed: 0.022	Loglikelihood: -48725.5	(delta): 0.0904819
27 (QN/Block) 	Elapsed: 0.023	Loglikelihood: -48725.4	(delta): 0.0606748
28 (QN/Block) 	Elapsed: 0.021	Loglikelihood: -48725.4	(delta): 0.0180717
29 (QN/Block) 	Elapsed: 0.022	Loglikelihood: -48725.4	(delta): 0.0306703
30 (QN/Block) 	Elapsed: 0.022	Loglikelihood: -48725.3	(delta): 0.0109885
31 (QN/Block) 	Elapsed: 0.025	Loglikelihood: -48725.3	(delta): 0.00454712
32 (QN/Block) 	Elapsed: 0.02	Loglikelihood: -48725.3	(delta): 0.00193239
33 (QN/Block) 	Elapsed: 0.022	Loglikelihood: -48725.3	(delta): 0.000544747
34 (QN/Block) 	Elapsed: 0.021	Loglikelihood: -48725.3	(delta): 2.89357e-05
Summary: 
Converged in 34 iterations (0.805 sec)
Loglikelihood: -48725.339448
Fst divergences between estimated populations: 
	Pop0	Pop1	Pop2	
Pop0	
Pop1	0.229	
Pop2	0.147	0.242	
Pop3	0.154	0.253	0.151	
CV error (K=4): 0.76581
Writing output files.
