****                   ADMIXTURE Version 1.3.0                  ****
****                    Copyright 2008-2015                     ****
****           David Alexander, Suyash Shringarpure,            ****
****                John  Novembre, Ken Lange                   ****
****                                                            ****
****                 Please cite our paper!                     ****
****   Information at www.genetics.ucla.edu/software/admixture  ****

Cross-validation will be performed.  Folds=5.
Random seed: 1544466624
Point estimation method: Block relaxation algorithm
Convergence acceleration algorithm: QuasiNewton, 3 secant conditions
Point estimation will terminate when objective function delta < 0.0001
Estimation of standard errors disabled; will compute point estimates only.
Size of G: 64x1142
Performing five EM steps to prime main algorithm
1 (EM) 	Elapsed: 0.01	Loglikelihood: -57804.5	(delta): 34767
2 (EM) 	Elapsed: 0.008	Loglikelihood: -55230.7	(delta): 2573.77
3 (EM) 	Elapsed: 0.007	Loglikelihood: -54361.8	(delta): 868.926
4 (EM) 	Elapsed: 0.007	Loglikelihood: -53809.1	(delta): 552.683
5 (EM) 	Elapsed: 0.007	Loglikelihood: -53401.8	(delta): 407.269
Initial loglikelihood: -53401.8
Starting main algorithm
1 (QN/Block) 	Elapsed: 0.026	Loglikelihood: -50483.7	(delta): 2918.1
2 (QN/Block) 	Elapsed: 0.025	Loglikelihood: -49038.2	(delta): 1445.53
3 (QN/Block) 	Elapsed: 0.024	Loglikelihood: -48452.1	(delta): 586.118
4 (QN/Block) 	Elapsed: 0.027	Loglikelihood: -48114.3	(delta): 337.754
5 (QN/Block) 	Elapsed: 0.025	Loglikelihood: -47898.5	(delta): 215.876
6 (QN/Block) 	Elapsed: 0.024	Loglikelihood: -47768.6	(delta): 129.82
7 (QN/Block) 	Elapsed: 0.024	Loglikelihood: -47643	(delta): 125.658
8 (QN/Block) 	Elapsed: 0.024	Loglikelihood: -47593.5	(delta): 49.5009
9 (QN/Block) 	Elapsed: 0.024	Loglikelihood: -47523.4	(delta): 70.0444
10 (QN/Block) 	Elapsed: 0.024	Loglikelihood: -47502.8	(delta): 20.6475
11 (QN/Block) 	Elapsed: 0.023	Loglikelihood: -47498.3	(delta): 4.46871
12 (QN/Block) 	Elapsed: 0.023	Loglikelihood: -47496.9	(delta): 1.42068
13 (QN/Block) 	Elapsed: 0.023	Loglikelihood: -47495.9	(delta): 1.02312
14 (QN/Block) 	Elapsed: 0.025	Loglikelihood: -47495.1	(delta): 0.747101
15 (QN/Block) 	Elapsed: 0.027	Loglikelihood: -47494.6	(delta): 0.489365
16 (QN/Block) 	Elapsed: 0.031	Loglikelihood: -47494.3	(delta): 0.304082
17 (QN/Block) 	Elapsed: 0.025	Loglikelihood: -47494.1	(delta): 0.2289
18 (QN/Block) 	Elapsed: 0.026	Loglikelihood: -47494	(delta): 0.106352
19 (QN/Block) 	Elapsed: 0.022	Loglikelihood: -47493.9	(delta): 0.102545
20 (QN/Block) 	Elapsed: 0.023	Loglikelihood: -47493.8	(delta): 0.0851742
21 (QN/Block) 	Elapsed: 0.024	Loglikelihood: -47493.8	(delta): 0.00269245
22 (QN/Block) 	Elapsed: 0.025	Loglikelihood: -47493.8	(delta): 0.00108701
23 (QN/Block) 	Elapsed: 0.023	Loglikelihood: -47493.8	(delta): 0.00454308
24 (QN/Block) 	Elapsed: 0.028	Loglikelihood: -47493.8	(delta): 0.000809586
25 (QN/Block) 	Elapsed: 0.023	Loglikelihood: -47493.8	(delta): 0.000385686
26 (QN/Block) 	Elapsed: 0.029	Loglikelihood: -47493.8	(delta): 0.000103677
27 (QN/Block) 	Elapsed: 0.025	Loglikelihood: -47493.8	(delta): 9.05881e-06
Summary: 
Converged in 27 iterations (0.76 sec)
Loglikelihood: -47493.806354
Fst divergences between estimated populations: 
	Pop0	Pop1	Pop2	Pop3	
Pop0	
Pop1	0.156	
Pop2	0.158	0.185	
Pop3	0.135	0.138	0.143	
Pop4	0.243	0.260	0.236	0.224	
CV error (K=5): 0.80274
Writing output files.
