****                   ADMIXTURE Version 1.3.0                  ****
****                    Copyright 2008-2015                     ****
****           David Alexander, Suyash Shringarpure,            ****
****                John  Novembre, Ken Lange                   ****
****                                                            ****
****                 Please cite our paper!                     ****
****   Information at www.genetics.ucla.edu/software/admixture  ****

Cross-validation will be performed.  Folds=5.
Random seed: 1544466626
Point estimation method: Block relaxation algorithm
Convergence acceleration algorithm: QuasiNewton, 3 secant conditions
Point estimation will terminate when objective function delta < 0.0001
Estimation of standard errors disabled; will compute point estimates only.
Size of G: 64x1142
Performing five EM steps to prime main algorithm
1 (EM) 	Elapsed: 0.004	Loglikelihood: -57332.7	(delta): 46918
2 (EM) 	Elapsed: 0.004	Loglikelihood: -55455.9	(delta): 1876.81
3 (EM) 	Elapsed: 0.002	Loglikelihood: -54994.1	(delta): 461.771
4 (EM) 	Elapsed: 0.004	Loglikelihood: -54756.1	(delta): 238.036
5 (EM) 	Elapsed: 0.002	Loglikelihood: -54617.2	(delta): 138.912
Initial loglikelihood: -54617.2
Starting main algorithm
1 (QN/Block) 	Elapsed: 0.022	Loglikelihood: -54048.7	(delta): 568.453
2 (QN/Block) 	Elapsed: 0.019	Loglikelihood: -53558.2	(delta): 490.506
3 (QN/Block) 	Elapsed: 0.017	Loglikelihood: -53161.5	(delta): 396.698
4 (QN/Block) 	Elapsed: 0.023	Loglikelihood: -52936.8	(delta): 224.708
5 (QN/Block) 	Elapsed: 0.016	Loglikelihood: -52848.5	(delta): 88.2784
6 (QN/Block) 	Elapsed: 0.014	Loglikelihood: -52810.8	(delta): 37.7588
7 (QN/Block) 	Elapsed: 0.017	Loglikelihood: -52782.4	(delta): 28.3374
8 (QN/Block) 	Elapsed: 0.013	Loglikelihood: -52768.8	(delta): 13.5763
9 (QN/Block) 	Elapsed: 0.013	Loglikelihood: -52756.7	(delta): 12.1619
10 (QN/Block) 	Elapsed: 0.014	Loglikelihood: -52745.5	(delta): 11.1618
11 (QN/Block) 	Elapsed: 0.013	Loglikelihood: -52738.2	(delta): 7.27974
12 (QN/Block) 	Elapsed: 0.012	Loglikelihood: -52734.6	(delta): 3.62296
13 (QN/Block) 	Elapsed: 0.016	Loglikelihood: -52732.1	(delta): 2.48029
14 (QN/Block) 	Elapsed: 0.013	Loglikelihood: -52730.8	(delta): 1.33711
15 (QN/Block) 	Elapsed: 0.012	Loglikelihood: -52730.4	(delta): 0.377973
16 (QN/Block) 	Elapsed: 0.013	Loglikelihood: -52730.2	(delta): 0.197416
17 (QN/Block) 	Elapsed: 0.012	Loglikelihood: -52730.1	(delta): 0.171209
18 (QN/Block) 	Elapsed: 0.016	Loglikelihood: -52730	(delta): 0.100078
19 (QN/Block) 	Elapsed: 0.016	Loglikelihood: -52729.8	(delta): 0.105571
20 (QN/Block) 	Elapsed: 0.016	Loglikelihood: -52729.8	(delta): 0.0659129
21 (QN/Block) 	Elapsed: 0.017	Loglikelihood: -52729.7	(delta): 0.0403915
22 (QN/Block) 	Elapsed: 0.016	Loglikelihood: -52729.7	(delta): 0.00846194
23 (QN/Block) 	Elapsed: 0.014	Loglikelihood: -52729.7	(delta): 0.00833091
24 (QN/Block) 	Elapsed: 0.016	Loglikelihood: -52729.7	(delta): 0.00234425
25 (QN/Block) 	Elapsed: 0.014	Loglikelihood: -52729.7	(delta): 0.000405659
26 (QN/Block) 	Elapsed: 0.013	Loglikelihood: -52729.7	(delta): 9.88854e-05
Summary: 
Converged in 26 iterations (0.451 sec)
Loglikelihood: -52729.721268
Fst divergences between estimated populations: 
	Pop0	
Pop0	
Pop1	0.124	
CV error (K=2): 0.68154
Writing output files.
