****                   ADMIXTURE Version 1.3.0                  ****
****                    Copyright 2008-2015                     ****
****           David Alexander, Suyash Shringarpure,            ****
****                John  Novembre, Ken Lange                   ****
****                                                            ****
****                 Please cite our paper!                     ****
****   Information at www.genetics.ucla.edu/software/admixture  ****

Cross-validation will be performed.  Folds=5.
Random seed: 1544466626
Point estimation method: Block relaxation algorithm
Convergence acceleration algorithm: QuasiNewton, 3 secant conditions
Point estimation will terminate when objective function delta < 0.0001
Estimation of standard errors disabled; will compute point estimates only.
Size of G: 64x1142
Performing five EM steps to prime main algorithm
1 (EM) 	Elapsed: 0.003	Loglikelihood: -57982.6	(delta): 40166.5
2 (EM) 	Elapsed: 0.003	Loglikelihood: -55646.3	(delta): 2336.27
3 (EM) 	Elapsed: 0.003	Loglikelihood: -54937.8	(delta): 708.475
4 (EM) 	Elapsed: 0.004	Loglikelihood: -54517.3	(delta): 420.515
5 (EM) 	Elapsed: 0.003	Loglikelihood: -54221.9	(delta): 295.368
Initial loglikelihood: -54221.9
Starting main algorithm
1 (QN/Block) 	Elapsed: 0.014	Loglikelihood: -52466.8	(delta): 1755.1
2 (QN/Block) 	Elapsed: 0.016	Loglikelihood: -51825.8	(delta): 640.998
3 (QN/Block) 	Elapsed: 0.017	Loglikelihood: -51418.6	(delta): 407.191
4 (QN/Block) 	Elapsed: 0.023	Loglikelihood: -51059	(delta): 359.682
5 (QN/Block) 	Elapsed: 0.018	Loglikelihood: -50852.6	(delta): 206.306
6 (QN/Block) 	Elapsed: 0.018	Loglikelihood: -50775.4	(delta): 77.2047
7 (QN/Block) 	Elapsed: 0.017	Loglikelihood: -50748.1	(delta): 27.3364
8 (QN/Block) 	Elapsed: 0.019	Loglikelihood: -50697.6	(delta): 50.5346
9 (QN/Block) 	Elapsed: 0.019	Loglikelihood: -50581	(delta): 116.535
10 (QN/Block) 	Elapsed: 0.022	Loglikelihood: -50558	(delta): 23.0769
11 (QN/Block) 	Elapsed: 0.016	Loglikelihood: -50552.8	(delta): 5.17358
12 (QN/Block) 	Elapsed: 0.016	Loglikelihood: -50551.2	(delta): 1.56483
13 (QN/Block) 	Elapsed: 0.019	Loglikelihood: -50550.4	(delta): 0.826685
14 (QN/Block) 	Elapsed: 0.017	Loglikelihood: -50550	(delta): 0.388477
15 (QN/Block) 	Elapsed: 0.017	Loglikelihood: -50549.9	(delta): 0.104478
16 (QN/Block) 	Elapsed: 0.016	Loglikelihood: -50549.9	(delta): 0.0460849
17 (QN/Block) 	Elapsed: 0.02	Loglikelihood: -50549.8	(delta): 0.0120756
18 (QN/Block) 	Elapsed: 0.019	Loglikelihood: -50549.8	(delta): 0.00185552
19 (QN/Block) 	Elapsed: 0.019	Loglikelihood: -50549.8	(delta): 0.000240119
20 (QN/Block) 	Elapsed: 0.017	Loglikelihood: -50549.8	(delta): 4.80166e-05
Summary: 
Converged in 20 iterations (0.408 sec)
Loglikelihood: -50549.840412
Fst divergences between estimated populations: 
	Pop0	Pop1	
Pop0	
Pop1	0.209	
Pop2	0.124	0.234	
CV error (K=3): 0.70702
Writing output files.
