****                   ADMIXTURE Version 1.3.0                  ****
****                    Copyright 2008-2015                     ****
****           David Alexander, Suyash Shringarpure,            ****
****                John  Novembre, Ken Lange                   ****
****                                                            ****
****                 Please cite our paper!                     ****
****   Information at www.genetics.ucla.edu/software/admixture  ****

Cross-validation will be performed.  Folds=5.
Random seed: 1544466627
Point estimation method: Block relaxation algorithm
Convergence acceleration algorithm: QuasiNewton, 3 secant conditions
Point estimation will terminate when objective function delta < 0.0001
Estimation of standard errors disabled; will compute point estimates only.
Size of G: 64x1142
Performing five EM steps to prime main algorithm
1 (EM) 	Elapsed: 0.005	Loglikelihood: -57793.8	(delta): 35070.7
2 (EM) 	Elapsed: 0.004	Loglikelihood: -55526.5	(delta): 2267.26
3 (EM) 	Elapsed: 0.006	Loglikelihood: -54785.7	(delta): 740.839
4 (EM) 	Elapsed: 0.005	Loglikelihood: -54322.4	(delta): 463.336
5 (EM) 	Elapsed: 0.005	Loglikelihood: -53990.3	(delta): 332.029
Initial loglikelihood: -53990.3
Starting main algorithm
1 (QN/Block) 	Elapsed: 0.017	Loglikelihood: -51571.7	(delta): 2418.59
2 (QN/Block) 	Elapsed: 0.018	Loglikelihood: -50473.6	(delta): 1098.17
3 (QN/Block) 	Elapsed: 0.022	Loglikelihood: -49929.1	(delta): 544.496
4 (QN/Block) 	Elapsed: 0.026	Loglikelihood: -49554.3	(delta): 374.783
5 (QN/Block) 	Elapsed: 0.022	Loglikelihood: -49171.4	(delta): 382.85
6 (QN/Block) 	Elapsed: 0.019	Loglikelihood: -48941.8	(delta): 229.593
7 (QN/Block) 	Elapsed: 0.019	Loglikelihood: -48796.5	(delta): 145.308
8 (QN/Block) 	Elapsed: 0.02	Loglikelihood: -48742.2	(delta): 54.3863
9 (QN/Block) 	Elapsed: 0.018	Loglikelihood: -48730.4	(delta): 11.773
10 (QN/Block) 	Elapsed: 0.022	Loglikelihood: -48728.5	(delta): 1.86585
11 (QN/Block) 	Elapsed: 0.018	Loglikelihood: -48727.3	(delta): 1.17524
12 (QN/Block) 	Elapsed: 0.022	Loglikelihood: -48726.6	(delta): 0.708272
13 (QN/Block) 	Elapsed: 0.019	Loglikelihood: -48726.2	(delta): 0.457526
14 (QN/Block) 	Elapsed: 0.021	Loglikelihood: -48725.8	(delta): 0.361376
15 (QN/Block) 	Elapsed: 0.018	Loglikelihood: -48725.6	(delta): 0.167605
16 (QN/Block) 	Elapsed: 0.02	Loglikelihood: -48725.5	(delta): 0.165097
17 (QN/Block) 	Elapsed: 0.023	Loglikelihood: -48725.4	(delta): 0.069044
18 (QN/Block) 	Elapsed: 0.024	Loglikelihood: -48725.4	(delta): 0.0461445
19 (QN/Block) 	Elapsed: 0.02	Loglikelihood: -48725.3	(delta): 0.0230768
20 (QN/Block) 	Elapsed: 0.024	Loglikelihood: -48725.3	(delta): 0.00266595
21 (QN/Block) 	Elapsed: 0.023	Loglikelihood: -48725.3	(delta): 0.00100029
22 (QN/Block) 	Elapsed: 0.021	Loglikelihood: -48725.3	(delta): 0.000123053
23 (QN/Block) 	Elapsed: 0.018	Loglikelihood: -48725.3	(delta): 3.84682e-05
Summary: 
Converged in 23 iterations (0.537 sec)
Loglikelihood: -48725.339409
Fst divergences between estimated populations: 
	Pop0	Pop1	Pop2	
Pop0	
Pop1	0.229	
Pop2	0.253	0.154	
Pop3	0.242	0.147	0.151	
CV error (K=4): 0.73809
Writing output files.
