****                   ADMIXTURE Version 1.3.0                  ****
****                    Copyright 2008-2015                     ****
****           David Alexander, Suyash Shringarpure,            ****
****                John  Novembre, Ken Lange                   ****
****                                                            ****
****                 Please cite our paper!                     ****
****   Information at www.genetics.ucla.edu/software/admixture  ****

Cross-validation will be performed.  Folds=5.
Random seed: 1544466770
Point estimation method: Block relaxation algorithm
Convergence acceleration algorithm: QuasiNewton, 3 secant conditions
Point estimation will terminate when objective function delta < 0.0001
Estimation of standard errors disabled; will compute point estimates only.
Size of G: 95x4161
Performing five EM steps to prime main algorithm
1 (EM) 	Elapsed: 0.012	Loglikelihood: -281776	(delta): 229947
2 (EM) 	Elapsed: 0.012	Loglikelihood: -273546	(delta): 8229.84
3 (EM) 	Elapsed: 0.013	Loglikelihood: -271303	(delta): 2242.97
4 (EM) 	Elapsed: 0.011	Loglikelihood: -270191	(delta): 1112.17
5 (EM) 	Elapsed: 0.013	Loglikelihood: -269538	(delta): 652.997
Initial loglikelihood: -269538
Starting main algorithm
1 (QN/Block) 	Elapsed: 0.052	Loglikelihood: -255164	(delta): 14373.8
2 (QN/Block) 	Elapsed: 0.052	Loglikelihood: -229170	(delta): 25994.1
3 (QN/Block) 	Elapsed: 0.06	Loglikelihood: -220269	(delta): 8900.9
4 (QN/Block) 	Elapsed: 0.061	Loglikelihood: -207415	(delta): 12853.7
5 (QN/Block) 	Elapsed: 0.062	Loglikelihood: -193982	(delta): 13433
6 (QN/Block) 	Elapsed: 0.066	Loglikelihood: -192587	(delta): 1395.07
7 (QN/Block) 	Elapsed: 0.062	Loglikelihood: -192108	(delta): 479.347
8 (QN/Block) 	Elapsed: 0.073	Loglikelihood: -192041	(delta): 67.1155
9 (QN/Block) 	Elapsed: 0.057	Loglikelihood: -192014	(delta): 26.815
10 (QN/Block) 	Elapsed: 0.064	Loglikelihood: -192009	(delta): 4.37138
11 (QN/Block) 	Elapsed: 0.069	Loglikelihood: -192009	(delta): 0.0570719
12 (QN/Block) 	Elapsed: 0.058	Loglikelihood: -192009	(delta): 0.000408607
13 (QN/Block) 	Elapsed: 0.055	Loglikelihood: -192009	(delta): 0.000157853
14 (QN/Block) 	Elapsed: 0.066	Loglikelihood: -192009	(delta): 3.47797e-06
Summary: 
Converged in 14 iterations (1 sec)
Loglikelihood: -192009.376629
Fst divergences between estimated populations: 
	Pop0	
Pop0	
Pop1	0.473	
CV error (K=2): 0.54557
Writing output files.
