****                   ADMIXTURE Version 1.3.0                  ****
****                    Copyright 2008-2015                     ****
****           David Alexander, Suyash Shringarpure,            ****
****                John  Novembre, Ken Lange                   ****
****                                                            ****
****                 Please cite our paper!                     ****
****   Information at www.genetics.ucla.edu/software/admixture  ****

Cross-validation will be performed.  Folds=5.
Random seed: 1544466772
Point estimation method: Block relaxation algorithm
Convergence acceleration algorithm: QuasiNewton, 3 secant conditions
Point estimation will terminate when objective function delta < 0.0001
Estimation of standard errors disabled; will compute point estimates only.
Size of G: 95x4161
Performing five EM steps to prime main algorithm
1 (EM) 	Elapsed: 0.017	Loglikelihood: -284270	(delta): 191094
2 (EM) 	Elapsed: 0.02	Loglikelihood: -272316	(delta): 11954.3
3 (EM) 	Elapsed: 0.017	Loglikelihood: -266435	(delta): 5881.19
4 (EM) 	Elapsed: 0.019	Loglikelihood: -260738	(delta): 5697.18
5 (EM) 	Elapsed: 0.018	Loglikelihood: -254741	(delta): 5996.95
Initial loglikelihood: -254741
Starting main algorithm
1 (QN/Block) 	Elapsed: 0.062	Loglikelihood: -203098	(delta): 51643
2 (QN/Block) 	Elapsed: 0.071	Loglikelihood: -182285	(delta): 20812.3
3 (QN/Block) 	Elapsed: 0.079	Loglikelihood: -177811	(delta): 4474.49
4 (QN/Block) 	Elapsed: 0.088	Loglikelihood: -176351	(delta): 1460.22
5 (QN/Block) 	Elapsed: 0.097	Loglikelihood: -175767	(delta): 583.762
6 (QN/Block) 	Elapsed: 0.076	Loglikelihood: -175555	(delta): 211.771
7 (QN/Block) 	Elapsed: 0.081	Loglikelihood: -175518	(delta): 37.3918
8 (QN/Block) 	Elapsed: 0.09	Loglikelihood: -175515	(delta): 3.13927
9 (QN/Block) 	Elapsed: 0.07	Loglikelihood: -175513	(delta): 1.5391
10 (QN/Block) 	Elapsed: 0.086	Loglikelihood: -175513	(delta): 0.0805574
11 (QN/Block) 	Elapsed: 0.086	Loglikelihood: -175513	(delta): 0.000250611
12 (QN/Block) 	Elapsed: 0.072	Loglikelihood: -175513	(delta): 0.000136084
13 (QN/Block) 	Elapsed: 0.084	Loglikelihood: -175513	(delta): 2.61965e-05
Summary: 
Converged in 13 iterations (1.213 sec)
Loglikelihood: -175512.986618
Fst divergences between estimated populations: 
	Pop0	Pop1	
Pop0	
Pop1	0.551	
Pop2	0.534	0.582	
CV error (K=3): 0.51542
Writing output files.
