****                   ADMIXTURE Version 1.3.0                  ****
****                    Copyright 2008-2015                     ****
****           David Alexander, Suyash Shringarpure,            ****
****                John  Novembre, Ken Lange                   ****
****                                                            ****
****                 Please cite our paper!                     ****
****   Information at www.genetics.ucla.edu/software/admixture  ****

Cross-validation will be performed.  Folds=5.
Random seed: 1544466774
Point estimation method: Block relaxation algorithm
Convergence acceleration algorithm: QuasiNewton, 3 secant conditions
Point estimation will terminate when objective function delta < 0.0001
Estimation of standard errors disabled; will compute point estimates only.
Size of G: 95x4161
Performing five EM steps to prime main algorithm
1 (EM) 	Elapsed: 0.025	Loglikelihood: -283282	(delta): 172029
2 (EM) 	Elapsed: 0.025	Loglikelihood: -270585	(delta): 12697.3
3 (EM) 	Elapsed: 0.026	Loglikelihood: -263207	(delta): 7377.26
4 (EM) 	Elapsed: 0.035	Loglikelihood: -254917	(delta): 8290.13
5 (EM) 	Elapsed: 0.025	Loglikelihood: -245271	(delta): 9646.58
Initial loglikelihood: -245271
Starting main algorithm
1 (QN/Block) 	Elapsed: 0.081	Loglikelihood: -195264	(delta): 50006.8
2 (QN/Block) 	Elapsed: 0.08	Loglikelihood: -185779	(delta): 9484.86
3 (QN/Block) 	Elapsed: 0.094	Loglikelihood: -181833	(delta): 3945.89
4 (QN/Block) 	Elapsed: 0.099	Loglikelihood: -178688	(delta): 3145.09
5 (QN/Block) 	Elapsed: 0.087	Loglikelihood: -176976	(delta): 1712.14
6 (QN/Block) 	Elapsed: 0.093	Loglikelihood: -176162	(delta): 813.54
7 (QN/Block) 	Elapsed: 0.083	Loglikelihood: -175724	(delta): 438.389
8 (QN/Block) 	Elapsed: 0.09	Loglikelihood: -175512	(delta): 211.777
9 (QN/Block) 	Elapsed: 0.095	Loglikelihood: -175370	(delta): 142.459
10 (QN/Block) 	Elapsed: 0.09	Loglikelihood: -175283	(delta): 87.0161
11 (QN/Block) 	Elapsed: 0.097	Loglikelihood: -175259	(delta): 23.6721
12 (QN/Block) 	Elapsed: 0.087	Loglikelihood: -175255	(delta): 4.39992
13 (QN/Block) 	Elapsed: 0.083	Loglikelihood: -175253	(delta): 1.27976
14 (QN/Block) 	Elapsed: 0.087	Loglikelihood: -175253	(delta): 0.0606654
15 (QN/Block) 	Elapsed: 0.083	Loglikelihood: -175253	(delta): 0.0192919
16 (QN/Block) 	Elapsed: 0.096	Loglikelihood: -175253	(delta): 0.00330343
17 (QN/Block) 	Elapsed: 0.086	Loglikelihood: -175253	(delta): 0.000358864
18 (QN/Block) 	Elapsed: 0.088	Loglikelihood: -175253	(delta): 2.79648e-05
Summary: 
Converged in 18 iterations (1.844 sec)
Loglikelihood: -175253.174241
Fst divergences between estimated populations: 
	Pop0	Pop1	Pop2	
Pop0	
Pop1	0.167	
Pop2	0.501	0.478	
Pop3	0.162	0.201	0.520	
CV error (K=4): 0.54693
Writing output files.
