****                   ADMIXTURE Version 1.3.0                  ****
****                    Copyright 2008-2015                     ****
****           David Alexander, Suyash Shringarpure,            ****
****                John  Novembre, Ken Lange                   ****
****                                                            ****
****                 Please cite our paper!                     ****
****   Information at www.genetics.ucla.edu/software/admixture  ****

Cross-validation will be performed.  Folds=5.
Random seed: 1544466778
Point estimation method: Block relaxation algorithm
Convergence acceleration algorithm: QuasiNewton, 3 secant conditions
Point estimation will terminate when objective function delta < 0.0001
Estimation of standard errors disabled; will compute point estimates only.
Size of G: 95x4161
Performing five EM steps to prime main algorithm
1 (EM) 	Elapsed: 0.033	Loglikelihood: -283392	(delta): 171170
2 (EM) 	Elapsed: 0.032	Loglikelihood: -269759	(delta): 13633.4
3 (EM) 	Elapsed: 0.032	Loglikelihood: -261506	(delta): 8252.22
4 (EM) 	Elapsed: 0.032	Loglikelihood: -251659	(delta): 9847.4
5 (EM) 	Elapsed: 0.037	Loglikelihood: -239770	(delta): 11889.4
Initial loglikelihood: -239770
Starting main algorithm
1 (QN/Block) 	Elapsed: 0.098	Loglikelihood: -188751	(delta): 51018.3
2 (QN/Block) 	Elapsed: 0.095	Loglikelihood: -172690	(delta): 16061.5
3 (QN/Block) 	Elapsed: 0.107	Loglikelihood: -165196	(delta): 7493.76
4 (QN/Block) 	Elapsed: 0.108	Loglikelihood: -161699	(delta): 3497.2
5 (QN/Block) 	Elapsed: 0.108	Loglikelihood: -160060	(delta): 1639.17
6 (QN/Block) 	Elapsed: 0.118	Loglikelihood: -159285	(delta): 774.337
7 (QN/Block) 	Elapsed: 0.099	Loglikelihood: -159007	(delta): 278.352
8 (QN/Block) 	Elapsed: 0.116	Loglikelihood: -158895	(delta): 111.883
9 (QN/Block) 	Elapsed: 0.117	Loglikelihood: -158860	(delta): 35.0605
10 (QN/Block) 	Elapsed: 0.109	Loglikelihood: -158851	(delta): 9.5835
11 (QN/Block) 	Elapsed: 0.099	Loglikelihood: -158848	(delta): 2.87111
12 (QN/Block) 	Elapsed: 0.111	Loglikelihood: -158847	(delta): 1.08679
13 (QN/Block) 	Elapsed: 0.112	Loglikelihood: -158846	(delta): 0.700366
14 (QN/Block) 	Elapsed: 0.109	Loglikelihood: -158846	(delta): 0.0466062
15 (QN/Block) 	Elapsed: 0.105	Loglikelihood: -158846	(delta): 0.00623752
16 (QN/Block) 	Elapsed: 0.099	Loglikelihood: -158846	(delta): 0.00292027
17 (QN/Block) 	Elapsed: 0.104	Loglikelihood: -158846	(delta): 0.00203338
18 (QN/Block) 	Elapsed: 0.124	Loglikelihood: -158846	(delta): 0.000747562
19 (QN/Block) 	Elapsed: 0.101	Loglikelihood: -158846	(delta): 1.03716e-05
Summary: 
Converged in 19 iterations (2.323 sec)
Loglikelihood: -158845.802294
Fst divergences between estimated populations: 
	Pop0	Pop1	Pop2	Pop3	
Pop0	
Pop1	0.542	
Pop2	0.604	0.559	
Pop3	0.630	0.579	0.161	
Pop4	0.585	0.538	0.166	0.201	
CV error (K=5): 0.51790
Writing output files.
