****                   ADMIXTURE Version 1.3.0                  ****
****                    Copyright 2008-2015                     ****
****           David Alexander, Suyash Shringarpure,            ****
****                John  Novembre, Ken Lange                   ****
****                                                            ****
****                 Please cite our paper!                     ****
****   Information at www.genetics.ucla.edu/software/admixture  ****

Cross-validation will be performed.  Folds=5.
Random seed: 1544466586
Point estimation method: Block relaxation algorithm
Convergence acceleration algorithm: QuasiNewton, 3 secant conditions
Point estimation will terminate when objective function delta < 0.0001
Estimation of standard errors disabled; will compute point estimates only.
Size of G: 67x2396
Performing five EM steps to prime main algorithm
1 (EM) 	Elapsed: 0.005	Loglikelihood: -137679	(delta): 87322.4
2 (EM) 	Elapsed: 0.008	Loglikelihood: -133430	(delta): 4249.28
3 (EM) 	Elapsed: 0.008	Loglikelihood: -132111	(delta): 1318.45
4 (EM) 	Elapsed: 0.005	Loglikelihood: -131441	(delta): 670.014
5 (EM) 	Elapsed: 0.005	Loglikelihood: -131042	(delta): 399.651
Initial loglikelihood: -131042
Starting main algorithm
1 (QN/Block) 	Elapsed: 0.027	Loglikelihood: -127239	(delta): 3803.2
2 (QN/Block) 	Elapsed: 0.025	Loglikelihood: -124599	(delta): 2639.36
3 (QN/Block) 	Elapsed: 0.03	Loglikelihood: -123794	(delta): 804.699
4 (QN/Block) 	Elapsed: 0.029	Loglikelihood: -122729	(delta): 1065.5
5 (QN/Block) 	Elapsed: 0.03	Loglikelihood: -122335	(delta): 393.86
6 (QN/Block) 	Elapsed: 0.027	Loglikelihood: -122288	(delta): 47.1526
7 (QN/Block) 	Elapsed: 0.034	Loglikelihood: -122282	(delta): 5.51384
8 (QN/Block) 	Elapsed: 0.027	Loglikelihood: -122282	(delta): 0.830579
9 (QN/Block) 	Elapsed: 0.037	Loglikelihood: -122282	(delta): 0.0309645
10 (QN/Block) 	Elapsed: 0.026	Loglikelihood: -122282	(delta): 0.0157507
11 (QN/Block) 	Elapsed: 0.028	Loglikelihood: -122282	(delta): 0.0026926
12 (QN/Block) 	Elapsed: 0.026	Loglikelihood: -122282	(delta): 0.000225614
13 (QN/Block) 	Elapsed: 0.031	Loglikelihood: -122282	(delta): 1.66528e-05
Summary: 
Converged in 13 iterations (0.449 sec)
Loglikelihood: -122281.587336
Fst divergences between estimated populations: 
	Pop0	
Pop0	
Pop1	0.163	
CV error (K=2): 0.74209
Writing output files.
