****                   ADMIXTURE Version 1.3.0                  ****
****                    Copyright 2008-2015                     ****
****           David Alexander, Suyash Shringarpure,            ****
****                John  Novembre, Ken Lange                   ****
****                                                            ****
****                 Please cite our paper!                     ****
****   Information at www.genetics.ucla.edu/software/admixture  ****

Cross-validation will be performed.  Folds=5.
Random seed: 1544466589
Point estimation method: Block relaxation algorithm
Convergence acceleration algorithm: QuasiNewton, 3 secant conditions
Point estimation will terminate when objective function delta < 0.0001
Estimation of standard errors disabled; will compute point estimates only.
Size of G: 67x2396
Performing five EM steps to prime main algorithm
1 (EM) 	Elapsed: 0.011	Loglikelihood: -137816	(delta): 63395.7
2 (EM) 	Elapsed: 0.011	Loglikelihood: -133043	(delta): 4772.6
3 (EM) 	Elapsed: 0.01	Loglikelihood: -131187	(delta): 1856.74
4 (EM) 	Elapsed: 0.011	Loglikelihood: -129877	(delta): 1309.56
5 (EM) 	Elapsed: 0.011	Loglikelihood: -128811	(delta): 1066.25
Initial loglikelihood: -128811
Starting main algorithm
1 (QN/Block) 	Elapsed: 0.038	Loglikelihood: -119761	(delta): 9050.07
2 (QN/Block) 	Elapsed: 0.043	Loglikelihood: -117214	(delta): 2546.43
3 (QN/Block) 	Elapsed: 0.044	Loglikelihood: -115550	(delta): 1664.14
4 (QN/Block) 	Elapsed: 0.046	Loglikelihood: -114355	(delta): 1195.61
5 (QN/Block) 	Elapsed: 0.047	Loglikelihood: -113934	(delta): 420.916
6 (QN/Block) 	Elapsed: 0.042	Loglikelihood: -113814	(delta): 119.59
7 (QN/Block) 	Elapsed: 0.041	Loglikelihood: -113742	(delta): 71.9515
8 (QN/Block) 	Elapsed: 0.04	Loglikelihood: -113633	(delta): 108.724
9 (QN/Block) 	Elapsed: 0.041	Loglikelihood: -113577	(delta): 56.1559
10 (QN/Block) 	Elapsed: 0.041	Loglikelihood: -113543	(delta): 34.4545
11 (QN/Block) 	Elapsed: 0.046	Loglikelihood: -113517	(delta): 25.9242
12 (QN/Block) 	Elapsed: 0.043	Loglikelihood: -113495	(delta): 22.2913
13 (QN/Block) 	Elapsed: 0.048	Loglikelihood: -113465	(delta): 29.2468
14 (QN/Block) 	Elapsed: 0.051	Loglikelihood: -113412	(delta): 53.4552
15 (QN/Block) 	Elapsed: 0.041	Loglikelihood: -113381	(delta): 30.3723
16 (QN/Block) 	Elapsed: 0.041	Loglikelihood: -113368	(delta): 13.9465
17 (QN/Block) 	Elapsed: 0.042	Loglikelihood: -113355	(delta): 12.331
18 (QN/Block) 	Elapsed: 0.041	Loglikelihood: -113337	(delta): 18.1521
19 (QN/Block) 	Elapsed: 0.042	Loglikelihood: -113325	(delta): 12.0061
20 (QN/Block) 	Elapsed: 0.048	Loglikelihood: -113315	(delta): 9.90529
21 (QN/Block) 	Elapsed: 0.049	Loglikelihood: -113308	(delta): 6.70788
22 (QN/Block) 	Elapsed: 0.045	Loglikelihood: -113304	(delta): 4.9059
23 (QN/Block) 	Elapsed: 0.044	Loglikelihood: -113293	(delta): 10.7472
24 (QN/Block) 	Elapsed: 0.043	Loglikelihood: -113291	(delta): 1.88399
25 (QN/Block) 	Elapsed: 0.044	Loglikelihood: -113290	(delta): 0.906608
26 (QN/Block) 	Elapsed: 0.047	Loglikelihood: -113290	(delta): 0.285891
27 (QN/Block) 	Elapsed: 0.047	Loglikelihood: -113289	(delta): 0.261754
28 (QN/Block) 	Elapsed: 0.046	Loglikelihood: -113289	(delta): 0.108792
29 (QN/Block) 	Elapsed: 0.04	Loglikelihood: -113289	(delta): 0.0468414
30 (QN/Block) 	Elapsed: 0.041	Loglikelihood: -113289	(delta): 0.0475256
31 (QN/Block) 	Elapsed: 0.04	Loglikelihood: -113289	(delta): 0.0393188
32 (QN/Block) 	Elapsed: 0.047	Loglikelihood: -113289	(delta): 0.0432053
33 (QN/Block) 	Elapsed: 0.041	Loglikelihood: -113289	(delta): 0.0536928
34 (QN/Block) 	Elapsed: 0.047	Loglikelihood: -113289	(delta): 0.0249203
35 (QN/Block) 	Elapsed: 0.042	Loglikelihood: -113289	(delta): 0.0155181
36 (QN/Block) 	Elapsed: 0.044	Loglikelihood: -113289	(delta): 0.00247731
37 (QN/Block) 	Elapsed: 0.041	Loglikelihood: -113289	(delta): 0.00027037
38 (QN/Block) 	Elapsed: 0.04	Loglikelihood: -113289	(delta): 0.000162513
39 (QN/Block) 	Elapsed: 0.041	Loglikelihood: -113289	(delta): 2.6032e-05
Summary: 
Converged in 39 iterations (1.846 sec)
Loglikelihood: -113289.038825
Fst divergences between estimated populations: 
	Pop0	Pop1	Pop2	
Pop0	
Pop1	0.139	
Pop2	0.219	0.186	
Pop3	0.218	0.179	0.215	
CV error (K=4): 0.79616
Writing output files.
