****                   ADMIXTURE Version 1.3.0                  ****
****                    Copyright 2008-2015                     ****
****           David Alexander, Suyash Shringarpure,            ****
****                John  Novembre, Ken Lange                   ****
****                                                            ****
****                 Please cite our paper!                     ****
****   Information at www.genetics.ucla.edu/software/admixture  ****

Cross-validation will be performed.  Folds=5.
Random seed: 1544466592
Point estimation method: Block relaxation algorithm
Convergence acceleration algorithm: QuasiNewton, 3 secant conditions
Point estimation will terminate when objective function delta < 0.0001
Estimation of standard errors disabled; will compute point estimates only.
Size of G: 67x2396
Performing five EM steps to prime main algorithm
1 (EM) 	Elapsed: 0.014	Loglikelihood: -137681	(delta): 61292.1
2 (EM) 	Elapsed: 0.013	Loglikelihood: -132631	(delta): 5050.73
3 (EM) 	Elapsed: 0.016	Loglikelihood: -130466	(delta): 2164.9
4 (EM) 	Elapsed: 0.013	Loglikelihood: -128925	(delta): 1541.04
5 (EM) 	Elapsed: 0.013	Loglikelihood: -127705	(delta): 1219.75
Initial loglikelihood: -127705
Starting main algorithm
1 (QN/Block) 	Elapsed: 0.051	Loglikelihood: -117843	(delta): 9862.31
2 (QN/Block) 	Elapsed: 0.045	Loglikelihood: -114324	(delta): 3518.43
3 (QN/Block) 	Elapsed: 0.06	Loglikelihood: -112379	(delta): 1945.4
4 (QN/Block) 	Elapsed: 0.055	Loglikelihood: -111382	(delta): 996.34
5 (QN/Block) 	Elapsed: 0.048	Loglikelihood: -110966	(delta): 416.746
6 (QN/Block) 	Elapsed: 0.051	Loglikelihood: -110794	(delta): 171.897
7 (QN/Block) 	Elapsed: 0.052	Loglikelihood: -110663	(delta): 130.972
8 (QN/Block) 	Elapsed: 0.05	Loglikelihood: -110546	(delta): 116.774
9 (QN/Block) 	Elapsed: 0.054	Loglikelihood: -110390	(delta): 156.182
10 (QN/Block) 	Elapsed: 0.051	Loglikelihood: -110183	(delta): 206.365
11 (QN/Block) 	Elapsed: 0.047	Loglikelihood: -109910	(delta): 273.831
12 (QN/Block) 	Elapsed: 0.051	Loglikelihood: -109496	(delta): 413.675
13 (QN/Block) 	Elapsed: 0.055	Loglikelihood: -108948	(delta): 547.833
14 (QN/Block) 	Elapsed: 0.052	Loglikelihood: -108832	(delta): 116.359
15 (QN/Block) 	Elapsed: 0.051	Loglikelihood: -108812	(delta): 20.2137
16 (QN/Block) 	Elapsed: 0.05	Loglikelihood: -108802	(delta): 9.40907
17 (QN/Block) 	Elapsed: 0.063	Loglikelihood: -108793	(delta): 9.43551
18 (QN/Block) 	Elapsed: 0.048	Loglikelihood: -108786	(delta): 6.35902
19 (QN/Block) 	Elapsed: 0.058	Loglikelihood: -108781	(delta): 5.59715
20 (QN/Block) 	Elapsed: 0.054	Loglikelihood: -108775	(delta): 6.15172
21 (QN/Block) 	Elapsed: 0.056	Loglikelihood: -108768	(delta): 6.20506
22 (QN/Block) 	Elapsed: 0.054	Loglikelihood: -108762	(delta): 6.46417
23 (QN/Block) 	Elapsed: 0.054	Loglikelihood: -108759	(delta): 2.68099
24 (QN/Block) 	Elapsed: 0.06	Loglikelihood: -108758	(delta): 1.40708
25 (QN/Block) 	Elapsed: 0.054	Loglikelihood: -108756	(delta): 1.61488
26 (QN/Block) 	Elapsed: 0.056	Loglikelihood: -108754	(delta): 1.91275
27 (QN/Block) 	Elapsed: 0.054	Loglikelihood: -108752	(delta): 2.56724
28 (QN/Block) 	Elapsed: 0.056	Loglikelihood: -108749	(delta): 3.17732
29 (QN/Block) 	Elapsed: 0.054	Loglikelihood: -108745	(delta): 3.43442
30 (QN/Block) 	Elapsed: 0.056	Loglikelihood: -108742	(delta): 3.37801
31 (QN/Block) 	Elapsed: 0.054	Loglikelihood: -108738	(delta): 3.63378
32 (QN/Block) 	Elapsed: 0.054	Loglikelihood: -108736	(delta): 2.29009
33 (QN/Block) 	Elapsed: 0.054	Loglikelihood: -108735	(delta): 0.783745
34 (QN/Block) 	Elapsed: 0.05	Loglikelihood: -108735	(delta): 0.480922
35 (QN/Block) 	Elapsed: 0.053	Loglikelihood: -108734	(delta): 0.251264
36 (QN/Block) 	Elapsed: 0.051	Loglikelihood: -108734	(delta): 0.242254
37 (QN/Block) 	Elapsed: 0.056	Loglikelihood: -108734	(delta): 0.20116
38 (QN/Block) 	Elapsed: 0.047	Loglikelihood: -108734	(delta): 0.315779
39 (QN/Block) 	Elapsed: 0.05	Loglikelihood: -108733	(delta): 0.127775
40 (QN/Block) 	Elapsed: 0.05	Loglikelihood: -108733	(delta): 0.0765415
41 (QN/Block) 	Elapsed: 0.051	Loglikelihood: -108733	(delta): 0.0723007
42 (QN/Block) 	Elapsed: 0.049	Loglikelihood: -108733	(delta): 0.0268033
43 (QN/Block) 	Elapsed: 0.047	Loglikelihood: -108733	(delta): 0.0234655
44 (QN/Block) 	Elapsed: 0.06	Loglikelihood: -108733	(delta): 0.0130506
45 (QN/Block) 	Elapsed: 0.046	Loglikelihood: -108733	(delta): 0.0364527
46 (QN/Block) 	Elapsed: 0.056	Loglikelihood: -108733	(delta): 0.0209623
47 (QN/Block) 	Elapsed: 0.051	Loglikelihood: -108733	(delta): 0.0164767
48 (QN/Block) 	Elapsed: 0.049	Loglikelihood: -108733	(delta): 0.0151773
49 (QN/Block) 	Elapsed: 0.052	Loglikelihood: -108733	(delta): 0.00875196
50 (QN/Block) 	Elapsed: 0.056	Loglikelihood: -108733	(delta): 0.00561357
51 (QN/Block) 	Elapsed: 0.048	Loglikelihood: -108733	(delta): 0.00278918
52 (QN/Block) 	Elapsed: 0.047	Loglikelihood: -108733	(delta): 0.000422388
53 (QN/Block) 	Elapsed: 0.05	Loglikelihood: -108733	(delta): 7.78337e-05
Summary: 
Converged in 53 iterations (2.99 sec)
Loglikelihood: -108733.069817
Fst divergences between estimated populations: 
	Pop0	Pop1	Pop2	Pop3	
Pop0	
Pop1	0.262	
Pop2	0.263	0.268	
Pop3	0.271	0.273	0.218	
Pop4	0.237	0.242	0.180	0.139	
CV error (K=5): 0.83048
Writing output files.
