****                   ADMIXTURE Version 1.3.0                  ****
****                    Copyright 2008-2015                     ****
****           David Alexander, Suyash Shringarpure,            ****
****                John  Novembre, Ken Lange                   ****
****                                                            ****
****                 Please cite our paper!                     ****
****   Information at www.genetics.ucla.edu/software/admixture  ****

Cross-validation will be performed.  Folds=5.
Random seed: 1544466833
Point estimation method: Block relaxation algorithm
Convergence acceleration algorithm: QuasiNewton, 3 secant conditions
Point estimation will terminate when objective function delta < 0.0001
Estimation of standard errors disabled; will compute point estimates only.
Size of G: 95x1675
Performing five EM steps to prime main algorithm
1 (EM) 	Elapsed: 0.004	Loglikelihood: -101395	(delta): 87103.4
2 (EM) 	Elapsed: 0.004	Loglikelihood: -97924.5	(delta): 3470.07
3 (EM) 	Elapsed: 0.004	Loglikelihood: -96915.9	(delta): 1008.64
4 (EM) 	Elapsed: 0.004	Loglikelihood: -96202.8	(delta): 713.071
5 (EM) 	Elapsed: 0.004	Loglikelihood: -95418	(delta): 784.85
Initial loglikelihood: -95418
Starting main algorithm
1 (QN/Block) 	Elapsed: 0.019	Loglikelihood: -75719.9	(delta): 19698.1
2 (QN/Block) 	Elapsed: 0.02	Loglikelihood: -72368.6	(delta): 3351.24
3 (QN/Block) 	Elapsed: 0.026	Loglikelihood: -70874	(delta): 1494.59
4 (QN/Block) 	Elapsed: 0.023	Loglikelihood: -69684.5	(delta): 1189.56
5 (QN/Block) 	Elapsed: 0.033	Loglikelihood: -68917.8	(delta): 766.693
6 (QN/Block) 	Elapsed: 0.022	Loglikelihood: -68648.2	(delta): 269.539
7 (QN/Block) 	Elapsed: 0.026	Loglikelihood: -68606.2	(delta): 42.0362
8 (QN/Block) 	Elapsed: 0.025	Loglikelihood: -68601.6	(delta): 4.6121
9 (QN/Block) 	Elapsed: 0.025	Loglikelihood: -68601.5	(delta): 0.0598949
10 (QN/Block) 	Elapsed: 0.026	Loglikelihood: -68601.5	(delta): 2.88128e-09
Summary: 
Converged in 10 iterations (0.294 sec)
Loglikelihood: -68601.518018
Fst divergences between estimated populations: 
	Pop0	
Pop0	
Pop1	0.573	
CV error (K=2): 0.48894
Writing output files.
