****                   ADMIXTURE Version 1.3.0                  ****
****                    Copyright 2008-2015                     ****
****           David Alexander, Suyash Shringarpure,            ****
****                John  Novembre, Ken Lange                   ****
****                                                            ****
****                 Please cite our paper!                     ****
****   Information at www.genetics.ucla.edu/software/admixture  ****

Cross-validation will be performed.  Folds=5.
Random seed: 1544466833
Point estimation method: Block relaxation algorithm
Convergence acceleration algorithm: QuasiNewton, 3 secant conditions
Point estimation will terminate when objective function delta < 0.0001
Estimation of standard errors disabled; will compute point estimates only.
Size of G: 95x1675
Performing five EM steps to prime main algorithm
1 (EM) 	Elapsed: 0.008	Loglikelihood: -101474	(delta): 75533.1
2 (EM) 	Elapsed: 0.006	Loglikelihood: -96739.2	(delta): 4734.33
3 (EM) 	Elapsed: 0.007	Loglikelihood: -94346.4	(delta): 2392.83
4 (EM) 	Elapsed: 0.006	Loglikelihood: -92042.5	(delta): 2303.92
5 (EM) 	Elapsed: 0.007	Loglikelihood: -89763	(delta): 2279.51
Initial loglikelihood: -89763
Starting main algorithm
1 (QN/Block) 	Elapsed: 0.026	Loglikelihood: -72543	(delta): 17220
2 (QN/Block) 	Elapsed: 0.025	Loglikelihood: -67525.8	(delta): 5017.15
3 (QN/Block) 	Elapsed: 0.028	Loglikelihood: -66241.5	(delta): 1284.37
4 (QN/Block) 	Elapsed: 0.033	Loglikelihood: -65227.2	(delta): 1014.33
5 (QN/Block) 	Elapsed: 0.03	Loglikelihood: -64673.4	(delta): 553.767
6 (QN/Block) 	Elapsed: 0.052	Loglikelihood: -64540.6	(delta): 132.818
7 (QN/Block) 	Elapsed: 0.045	Loglikelihood: -64522.1	(delta): 18.4348
8 (QN/Block) 	Elapsed: 0.035	Loglikelihood: -64520.7	(delta): 1.44584
9 (QN/Block) 	Elapsed: 0.034	Loglikelihood: -64517.9	(delta): 2.82228
10 (QN/Block) 	Elapsed: 0.032	Loglikelihood: -64513.9	(delta): 3.92388
11 (QN/Block) 	Elapsed: 0.028	Loglikelihood: -64513	(delta): 0.985833
12 (QN/Block) 	Elapsed: 0.03	Loglikelihood: -64512.6	(delta): 0.339283
13 (QN/Block) 	Elapsed: 0.029	Loglikelihood: -64512.6	(delta): 0.00961758
14 (QN/Block) 	Elapsed: 0.03	Loglikelihood: -64512.6	(delta): 0.01941
15 (QN/Block) 	Elapsed: 0.033	Loglikelihood: -64512.5	(delta): 0.0650513
16 (QN/Block) 	Elapsed: 0.031	Loglikelihood: -64512.5	(delta): 2.24247e-05
Summary: 
Converged in 16 iterations (0.597 sec)
Loglikelihood: -64512.519471
Fst divergences between estimated populations: 
	Pop0	Pop1	
Pop0	
Pop1	0.612	
Pop2	0.746	0.601	
CV error (K=3): 0.46876
Writing output files.
