****                   ADMIXTURE Version 1.3.0                  ****
****                    Copyright 2008-2015                     ****
****           David Alexander, Suyash Shringarpure,            ****
****                John  Novembre, Ken Lange                   ****
****                                                            ****
****                 Please cite our paper!                     ****
****   Information at www.genetics.ucla.edu/software/admixture  ****

Cross-validation will be performed.  Folds=5.
Random seed: 1544466834
Point estimation method: Block relaxation algorithm
Convergence acceleration algorithm: QuasiNewton, 3 secant conditions
Point estimation will terminate when objective function delta < 0.0001
Estimation of standard errors disabled; will compute point estimates only.
Size of G: 95x1675
Performing five EM steps to prime main algorithm
1 (EM) 	Elapsed: 0.009	Loglikelihood: -102337	(delta): 68164.7
2 (EM) 	Elapsed: 0.01	Loglikelihood: -97970.6	(delta): 4366.88
3 (EM) 	Elapsed: 0.009	Loglikelihood: -96153.1	(delta): 1817.51
4 (EM) 	Elapsed: 0.009	Loglikelihood: -94460.3	(delta): 1692.81
5 (EM) 	Elapsed: 0.011	Loglikelihood: -92578.2	(delta): 1882.02
Initial loglikelihood: -92578.2
Starting main algorithm
1 (QN/Block) 	Elapsed: 0.029	Loglikelihood: -71327.6	(delta): 21250.6
2 (QN/Block) 	Elapsed: 0.031	Loglikelihood: -67406.1	(delta): 3921.53
3 (QN/Block) 	Elapsed: 0.041	Loglikelihood: -65996.9	(delta): 1409.19
4 (QN/Block) 	Elapsed: 0.035	Loglikelihood: -64825	(delta): 1171.83
5 (QN/Block) 	Elapsed: 0.035	Loglikelihood: -64346.5	(delta): 478.541
6 (QN/Block) 	Elapsed: 0.031	Loglikelihood: -64161.5	(delta): 185.014
7 (QN/Block) 	Elapsed: 0.039	Loglikelihood: -64131.4	(delta): 30.0768
8 (QN/Block) 	Elapsed: 0.032	Loglikelihood: -64123.2	(delta): 8.17458
9 (QN/Block) 	Elapsed: 0.031	Loglikelihood: -64119.2	(delta): 4.08571
10 (QN/Block) 	Elapsed: 0.033	Loglikelihood: -64117	(delta): 2.16685
11 (QN/Block) 	Elapsed: 0.038	Loglikelihood: -64115.7	(delta): 1.2839
12 (QN/Block) 	Elapsed: 0.034	Loglikelihood: -64114.9	(delta): 0.837494
13 (QN/Block) 	Elapsed: 0.043	Loglikelihood: -64114.1	(delta): 0.737406
14 (QN/Block) 	Elapsed: 0.036	Loglikelihood: -64113.5	(delta): 0.636575
15 (QN/Block) 	Elapsed: 0.04	Loglikelihood: -64113.3	(delta): 0.167475
16 (QN/Block) 	Elapsed: 0.032	Loglikelihood: -64113.1	(delta): 0.206643
17 (QN/Block) 	Elapsed: 0.038	Loglikelihood: -64113.1	(delta): 0.0382171
18 (QN/Block) 	Elapsed: 0.036	Loglikelihood: -64113.1	(delta): 0.00660198
19 (QN/Block) 	Elapsed: 0.032	Loglikelihood: -64113.1	(delta): 0.00242605
20 (QN/Block) 	Elapsed: 0.032	Loglikelihood: -64113.1	(delta): 0.00122448
21 (QN/Block) 	Elapsed: 0.032	Loglikelihood: -64113.1	(delta): 0.000107101
22 (QN/Block) 	Elapsed: 0.043	Loglikelihood: -64113.1	(delta): 2.16878e-05
Summary: 
Converged in 22 iterations (0.876 sec)
Loglikelihood: -64113.065121
Fst divergences between estimated populations: 
	Pop0	Pop1	Pop2	
Pop0	
Pop1	0.595	
Pop2	0.129	0.595	
Pop3	0.212	0.655	0.228	
CV error (K=4): 0.50947
Writing output files.
