****                   ADMIXTURE Version 1.3.0                  ****
****                    Copyright 2008-2015                     ****
****           David Alexander, Suyash Shringarpure,            ****
****                John  Novembre, Ken Lange                   ****
****                                                            ****
****                 Please cite our paper!                     ****
****   Information at www.genetics.ucla.edu/software/admixture  ****

Cross-validation will be performed.  Folds=5.
Random seed: 1544466836
Point estimation method: Block relaxation algorithm
Convergence acceleration algorithm: QuasiNewton, 3 secant conditions
Point estimation will terminate when objective function delta < 0.0001
Estimation of standard errors disabled; will compute point estimates only.
Size of G: 95x1675
Performing five EM steps to prime main algorithm
1 (EM) 	Elapsed: 0.012	Loglikelihood: -101883	(delta): 64078.8
2 (EM) 	Elapsed: 0.012	Loglikelihood: -97510.3	(delta): 4373
3 (EM) 	Elapsed: 0.012	Loglikelihood: -95727	(delta): 1783.29
4 (EM) 	Elapsed: 0.012	Loglikelihood: -93917.9	(delta): 1809.11
5 (EM) 	Elapsed: 0.011	Loglikelihood: -91533.5	(delta): 2384.42
Initial loglikelihood: -91533.5
Starting main algorithm
1 (QN/Block) 	Elapsed: 0.037	Loglikelihood: -68779	(delta): 22754.5
2 (QN/Block) 	Elapsed: 0.036	Loglikelihood: -62929.4	(delta): 5849.66
3 (QN/Block) 	Elapsed: 0.041	Loglikelihood: -61332.1	(delta): 1597.22
4 (QN/Block) 	Elapsed: 0.044	Loglikelihood: -60511.5	(delta): 820.657
5 (QN/Block) 	Elapsed: 0.037	Loglikelihood: -60091.2	(delta): 420.327
6 (QN/Block) 	Elapsed: 0.042	Loglikelihood: -59950.7	(delta): 140.495
7 (QN/Block) 	Elapsed: 0.042	Loglikelihood: -59898.9	(delta): 51.7965
8 (QN/Block) 	Elapsed: 0.044	Loglikelihood: -59889.7	(delta): 9.16154
9 (QN/Block) 	Elapsed: 0.041	Loglikelihood: -59884.6	(delta): 5.0641
10 (QN/Block) 	Elapsed: 0.052	Loglikelihood: -59881.3	(delta): 3.32997
11 (QN/Block) 	Elapsed: 0.042	Loglikelihood: -59877.8	(delta): 3.539
12 (QN/Block) 	Elapsed: 0.044	Loglikelihood: -59873.6	(delta): 4.14102
13 (QN/Block) 	Elapsed: 0.044	Loglikelihood: -59868.7	(delta): 4.88794
14 (QN/Block) 	Elapsed: 0.044	Loglikelihood: -59862.7	(delta): 6.0433
15 (QN/Block) 	Elapsed: 0.043	Loglikelihood: -59853.7	(delta): 9.0456
16 (QN/Block) 	Elapsed: 0.041	Loglikelihood: -59839.1	(delta): 14.5956
17 (QN/Block) 	Elapsed: 0.042	Loglikelihood: -59820.8	(delta): 18.271
18 (QN/Block) 	Elapsed: 0.042	Loglikelihood: -59809.9	(delta): 10.8966
19 (QN/Block) 	Elapsed: 0.038	Loglikelihood: -59806.1	(delta): 3.8185
20 (QN/Block) 	Elapsed: 0.039	Loglikelihood: -59804.5	(delta): 1.59027
21 (QN/Block) 	Elapsed: 0.043	Loglikelihood: -59804.2	(delta): 0.325254
22 (QN/Block) 	Elapsed: 0.044	Loglikelihood: -59804.1	(delta): 0.0833311
23 (QN/Block) 	Elapsed: 0.042	Loglikelihood: -59804	(delta): 0.043268
24 (QN/Block) 	Elapsed: 0.042	Loglikelihood: -59804	(delta): 0.0213204
25 (QN/Block) 	Elapsed: 0.04	Loglikelihood: -59804	(delta): 0.00922508
26 (QN/Block) 	Elapsed: 0.042	Loglikelihood: -59804	(delta): 0.00377274
27 (QN/Block) 	Elapsed: 0.039	Loglikelihood: -59804	(delta): 0.00383129
28 (QN/Block) 	Elapsed: 0.037	Loglikelihood: -59804	(delta): 0.00139051
29 (QN/Block) 	Elapsed: 0.04	Loglikelihood: -59804	(delta): 0.000554401
30 (QN/Block) 	Elapsed: 0.038	Loglikelihood: -59804	(delta): 0.000123505
31 (QN/Block) 	Elapsed: 0.037	Loglikelihood: -59804	(delta): 9.01451e-05
Summary: 
Converged in 31 iterations (1.414 sec)
Loglikelihood: -59803.993630
Fst divergences between estimated populations: 
	Pop0	Pop1	Pop2	Pop3	
Pop0	
Pop1	0.628	
Pop2	0.638	0.124	
Pop3	0.755	0.633	0.640	
Pop4	0.666	0.201	0.216	0.670	
CV error (K=5): 0.49210
Writing output files.
