****                   ADMIXTURE Version 1.3.0                  ****
****                    Copyright 2008-2015                     ****
****           David Alexander, Suyash Shringarpure,            ****
****                John  Novembre, Ken Lange                   ****
****                                                            ****
****                 Please cite our paper!                     ****
****   Information at www.genetics.ucla.edu/software/admixture  ****

Cross-validation will be performed.  Folds=5.
Random seed: 1544466782
Point estimation method: Block relaxation algorithm
Convergence acceleration algorithm: QuasiNewton, 3 secant conditions
Point estimation will terminate when objective function delta < 0.0001
Estimation of standard errors disabled; will compute point estimates only.
Size of G: 95x4161
Performing five EM steps to prime main algorithm
1 (EM) 	Elapsed: 0.013	Loglikelihood: -282936	(delta): 222117
2 (EM) 	Elapsed: 0.012	Loglikelihood: -273991	(delta): 8945.34
3 (EM) 	Elapsed: 0.013	Loglikelihood: -271141	(delta): 2849.29
4 (EM) 	Elapsed: 0.012	Loglikelihood: -268677	(delta): 2464.72
5 (EM) 	Elapsed: 0.013	Loglikelihood: -265602	(delta): 3074.12
Initial loglikelihood: -265602
Starting main algorithm
1 (QN/Block) 	Elapsed: 0.053	Loglikelihood: -212343	(delta): 53259.3
2 (QN/Block) 	Elapsed: 0.06	Loglikelihood: -198834	(delta): 13509.2
3 (QN/Block) 	Elapsed: 0.067	Loglikelihood: -195603	(delta): 3231.13
4 (QN/Block) 	Elapsed: 0.058	Loglikelihood: -193301	(delta): 2301.5
5 (QN/Block) 	Elapsed: 0.067	Loglikelihood: -192321	(delta): 980.48
6 (QN/Block) 	Elapsed: 0.074	Loglikelihood: -192081	(delta): 239.594
7 (QN/Block) 	Elapsed: 0.075	Loglikelihood: -192020	(delta): 61.104
8 (QN/Block) 	Elapsed: 0.066	Loglikelihood: -192010	(delta): 10.4853
9 (QN/Block) 	Elapsed: 0.067	Loglikelihood: -192009	(delta): 0.245112
10 (QN/Block) 	Elapsed: 0.06	Loglikelihood: -192009	(delta): 0.050741
11 (QN/Block) 	Elapsed: 0.059	Loglikelihood: -192009	(delta): 0.00400785
12 (QN/Block) 	Elapsed: 0.063	Loglikelihood: -192009	(delta): 0.000221693
13 (QN/Block) 	Elapsed: 0.065	Loglikelihood: -192009	(delta): 1.92529e-05
Summary: 
Converged in 13 iterations (0.976 sec)
Loglikelihood: -192009.376637
Fst divergences between estimated populations: 
	Pop0	
Pop0	
Pop1	0.473	
CV error (K=2): 0.54908
Writing output files.
