****                   ADMIXTURE Version 1.3.0                  ****
****                    Copyright 2008-2015                     ****
****           David Alexander, Suyash Shringarpure,            ****
****                John  Novembre, Ken Lange                   ****
****                                                            ****
****                 Please cite our paper!                     ****
****   Information at www.genetics.ucla.edu/software/admixture  ****

Cross-validation will be performed.  Folds=5.
Random seed: 1544466784
Point estimation method: Block relaxation algorithm
Convergence acceleration algorithm: QuasiNewton, 3 secant conditions
Point estimation will terminate when objective function delta < 0.0001
Estimation of standard errors disabled; will compute point estimates only.
Size of G: 95x4161
Performing five EM steps to prime main algorithm
1 (EM) 	Elapsed: 0.019	Loglikelihood: -285912	(delta): 193837
2 (EM) 	Elapsed: 0.02	Loglikelihood: -275594	(delta): 10317.2
3 (EM) 	Elapsed: 0.018	Loglikelihood: -272477	(delta): 3117.48
4 (EM) 	Elapsed: 0.02	Loglikelihood: -270603	(delta): 1873.73
5 (EM) 	Elapsed: 0.017	Loglikelihood: -269179	(delta): 1424.31
Initial loglikelihood: -269179
Starting main algorithm
1 (QN/Block) 	Elapsed: 0.068	Loglikelihood: -228965	(delta): 40214.1
2 (QN/Block) 	Elapsed: 0.07	Loglikelihood: -195786	(delta): 33178.8
3 (QN/Block) 	Elapsed: 0.08	Loglikelihood: -187286	(delta): 8500.31
4 (QN/Block) 	Elapsed: 0.092	Loglikelihood: -179615	(delta): 7670.46
5 (QN/Block) 	Elapsed: 0.087	Loglikelihood: -176602	(delta): 3012.88
6 (QN/Block) 	Elapsed: 0.08	Loglikelihood: -175882	(delta): 719.837
7 (QN/Block) 	Elapsed: 0.074	Loglikelihood: -175626	(delta): 256.453
8 (QN/Block) 	Elapsed: 0.086	Loglikelihood: -175539	(delta): 87.2289
9 (QN/Block) 	Elapsed: 0.075	Loglikelihood: -175515	(delta): 23.5684
10 (QN/Block) 	Elapsed: 0.082	Loglikelihood: -175513	(delta): 2.37429
11 (QN/Block) 	Elapsed: 0.089	Loglikelihood: -175513	(delta): 0.0919004
12 (QN/Block) 	Elapsed: 0.088	Loglikelihood: -175513	(delta): 7.46283e-05
Summary: 
Converged in 12 iterations (1.142 sec)
Loglikelihood: -175512.759649
Fst divergences between estimated populations: 
	Pop0	Pop1	
Pop0	
Pop1	0.550	
Pop2	0.583	0.535	
CV error (K=3): 0.51696
Writing output files.
