****                   ADMIXTURE Version 1.3.0                  ****
****                    Copyright 2008-2015                     ****
****           David Alexander, Suyash Shringarpure,            ****
****                John  Novembre, Ken Lange                   ****
****                                                            ****
****                 Please cite our paper!                     ****
****   Information at www.genetics.ucla.edu/software/admixture  ****

Cross-validation will be performed.  Folds=5.
Random seed: 1544466790
Point estimation method: Block relaxation algorithm
Convergence acceleration algorithm: QuasiNewton, 3 secant conditions
Point estimation will terminate when objective function delta < 0.0001
Estimation of standard errors disabled; will compute point estimates only.
Size of G: 95x4161
Performing five EM steps to prime main algorithm
1 (EM) 	Elapsed: 0.033	Loglikelihood: -284974	(delta): 168751
2 (EM) 	Elapsed: 0.032	Loglikelihood: -273502	(delta): 11471.6
3 (EM) 	Elapsed: 0.031	Loglikelihood: -268905	(delta): 4596.73
4 (EM) 	Elapsed: 0.033	Loglikelihood: -264551	(delta): 4354.57
5 (EM) 	Elapsed: 0.031	Loglikelihood: -259120	(delta): 5430.31
Initial loglikelihood: -259120
Starting main algorithm
1 (QN/Block) 	Elapsed: 0.106	Loglikelihood: -192457	(delta): 66662.9
2 (QN/Block) 	Elapsed: 0.093	Loglikelihood: -179223	(delta): 13234.3
3 (QN/Block) 	Elapsed: 0.104	Loglikelihood: -175127	(delta): 4096.01
4 (QN/Block) 	Elapsed: 0.138	Loglikelihood: -172435	(delta): 2691.76
5 (QN/Block) 	Elapsed: 0.109	Loglikelihood: -171121	(delta): 1314.55
6 (QN/Block) 	Elapsed: 0.098	Loglikelihood: -170541	(delta): 579.471
7 (QN/Block) 	Elapsed: 0.112	Loglikelihood: -170374	(delta): 167.517
8 (QN/Block) 	Elapsed: 0.111	Loglikelihood: -170340	(delta): 33.7558
9 (QN/Block) 	Elapsed: 0.1	Loglikelihood: -170329	(delta): 10.6418
10 (QN/Block) 	Elapsed: 0.106	Loglikelihood: -170324	(delta): 5.30783
11 (QN/Block) 	Elapsed: 0.102	Loglikelihood: -170323	(delta): 1.58203
12 (QN/Block) 	Elapsed: 0.108	Loglikelihood: -170322	(delta): 0.163567
13 (QN/Block) 	Elapsed: 0.122	Loglikelihood: -170322	(delta): 0.00622785
14 (QN/Block) 	Elapsed: 0.117	Loglikelihood: -170322	(delta): 0.00109155
15 (QN/Block) 	Elapsed: 0.111	Loglikelihood: -170322	(delta): 0.000241787
16 (QN/Block) 	Elapsed: 0.112	Loglikelihood: -170322	(delta): 2.08255e-05
Summary: 
Converged in 16 iterations (2.016 sec)
Loglikelihood: -170322.397494
Fst divergences between estimated populations: 
	Pop0	Pop1	Pop2	Pop3	
Pop0	
Pop1	0.499	
Pop2	0.520	0.163	
Pop3	0.496	0.217	0.250	
Pop4	0.520	0.220	0.251	0.246	
CV error (K=5): 0.56477
Writing output files.
