****                   ADMIXTURE Version 1.3.0                  ****
****                    Copyright 2008-2015                     ****
****           David Alexander, Suyash Shringarpure,            ****
****                John  Novembre, Ken Lange                   ****
****                                                            ****
****                 Please cite our paper!                     ****
****   Information at www.genetics.ucla.edu/software/admixture  ****

Cross-validation will be performed.  Folds=5.
Random seed: 1544466616
Point estimation method: Block relaxation algorithm
Convergence acceleration algorithm: QuasiNewton, 3 secant conditions
Point estimation will terminate when objective function delta < 0.0001
Estimation of standard errors disabled; will compute point estimates only.
Size of G: 64x1142
Performing five EM steps to prime main algorithm
1 (EM) 	Elapsed: 0.002	Loglikelihood: -57430.9	(delta): 49030.9
2 (EM) 	Elapsed: 0.003	Loglikelihood: -55427.6	(delta): 2003.3
3 (EM) 	Elapsed: 0.002	Loglikelihood: -54943.6	(delta): 484.008
4 (EM) 	Elapsed: 0.003	Loglikelihood: -54699.1	(delta): 244.501
5 (EM) 	Elapsed: 0.002	Loglikelihood: -54552	(delta): 147.093
Initial loglikelihood: -54552
Starting main algorithm
1 (QN/Block) 	Elapsed: 0.012	Loglikelihood: -53783.6	(delta): 768.393
2 (QN/Block) 	Elapsed: 0.011	Loglikelihood: -53222	(delta): 561.594
3 (QN/Block) 	Elapsed: 0.016	Loglikelihood: -52998	(delta): 224.059
4 (QN/Block) 	Elapsed: 0.015	Loglikelihood: -52935.2	(delta): 62.7939
5 (QN/Block) 	Elapsed: 0.014	Loglikelihood: -52909.5	(delta): 25.6429
6 (QN/Block) 	Elapsed: 0.018	Loglikelihood: -52905.6	(delta): 3.97678
7 (QN/Block) 	Elapsed: 0.013	Loglikelihood: -52902.1	(delta): 3.45691
8 (QN/Block) 	Elapsed: 0.012	Loglikelihood: -52896.8	(delta): 5.25748
9 (QN/Block) 	Elapsed: 0.016	Loglikelihood: -52893.9	(delta): 2.95549
10 (QN/Block) 	Elapsed: 0.012	Loglikelihood: -52889.5	(delta): 4.33302
11 (QN/Block) 	Elapsed: 0.012	Loglikelihood: -52887.8	(delta): 1.70193
12 (QN/Block) 	Elapsed: 0.016	Loglikelihood: -52886.1	(delta): 1.72932
13 (QN/Block) 	Elapsed: 0.013	Loglikelihood: -52885	(delta): 1.13825
14 (QN/Block) 	Elapsed: 0.013	Loglikelihood: -52883.7	(delta): 1.31122
15 (QN/Block) 	Elapsed: 0.016	Loglikelihood: -52881.9	(delta): 1.79942
16 (QN/Block) 	Elapsed: 0.013	Loglikelihood: -52878.7	(delta): 3.16794
17 (QN/Block) 	Elapsed: 0.013	Loglikelihood: -52874.2	(delta): 4.50419
18 (QN/Block) 	Elapsed: 0.012	Loglikelihood: -52868.7	(delta): 5.46696
19 (QN/Block) 	Elapsed: 0.017	Loglikelihood: -52865.4	(delta): 3.28626
20 (QN/Block) 	Elapsed: 0.013	Loglikelihood: -52863.1	(delta): 2.38699
21 (QN/Block) 	Elapsed: 0.015	Loglikelihood: -52862.3	(delta): 0.73089
22 (QN/Block) 	Elapsed: 0.014	Loglikelihood: -52861.8	(delta): 0.49527
23 (QN/Block) 	Elapsed: 0.012	Loglikelihood: -52861.7	(delta): 0.102046
24 (QN/Block) 	Elapsed: 0.014	Loglikelihood: -52861.7	(delta): 0.0518373
25 (QN/Block) 	Elapsed: 0.012	Loglikelihood: -52861.7	(delta): 0.00120527
26 (QN/Block) 	Elapsed: 0.011	Loglikelihood: -52861.7	(delta): 0.000235517
27 (QN/Block) 	Elapsed: 0.015	Loglikelihood: -52861.7	(delta): 1.32339e-05
Summary: 
Converged in 27 iterations (0.421 sec)
Loglikelihood: -52861.673834
Fst divergences between estimated populations: 
	Pop0	
Pop0	
Pop1	0.116	
CV error (K=2): 0.69627
Writing output files.
