****                   ADMIXTURE Version 1.3.0                  ****
****                    Copyright 2008-2015                     ****
****           David Alexander, Suyash Shringarpure,            ****
****                John  Novembre, Ken Lange                   ****
****                                                            ****
****                 Please cite our paper!                     ****
****   Information at www.genetics.ucla.edu/software/admixture  ****

Cross-validation will be performed.  Folds=5.
Random seed: 1544466617
Point estimation method: Block relaxation algorithm
Convergence acceleration algorithm: QuasiNewton, 3 secant conditions
Point estimation will terminate when objective function delta < 0.0001
Estimation of standard errors disabled; will compute point estimates only.
Size of G: 64x1142
Performing five EM steps to prime main algorithm
1 (EM) 	Elapsed: 0.003	Loglikelihood: -57572.7	(delta): 41522.2
2 (EM) 	Elapsed: 0.003	Loglikelihood: -55231.5	(delta): 2341.19
3 (EM) 	Elapsed: 0.003	Loglikelihood: -54486.4	(delta): 745.075
4 (EM) 	Elapsed: 0.004	Loglikelihood: -54060.3	(delta): 426.144
5 (EM) 	Elapsed: 0.003	Loglikelihood: -53776.3	(delta): 283.948
Initial loglikelihood: -53776.3
Starting main algorithm
1 (QN/Block) 	Elapsed: 0.017	Loglikelihood: -52110.9	(delta): 1665.44
2 (QN/Block) 	Elapsed: 0.022	Loglikelihood: -51591.1	(delta): 519.819
3 (QN/Block) 	Elapsed: 0.023	Loglikelihood: -51425	(delta): 166.115
4 (QN/Block) 	Elapsed: 0.019	Loglikelihood: -51304.8	(delta): 120.175
5 (QN/Block) 	Elapsed: 0.017	Loglikelihood: -51199.7	(delta): 105.093
6 (QN/Block) 	Elapsed: 0.017	Loglikelihood: -51131.6	(delta): 68.0611
7 (QN/Block) 	Elapsed: 0.018	Loglikelihood: -51100.9	(delta): 30.7495
8 (QN/Block) 	Elapsed: 0.022	Loglikelihood: -51079.7	(delta): 21.2214
9 (QN/Block) 	Elapsed: 0.019	Loglikelihood: -51043.7	(delta): 35.9268
10 (QN/Block) 	Elapsed: 0.022	Loglikelihood: -50992.5	(delta): 51.2422
11 (QN/Block) 	Elapsed: 0.026	Loglikelihood: -50965.1	(delta): 27.3795
12 (QN/Block) 	Elapsed: 0.021	Loglikelihood: -50948.6	(delta): 16.5476
13 (QN/Block) 	Elapsed: 0.022	Loglikelihood: -50944.7	(delta): 3.828
14 (QN/Block) 	Elapsed: 0.027	Loglikelihood: -50942	(delta): 2.69785
15 (QN/Block) 	Elapsed: 0.021	Loglikelihood: -50938.7	(delta): 3.36593
16 (QN/Block) 	Elapsed: 0.022	Loglikelihood: -50935.6	(delta): 3.07255
17 (QN/Block) 	Elapsed: 0.02	Loglikelihood: -50932.4	(delta): 3.16585
18 (QN/Block) 	Elapsed: 0.021	Loglikelihood: -50930.4	(delta): 2.04055
19 (QN/Block) 	Elapsed: 0.017	Loglikelihood: -50929.5	(delta): 0.843722
20 (QN/Block) 	Elapsed: 0.017	Loglikelihood: -50929	(delta): 0.589753
21 (QN/Block) 	Elapsed: 0.018	Loglikelihood: -50928.6	(delta): 0.379255
22 (QN/Block) 	Elapsed: 0.017	Loglikelihood: -50928.5	(delta): 0.117
23 (QN/Block) 	Elapsed: 0.018	Loglikelihood: -50928.3	(delta): 0.179949
24 (QN/Block) 	Elapsed: 0.017	Loglikelihood: -50928.1	(delta): 0.171181
25 (QN/Block) 	Elapsed: 0.02	Loglikelihood: -50928	(delta): 0.101036
26 (QN/Block) 	Elapsed: 0.019	Loglikelihood: -50928	(delta): 0.0327806
27 (QN/Block) 	Elapsed: 0.019	Loglikelihood: -50928	(delta): 0.0164418
28 (QN/Block) 	Elapsed: 0.018	Loglikelihood: -50927.9	(delta): 0.00324111
29 (QN/Block) 	Elapsed: 0.017	Loglikelihood: -50927.9	(delta): 0.000441098
30 (QN/Block) 	Elapsed: 0.018	Loglikelihood: -50927.9	(delta): 0.000180685
31 (QN/Block) 	Elapsed: 0.016	Loglikelihood: -50927.9	(delta): 7.55631e-06
Summary: 
Converged in 31 iterations (0.671 sec)
Loglikelihood: -50927.948760
Fst divergences between estimated populations: 
	Pop0	Pop1	
Pop0	
Pop1	0.115	
Pop2	0.133	0.138	
CV error (K=3): 0.70951
Writing output files.
