****                   ADMIXTURE Version 1.3.0                  ****
****                    Copyright 2008-2015                     ****
****           David Alexander, Suyash Shringarpure,            ****
****                John  Novembre, Ken Lange                   ****
****                                                            ****
****                 Please cite our paper!                     ****
****   Information at www.genetics.ucla.edu/software/admixture  ****

Cross-validation will be performed.  Folds=5.
Random seed: 1544466618
Point estimation method: Block relaxation algorithm
Convergence acceleration algorithm: QuasiNewton, 3 secant conditions
Point estimation will terminate when objective function delta < 0.0001
Estimation of standard errors disabled; will compute point estimates only.
Size of G: 64x1142
Performing five EM steps to prime main algorithm
1 (EM) 	Elapsed: 0.009	Loglikelihood: -57828.4	(delta): 38241.4
2 (EM) 	Elapsed: 0.006	Loglikelihood: -55369.9	(delta): 2458.49
3 (EM) 	Elapsed: 0.006	Loglikelihood: -54552	(delta): 817.918
4 (EM) 	Elapsed: 0.005	Loglikelihood: -54040.6	(delta): 511.429
5 (EM) 	Elapsed: 0.007	Loglikelihood: -53674.4	(delta): 366.124
Initial loglikelihood: -53674.4
Starting main algorithm
1 (QN/Block) 	Elapsed: 0.023	Loglikelihood: -51261.5	(delta): 2412.97
2 (QN/Block) 	Elapsed: 0.02	Loglikelihood: -50167.9	(delta): 1093.62
3 (QN/Block) 	Elapsed: 0.022	Loglikelihood: -49532.1	(delta): 635.704
4 (QN/Block) 	Elapsed: 0.02	Loglikelihood: -49105.7	(delta): 426.427
5 (QN/Block) 	Elapsed: 0.021	Loglikelihood: -48854.2	(delta): 251.502
6 (QN/Block) 	Elapsed: 0.022	Loglikelihood: -48757.8	(delta): 96.3925
7 (QN/Block) 	Elapsed: 0.02	Loglikelihood: -48736	(delta): 21.791
8 (QN/Block) 	Elapsed: 0.019	Loglikelihood: -48729.1	(delta): 6.95516
9 (QN/Block) 	Elapsed: 0.019	Loglikelihood: -48727.4	(delta): 1.63495
10 (QN/Block) 	Elapsed: 0.018	Loglikelihood: -48726.4	(delta): 1.02037
11 (QN/Block) 	Elapsed: 0.02	Loglikelihood: -48726	(delta): 0.414851
12 (QN/Block) 	Elapsed: 0.018	Loglikelihood: -48725.7	(delta): 0.306139
13 (QN/Block) 	Elapsed: 0.02	Loglikelihood: -48725.5	(delta): 0.180127
14 (QN/Block) 	Elapsed: 0.027	Loglikelihood: -48725.4	(delta): 0.103436
15 (QN/Block) 	Elapsed: 0.023	Loglikelihood: -48725.4	(delta): 0.0627491
16 (QN/Block) 	Elapsed: 0.021	Loglikelihood: -48725.3	(delta): 0.0147396
17 (QN/Block) 	Elapsed: 0.023	Loglikelihood: -48725.3	(delta): 0.00506474
18 (QN/Block) 	Elapsed: 0.021	Loglikelihood: -48725.3	(delta): 0.000677134
19 (QN/Block) 	Elapsed: 0.02	Loglikelihood: -48725.3	(delta): 0.000304015
20 (QN/Block) 	Elapsed: 0.022	Loglikelihood: -48725.3	(delta): 3.05263e-05
Summary: 
Converged in 20 iterations (0.488 sec)
Loglikelihood: -48725.339281
Fst divergences between estimated populations: 
	Pop0	Pop1	Pop2	
Pop0	
Pop1	0.242	
Pop2	0.147	0.229	
Pop3	0.151	0.253	0.154	
CV error (K=4): 0.74627
Writing output files.
